[2025-01-19T07:33:05.996+0000] {local_task_job_runner.py:123} INFO - ::group::Pre task execution logs
[2025-01-19T07:33:06.006+0000] {taskinstance.py:2613} INFO - Dependencies all met for dep_context=non-requeueable deps ti=<TaskInstance: generate_portfolio.fetch_stock_data manual__2025-01-19T07:33:05.339215+00:00 [queued]>
[2025-01-19T07:33:06.012+0000] {taskinstance.py:2613} INFO - Dependencies all met for dep_context=requeueable deps ti=<TaskInstance: generate_portfolio.fetch_stock_data manual__2025-01-19T07:33:05.339215+00:00 [queued]>
[2025-01-19T07:33:06.012+0000] {taskinstance.py:2866} INFO - Starting attempt 1 of 1
[2025-01-19T07:33:06.020+0000] {taskinstance.py:2889} INFO - Executing <Task(EcsRunTaskOperator): fetch_stock_data> on 2025-01-19 07:33:05.339215+00:00
[2025-01-19T07:33:06.025+0000] {warnings.py:112} WARNING - /home/***/.local/lib/python3.12/site-packages/***/task/task_runner/standard_task_runner.py:70: DeprecationWarning: This process (pid=5379) is multi-threaded, use of fork() may lead to deadlocks in the child.
  pid = os.fork()

[2025-01-19T07:33:06.027+0000] {standard_task_runner.py:104} INFO - Running: ['***', 'tasks', 'run', 'generate_portfolio', 'fetch_stock_data', 'manual__2025-01-19T07:33:05.339215+00:00', '--job-id', '10', '--raw', '--subdir', 'DAGS_FOLDER/portfolio.py', '--cfg-path', '/tmp/tmpcpusp4ss']
[2025-01-19T07:33:06.028+0000] {standard_task_runner.py:105} INFO - Job 10: Subtask fetch_stock_data
[2025-01-19T07:33:06.027+0000] {standard_task_runner.py:72} INFO - Started process 5380 to run task
[2025-01-19T07:33:06.066+0000] {task_command.py:467} INFO - Running <TaskInstance: generate_portfolio.fetch_stock_data manual__2025-01-19T07:33:05.339215+00:00 [running]> on host 5c920dd7060b
[2025-01-19T07:33:06.122+0000] {taskinstance.py:3132} INFO - Exporting env vars: AIRFLOW_CTX_DAG_OWNER='Pedro' AIRFLOW_CTX_DAG_ID='generate_portfolio' AIRFLOW_CTX_TASK_ID='fetch_stock_data' AIRFLOW_CTX_EXECUTION_DATE='2025-01-19T07:33:05.339215+00:00' AIRFLOW_CTX_TRY_NUMBER='1' AIRFLOW_CTX_DAG_RUN_ID='manual__2025-01-19T07:33:05.339215+00:00'
[2025-01-19T07:33:06.124+0000] {taskinstance.py:731} INFO - ::endgroup::
[2025-01-19T07:33:06.125+0000] {ecs.py:506} INFO - Running ECS Task - Task definition: qam-tasks - on cluster AirflowECSCluster
[2025-01-19T07:33:06.126+0000] {ecs.py:509} INFO - EcsOperator overrides: {'containerOverrides': [{'name': 'task-executor', 'command': ['fetch_stocks.py']}]}
[2025-01-19T07:33:06.131+0000] {base.py:84} INFO - Retrieving connection 'aws_ecr'
[2025-01-19T07:33:06.132+0000] {connection_wrapper.py:325} INFO - AWS Connection (conn_id='aws_ecr', conn_type='aws') credentials retrieved from login and password.
[2025-01-19T07:33:07.363+0000] {ecs.py:625} INFO - ECS Task started: {'tasks': [{'attachments': [{'id': 'bbbe7f0f-7acf-4913-a082-786f823259f3', 'type': 'ElasticNetworkInterface', 'status': 'PRECREATED', 'details': [{'name': 'subnetId', 'value': 'subnet-0714335b648c47443'}]}], 'attributes': [{'name': 'ecs.cpu-architecture', 'value': 'x86_64'}], 'availabilityZone': 'sa-east-1a', 'clusterArn': 'arn:aws:ecs:sa-east-1:059575417638:cluster/AirflowECSCluster', 'containers': [{'containerArn': 'arn:aws:ecs:sa-east-1:059575417638:container/AirflowECSCluster/28bfccb558eb4b70a330efe9c3a7b5ee/54a4646c-e809-4357-bfbb-7e997f79e51a', 'taskArn': 'arn:aws:ecs:sa-east-1:059575417638:task/AirflowECSCluster/28bfccb558eb4b70a330efe9c3a7b5ee', 'name': 'task-executor', 'image': '059575417638.dkr.ecr.sa-east-1.amazonaws.com/***-demo/qam', 'lastStatus': 'PENDING', 'networkInterfaces': [], 'cpu': '0'}], 'cpu': '1024', 'createdAt': datetime.datetime(2025, 1, 19, 7, 33, 7, 602000, tzinfo=tzlocal()), 'desiredStatus': 'RUNNING', 'enableExecuteCommand': False, 'group': 'family:qam-tasks', 'lastStatus': 'PROVISIONING', 'launchType': 'FARGATE', 'memory': '2048', 'overrides': {'containerOverrides': [{'name': 'task-executor', 'command': ['fetch_stocks.py']}], 'inferenceAcceleratorOverrides': []}, 'platformVersion': '1.4.0', 'platformFamily': 'Linux', 'startedBy': 'Pedro', 'tags': [], 'taskArn': 'arn:aws:ecs:sa-east-1:059575417638:task/AirflowECSCluster/28bfccb558eb4b70a330efe9c3a7b5ee', 'taskDefinitionArn': 'arn:aws:ecs:sa-east-1:059575417638:task-definition/qam-tasks:1', 'version': 1, 'ephemeralStorage': {'sizeInGiB': 20}, 'fargateEphemeralStorage': {'sizeInGiB': 20}}], 'failures': [], 'ResponseMetadata': {'RequestId': 'c67756bb-b3f8-43e8-9d41-2b62202ab9dc', 'HTTPStatusCode': 200, 'HTTPHeaders': {'x-amzn-requestid': 'c67756bb-b3f8-43e8-9d41-2b62202ab9dc', 'content-type': 'application/x-amz-json-1.1', 'content-length': '1482', 'date': 'Sun, 19 Jan 2025 07:33:07 GMT'}, 'RetryAttempts': 0}}
[2025-01-19T07:33:07.364+0000] {ecs.py:629} INFO - ECS task ID is: 28bfccb558eb4b70a330efe9c3a7b5ee
[2025-01-19T07:33:50.265+0000] {ecs.py:691} INFO - ECS Task stopped, check status: {'tasks': [{'attachments': [{'id': 'bbbe7f0f-7acf-4913-a082-786f823259f3', 'type': 'ElasticNetworkInterface', 'status': 'DELETED', 'details': [{'name': 'subnetId', 'value': 'subnet-0714335b648c47443'}, {'name': 'networkInterfaceId', 'value': 'eni-0971c85fc7a633001'}, {'name': 'macAddress', 'value': '02:ae:c3:58:a8:df'}, {'name': 'privateDnsName', 'value': 'ip-172-31-9-34.sa-east-1.compute.internal'}, {'name': 'privateIPv4Address', 'value': '172.31.9.34'}]}], 'attributes': [{'name': 'ecs.cpu-architecture', 'value': 'x86_64'}], 'availabilityZone': 'sa-east-1a', 'clusterArn': 'arn:aws:ecs:sa-east-1:059575417638:cluster/AirflowECSCluster', 'connectivity': 'CONNECTED', 'connectivityAt': datetime.datetime(2025, 1, 19, 7, 33, 11, 369000, tzinfo=tzlocal()), 'containers': [{'containerArn': 'arn:aws:ecs:sa-east-1:059575417638:container/AirflowECSCluster/28bfccb558eb4b70a330efe9c3a7b5ee/54a4646c-e809-4357-bfbb-7e997f79e51a', 'taskArn': 'arn:aws:ecs:sa-east-1:059575417638:task/AirflowECSCluster/28bfccb558eb4b70a330efe9c3a7b5ee', 'name': 'task-executor', 'image': '059575417638.dkr.ecr.sa-east-1.amazonaws.com/***-demo/qam', 'imageDigest': 'sha256:a0f007cf8cfc995739ac77362d4566b2b3c75a999d9a7a3bb8d1d2f06ed215a2', 'runtimeId': '28bfccb558eb4b70a330efe9c3a7b5ee-0625443822', 'lastStatus': 'STOPPED', 'exitCode': 2, 'networkBindings': [], 'networkInterfaces': [{'attachmentId': 'bbbe7f0f-7acf-4913-a082-786f823259f3', 'privateIpv4Address': '172.31.9.34'}], 'healthStatus': 'UNKNOWN', 'cpu': '0'}], 'cpu': '1024', 'createdAt': datetime.datetime(2025, 1, 19, 7, 33, 7, 602000, tzinfo=tzlocal()), 'desiredStatus': 'STOPPED', 'enableExecuteCommand': False, 'executionStoppedAt': datetime.datetime(2025, 1, 19, 7, 33, 23, 616000, tzinfo=tzlocal()), 'group': 'family:qam-tasks', 'healthStatus': 'UNKNOWN', 'lastStatus': 'STOPPED', 'launchType': 'FARGATE', 'memory': '2048', 'overrides': {'containerOverrides': [{'name': 'task-executor', 'command': ['fetch_stocks.py']}], 'inferenceAcceleratorOverrides': []}, 'platformVersion': '1.4.0', 'platformFamily': 'Linux', 'pullStartedAt': datetime.datetime(2025, 1, 19, 7, 33, 18, 421000, tzinfo=tzlocal()), 'pullStoppedAt': datetime.datetime(2025, 1, 19, 7, 33, 23, 185000, tzinfo=tzlocal()), 'startedAt': datetime.datetime(2025, 1, 19, 7, 33, 23, 635000, tzinfo=tzlocal()), 'startedBy': 'Pedro', 'stopCode': 'EssentialContainerExited', 'stoppedAt': datetime.datetime(2025, 1, 19, 7, 33, 49, 775000, tzinfo=tzlocal()), 'stoppedReason': 'Essential container in task exited', 'stoppingAt': datetime.datetime(2025, 1, 19, 7, 33, 33, 683000, tzinfo=tzlocal()), 'tags': [], 'taskArn': 'arn:aws:ecs:sa-east-1:059575417638:task/AirflowECSCluster/28bfccb558eb4b70a330efe9c3a7b5ee', 'taskDefinitionArn': 'arn:aws:ecs:sa-east-1:059575417638:task-definition/qam-tasks:1', 'version': 5, 'ephemeralStorage': {'sizeInGiB': 20}, 'fargateEphemeralStorage': {'sizeInGiB': 20}}], 'failures': [], 'ResponseMetadata': {'RequestId': '0537dc52-b7cd-47ae-abd7-a43a03197813', 'HTTPStatusCode': 200, 'HTTPHeaders': {'x-amzn-requestid': '0537dc52-b7cd-47ae-abd7-a43a03197813', 'content-type': 'application/x-amz-json-1.1', 'content-length': '2380', 'date': 'Sun, 19 Jan 2025 07:33:50 GMT'}, 'RetryAttempts': 0}}
[2025-01-19T07:33:50.276+0000] {taskinstance.py:3311} ERROR - Task failed with exception
Traceback (most recent call last):
  File "/home/airflow/.local/lib/python3.12/site-packages/airflow/models/taskinstance.py", line 767, in _execute_task
    result = _execute_callable(context=context, **execute_callable_kwargs)
             ^^^^^^^^^^^^^^^^^^^^^^^^^^^^^^^^^^^^^^^^^^^^^^^^^^^^^^^^^^^^^
  File "/home/airflow/.local/lib/python3.12/site-packages/airflow/models/taskinstance.py", line 733, in _execute_callable
    return ExecutionCallableRunner(
           ^^^^^^^^^^^^^^^^^^^^^^^^
  File "/home/airflow/.local/lib/python3.12/site-packages/airflow/utils/operator_helpers.py", line 252, in run
    return self.func(*args, **kwargs)
           ^^^^^^^^^^^^^^^^^^^^^^^^^^
  File "/home/airflow/.local/lib/python3.12/site-packages/airflow/models/baseoperator.py", line 422, in wrapper
    return func(self, *args, **kwargs)
           ^^^^^^^^^^^^^^^^^^^^^^^^^^^
  File "/home/airflow/.local/lib/python3.12/site-packages/airflow/providers/amazon/aws/operators/ecs.py", line 560, in execute
    self._after_execution()
  File "/home/airflow/.local/lib/python3.12/site-packages/airflow/providers/amazon/aws/operators/ecs.py", line 589, in _after_execution
    self._check_success_task()
  File "/home/airflow/.local/lib/python3.12/site-packages/airflow/providers/amazon/aws/hooks/base_aws.py", line 832, in decorator_f
    return fun(self, *args, **kwargs)
           ^^^^^^^^^^^^^^^^^^^^^^^^^^
  File "/home/airflow/.local/lib/python3.12/site-packages/airflow/providers/amazon/aws/operators/ecs.py", line 726, in _check_success_task
    raise AirflowException(f"This task is not in success state {task}")
airflow.exceptions.AirflowException: This task is not in success state {'attachments': [{'id': 'bbbe7f0f-7acf-4913-a082-786f823259f3', 'type': 'ElasticNetworkInterface', 'status': 'DELETED', 'details': [{'name': 'subnetId', 'value': 'subnet-0714335b648c47443'}, {'name': 'networkInterfaceId', 'value': 'eni-0971c85fc7a633001'}, {'name': 'macAddress', 'value': '02:ae:c3:58:a8:df'}, {'name': 'privateDnsName', 'value': 'ip-172-31-9-34.sa-east-1.compute.internal'}, {'name': 'privateIPv4Address', 'value': '172.31.9.34'}]}], 'attributes': [{'name': 'ecs.cpu-architecture', 'value': 'x86_64'}], 'availabilityZone': 'sa-east-1a', 'clusterArn': 'arn:aws:ecs:sa-east-1:059575417638:cluster/AirflowECSCluster', 'connectivity': 'CONNECTED', 'connectivityAt': datetime.datetime(2025, 1, 19, 7, 33, 11, 369000, tzinfo=tzlocal()), 'containers': [{'containerArn': 'arn:aws:ecs:sa-east-1:059575417638:container/AirflowECSCluster/28bfccb558eb4b70a330efe9c3a7b5ee/54a4646c-e809-4357-bfbb-7e997f79e51a', 'taskArn': 'arn:aws:ecs:sa-east-1:059575417638:task/AirflowECSCluster/28bfccb558eb4b70a330efe9c3a7b5ee', 'name': 'task-executor', 'image': '059575417638.dkr.ecr.sa-east-1.amazonaws.com/***-demo/qam', 'imageDigest': 'sha256:a0f007cf8cfc995739ac77362d4566b2b3c75a999d9a7a3bb8d1d2f06ed215a2', 'runtimeId': '28bfccb558eb4b70a330efe9c3a7b5ee-0625443822', 'lastStatus': 'STOPPED', 'exitCode': 2, 'networkBindings': [], 'networkInterfaces': [{'attachmentId': 'bbbe7f0f-7acf-4913-a082-786f823259f3', 'privateIpv4Address': '172.31.9.34'}], 'healthStatus': 'UNKNOWN', 'cpu': '0'}], 'cpu': '1024', 'createdAt': datetime.datetime(2025, 1, 19, 7, 33, 7, 602000, tzinfo=tzlocal()), 'desiredStatus': 'STOPPED', 'enableExecuteCommand': False, 'executionStoppedAt': datetime.datetime(2025, 1, 19, 7, 33, 23, 616000, tzinfo=tzlocal()), 'group': 'family:qam-tasks', 'healthStatus': 'UNKNOWN', 'lastStatus': 'STOPPED', 'launchType': 'FARGATE', 'memory': '2048', 'overrides': {'containerOverrides': [{'name': 'task-executor', 'command': ['fetch_stocks.py']}], 'inferenceAcceleratorOverrides': []}, 'platformVersion': '1.4.0', 'platformFamily': 'Linux', 'pullStartedAt': datetime.datetime(2025, 1, 19, 7, 33, 18, 421000, tzinfo=tzlocal()), 'pullStoppedAt': datetime.datetime(2025, 1, 19, 7, 33, 23, 185000, tzinfo=tzlocal()), 'startedAt': datetime.datetime(2025, 1, 19, 7, 33, 23, 635000, tzinfo=tzlocal()), 'startedBy': 'Pedro', 'stopCode': 'EssentialContainerExited', 'stoppedAt': datetime.datetime(2025, 1, 19, 7, 33, 49, 775000, tzinfo=tzlocal()), 'stoppedReason': 'Essential container in task exited', 'stoppingAt': datetime.datetime(2025, 1, 19, 7, 33, 33, 683000, tzinfo=tzlocal()), 'tags': [], 'taskArn': 'arn:aws:ecs:sa-east-1:059575417638:task/AirflowECSCluster/28bfccb558eb4b70a330efe9c3a7b5ee', 'taskDefinitionArn': 'arn:aws:ecs:sa-east-1:059575417638:task-definition/qam-tasks:1', 'version': 5, 'ephemeralStorage': {'sizeInGiB': 20}, 'fargateEphemeralStorage': {'sizeInGiB': 20}}
[2025-01-19T07:33:50.279+0000] {taskinstance.py:1225} INFO - Marking task as FAILED. dag_id=generate_portfolio, task_id=fetch_stock_data, run_id=manual__2025-01-19T07:33:05.339215+00:00, execution_date=20250119T073305, start_date=20250119T073306, end_date=20250119T073350
[2025-01-19T07:33:50.289+0000] {taskinstance.py:340} INFO - ::group::Post task execution logs
[2025-01-19T07:33:50.290+0000] {standard_task_runner.py:124} ERROR - Failed to execute job 10 for task fetch_stock_data (This task is not in success state {'attachments': [{'id': 'bbbe7f0f-7acf-4913-a082-786f823259f3', 'type': 'ElasticNetworkInterface', 'status': 'DELETED', 'details': [{'name': 'subnetId', 'value': 'subnet-0714335b648c47443'}, {'name': 'networkInterfaceId', 'value': 'eni-0971c85fc7a633001'}, {'name': 'macAddress', 'value': '02:ae:c3:58:a8:df'}, {'name': 'privateDnsName', 'value': 'ip-172-31-9-34.sa-east-1.compute.internal'}, {'name': 'privateIPv4Address', 'value': '172.31.9.34'}]}], 'attributes': [{'name': 'ecs.cpu-architecture', 'value': 'x86_64'}], 'availabilityZone': 'sa-east-1a', 'clusterArn': 'arn:aws:ecs:sa-east-1:059575417638:cluster/AirflowECSCluster', 'connectivity': 'CONNECTED', 'connectivityAt': datetime.datetime(2025, 1, 19, 7, 33, 11, 369000, tzinfo=tzlocal()), 'containers': [{'containerArn': 'arn:aws:ecs:sa-east-1:059575417638:container/AirflowECSCluster/28bfccb558eb4b70a330efe9c3a7b5ee/54a4646c-e809-4357-bfbb-7e997f79e51a', 'taskArn': 'arn:aws:ecs:sa-east-1:059575417638:task/AirflowECSCluster/28bfccb558eb4b70a330efe9c3a7b5ee', 'name': 'task-executor', 'image': '059575417638.dkr.ecr.sa-east-1.amazonaws.com/***-demo/qam', 'imageDigest': 'sha256:a0f007cf8cfc995739ac77362d4566b2b3c75a999d9a7a3bb8d1d2f06ed215a2', 'runtimeId': '28bfccb558eb4b70a330efe9c3a7b5ee-0625443822', 'lastStatus': 'STOPPED', 'exitCode': 2, 'networkBindings': [], 'networkInterfaces': [{'attachmentId': 'bbbe7f0f-7acf-4913-a082-786f823259f3', 'privateIpv4Address': '172.31.9.34'}], 'healthStatus': 'UNKNOWN', 'cpu': '0'}], 'cpu': '1024', 'createdAt': datetime.datetime(2025, 1, 19, 7, 33, 7, 602000, tzinfo=tzlocal()), 'desiredStatus': 'STOPPED', 'enableExecuteCommand': False, 'executionStoppedAt': datetime.datetime(2025, 1, 19, 7, 33, 23, 616000, tzinfo=tzlocal()), 'group': 'family:qam-tasks', 'healthStatus': 'UNKNOWN', 'lastStatus': 'STOPPED', 'launchType': 'FARGATE', 'memory': '2048', 'overrides': {'containerOverrides': [{'name': 'task-executor', 'command': ['fetch_stocks.py']}], 'inferenceAcceleratorOverrides': []}, 'platformVersion': '1.4.0', 'platformFamily': 'Linux', 'pullStartedAt': datetime.datetime(2025, 1, 19, 7, 33, 18, 421000, tzinfo=tzlocal()), 'pullStoppedAt': datetime.datetime(2025, 1, 19, 7, 33, 23, 185000, tzinfo=tzlocal()), 'startedAt': datetime.datetime(2025, 1, 19, 7, 33, 23, 635000, tzinfo=tzlocal()), 'startedBy': 'Pedro', 'stopCode': 'EssentialContainerExited', 'stoppedAt': datetime.datetime(2025, 1, 19, 7, 33, 49, 775000, tzinfo=tzlocal()), 'stoppedReason': 'Essential container in task exited', 'stoppingAt': datetime.datetime(2025, 1, 19, 7, 33, 33, 683000, tzinfo=tzlocal()), 'tags': [], 'taskArn': 'arn:aws:ecs:sa-east-1:059575417638:task/AirflowECSCluster/28bfccb558eb4b70a330efe9c3a7b5ee', 'taskDefinitionArn': 'arn:aws:ecs:sa-east-1:059575417638:task-definition/qam-tasks:1', 'version': 5, 'ephemeralStorage': {'sizeInGiB': 20}, 'fargateEphemeralStorage': {'sizeInGiB': 20}}; 5380)
Traceback (most recent call last):
  File "/home/airflow/.local/lib/python3.12/site-packages/airflow/task/task_runner/standard_task_runner.py", line 117, in _start_by_fork
    ret = args.func(args, dag=self.dag)
          ^^^^^^^^^^^^^^^^^^^^^^^^^^^^^
  File "/home/airflow/.local/lib/python3.12/site-packages/airflow/cli/cli_config.py", line 49, in command
    return func(*args, **kwargs)
           ^^^^^^^^^^^^^^^^^^^^^
  File "/home/airflow/.local/lib/python3.12/site-packages/airflow/utils/cli.py", line 116, in wrapper
    return f(*args, **kwargs)
           ^^^^^^^^^^^^^^^^^^
  File "/home/airflow/.local/lib/python3.12/site-packages/airflow/cli/commands/task_command.py", line 483, in task_run
    task_return_code = _run_task_by_selected_method(args, _dag, ti)
                       ^^^^^^^^^^^^^^^^^^^^^^^^^^^^^^^^^^^^^^^^^^^^
  File "/home/airflow/.local/lib/python3.12/site-packages/airflow/cli/commands/task_command.py", line 256, in _run_task_by_selected_method
    return _run_raw_task(args, ti)
           ^^^^^^^^^^^^^^^^^^^^^^^
  File "/home/airflow/.local/lib/python3.12/site-packages/airflow/cli/commands/task_command.py", line 341, in _run_raw_task
    return ti._run_raw_task(
           ^^^^^^^^^^^^^^^^^
  File "/home/airflow/.local/lib/python3.12/site-packages/airflow/utils/session.py", line 97, in wrapper
    return func(*args, session=session, **kwargs)
           ^^^^^^^^^^^^^^^^^^^^^^^^^^^^^^^^^^^^^^
  File "/home/airflow/.local/lib/python3.12/site-packages/airflow/models/taskinstance.py", line 3005, in _run_raw_task
    return _run_raw_task(
           ^^^^^^^^^^^^^^
  File "/home/airflow/.local/lib/python3.12/site-packages/airflow/models/taskinstance.py", line 273, in _run_raw_task
    TaskInstance._execute_task_with_callbacks(
  File "/home/airflow/.local/lib/python3.12/site-packages/airflow/models/taskinstance.py", line 3159, in _execute_task_with_callbacks
    result = self._execute_task(context, task_orig)
             ^^^^^^^^^^^^^^^^^^^^^^^^^^^^^^^^^^^^^^
  File "/home/airflow/.local/lib/python3.12/site-packages/airflow/models/taskinstance.py", line 3183, in _execute_task
    return _execute_task(self, context, task_orig)
           ^^^^^^^^^^^^^^^^^^^^^^^^^^^^^^^^^^^^^^^
  File "/home/airflow/.local/lib/python3.12/site-packages/airflow/models/taskinstance.py", line 767, in _execute_task
    result = _execute_callable(context=context, **execute_callable_kwargs)
             ^^^^^^^^^^^^^^^^^^^^^^^^^^^^^^^^^^^^^^^^^^^^^^^^^^^^^^^^^^^^^
  File "/home/airflow/.local/lib/python3.12/site-packages/airflow/models/taskinstance.py", line 733, in _execute_callable
    return ExecutionCallableRunner(
           ^^^^^^^^^^^^^^^^^^^^^^^^
  File "/home/airflow/.local/lib/python3.12/site-packages/airflow/utils/operator_helpers.py", line 252, in run
    return self.func(*args, **kwargs)
           ^^^^^^^^^^^^^^^^^^^^^^^^^^
  File "/home/airflow/.local/lib/python3.12/site-packages/airflow/models/baseoperator.py", line 422, in wrapper
    return func(self, *args, **kwargs)
           ^^^^^^^^^^^^^^^^^^^^^^^^^^^
  File "/home/airflow/.local/lib/python3.12/site-packages/airflow/providers/amazon/aws/operators/ecs.py", line 560, in execute
    self._after_execution()
  File "/home/airflow/.local/lib/python3.12/site-packages/airflow/providers/amazon/aws/operators/ecs.py", line 589, in _after_execution
    self._check_success_task()
  File "/home/airflow/.local/lib/python3.12/site-packages/airflow/providers/amazon/aws/hooks/base_aws.py", line 832, in decorator_f
    return fun(self, *args, **kwargs)
           ^^^^^^^^^^^^^^^^^^^^^^^^^^
  File "/home/airflow/.local/lib/python3.12/site-packages/airflow/providers/amazon/aws/operators/ecs.py", line 726, in _check_success_task
    raise AirflowException(f"This task is not in success state {task}")
airflow.exceptions.AirflowException: This task is not in success state {'attachments': [{'id': 'bbbe7f0f-7acf-4913-a082-786f823259f3', 'type': 'ElasticNetworkInterface', 'status': 'DELETED', 'details': [{'name': 'subnetId', 'value': 'subnet-0714335b648c47443'}, {'name': 'networkInterfaceId', 'value': 'eni-0971c85fc7a633001'}, {'name': 'macAddress', 'value': '02:ae:c3:58:a8:df'}, {'name': 'privateDnsName', 'value': 'ip-172-31-9-34.sa-east-1.compute.internal'}, {'name': 'privateIPv4Address', 'value': '172.31.9.34'}]}], 'attributes': [{'name': 'ecs.cpu-architecture', 'value': 'x86_64'}], 'availabilityZone': 'sa-east-1a', 'clusterArn': 'arn:aws:ecs:sa-east-1:059575417638:cluster/AirflowECSCluster', 'connectivity': 'CONNECTED', 'connectivityAt': datetime.datetime(2025, 1, 19, 7, 33, 11, 369000, tzinfo=tzlocal()), 'containers': [{'containerArn': 'arn:aws:ecs:sa-east-1:059575417638:container/AirflowECSCluster/28bfccb558eb4b70a330efe9c3a7b5ee/54a4646c-e809-4357-bfbb-7e997f79e51a', 'taskArn': 'arn:aws:ecs:sa-east-1:059575417638:task/AirflowECSCluster/28bfccb558eb4b70a330efe9c3a7b5ee', 'name': 'task-executor', 'image': '059575417638.dkr.ecr.sa-east-1.amazonaws.com/***-demo/qam', 'imageDigest': 'sha256:a0f007cf8cfc995739ac77362d4566b2b3c75a999d9a7a3bb8d1d2f06ed215a2', 'runtimeId': '28bfccb558eb4b70a330efe9c3a7b5ee-0625443822', 'lastStatus': 'STOPPED', 'exitCode': 2, 'networkBindings': [], 'networkInterfaces': [{'attachmentId': 'bbbe7f0f-7acf-4913-a082-786f823259f3', 'privateIpv4Address': '172.31.9.34'}], 'healthStatus': 'UNKNOWN', 'cpu': '0'}], 'cpu': '1024', 'createdAt': datetime.datetime(2025, 1, 19, 7, 33, 7, 602000, tzinfo=tzlocal()), 'desiredStatus': 'STOPPED', 'enableExecuteCommand': False, 'executionStoppedAt': datetime.datetime(2025, 1, 19, 7, 33, 23, 616000, tzinfo=tzlocal()), 'group': 'family:qam-tasks', 'healthStatus': 'UNKNOWN', 'lastStatus': 'STOPPED', 'launchType': 'FARGATE', 'memory': '2048', 'overrides': {'containerOverrides': [{'name': 'task-executor', 'command': ['fetch_stocks.py']}], 'inferenceAcceleratorOverrides': []}, 'platformVersion': '1.4.0', 'platformFamily': 'Linux', 'pullStartedAt': datetime.datetime(2025, 1, 19, 7, 33, 18, 421000, tzinfo=tzlocal()), 'pullStoppedAt': datetime.datetime(2025, 1, 19, 7, 33, 23, 185000, tzinfo=tzlocal()), 'startedAt': datetime.datetime(2025, 1, 19, 7, 33, 23, 635000, tzinfo=tzlocal()), 'startedBy': 'Pedro', 'stopCode': 'EssentialContainerExited', 'stoppedAt': datetime.datetime(2025, 1, 19, 7, 33, 49, 775000, tzinfo=tzlocal()), 'stoppedReason': 'Essential container in task exited', 'stoppingAt': datetime.datetime(2025, 1, 19, 7, 33, 33, 683000, tzinfo=tzlocal()), 'tags': [], 'taskArn': 'arn:aws:ecs:sa-east-1:059575417638:task/AirflowECSCluster/28bfccb558eb4b70a330efe9c3a7b5ee', 'taskDefinitionArn': 'arn:aws:ecs:sa-east-1:059575417638:task-definition/qam-tasks:1', 'version': 5, 'ephemeralStorage': {'sizeInGiB': 20}, 'fargateEphemeralStorage': {'sizeInGiB': 20}}
[2025-01-19T07:33:50.342+0000] {local_task_job_runner.py:266} INFO - Task exited with return code 1
[2025-01-19T07:33:50.358+0000] {taskinstance.py:3895} INFO - 0 downstream tasks scheduled from follow-on schedule check
[2025-01-19T07:33:50.359+0000] {local_task_job_runner.py:245} INFO - ::endgroup::
