[2025-01-18T20:34:15.185+0000] {processor.py:186} INFO - Started process (PID=101) to work on /home/airflow/.local/lib/python3.12/site-packages/airflow/example_dags/example_latest_only.py
[2025-01-18T20:34:15.185+0000] {processor.py:914} INFO - Processing file /home/airflow/.local/lib/python3.12/site-packages/airflow/example_dags/example_latest_only.py for tasks to queue
[2025-01-18T20:34:15.187+0000] {logging_mixin.py:190} INFO - [2025-01-18T20:34:15.186+0000] {dagbag.py:588} INFO - Filling up the DagBag from /home/airflow/.local/lib/python3.12/site-packages/airflow/example_dags/example_latest_only.py
[2025-01-18T20:34:15.191+0000] {processor.py:925} INFO - DAG(s) 'latest_only' retrieved from /home/airflow/.local/lib/python3.12/site-packages/airflow/example_dags/example_latest_only.py
[2025-01-18T20:34:15.240+0000] {logging_mixin.py:190} INFO - [2025-01-18T20:34:15.239+0000] {override.py:1911} INFO - Created Permission View: can delete on DAG:latest_only
[2025-01-18T20:34:15.244+0000] {logging_mixin.py:190} INFO - [2025-01-18T20:34:15.244+0000] {override.py:1911} INFO - Created Permission View: can edit on DAG:latest_only
[2025-01-18T20:34:15.247+0000] {logging_mixin.py:190} INFO - [2025-01-18T20:34:15.247+0000] {override.py:1911} INFO - Created Permission View: can read on DAG:latest_only
[2025-01-18T20:34:15.249+0000] {logging_mixin.py:190} INFO - [2025-01-18T20:34:15.249+0000] {override.py:1911} INFO - Created Permission View: can create on DAG Run:latest_only
[2025-01-18T20:34:15.259+0000] {logging_mixin.py:190} INFO - [2025-01-18T20:34:15.259+0000] {override.py:1911} INFO - Created Permission View: can delete on DAG Run:latest_only
[2025-01-18T20:34:15.261+0000] {logging_mixin.py:190} INFO - [2025-01-18T20:34:15.261+0000] {override.py:1911} INFO - Created Permission View: menu access on DAG Run:latest_only
[2025-01-18T20:34:15.267+0000] {logging_mixin.py:190} INFO - [2025-01-18T20:34:15.266+0000] {override.py:1911} INFO - Created Permission View: can read on DAG Run:latest_only
[2025-01-18T20:34:15.269+0000] {logging_mixin.py:190} INFO - [2025-01-18T20:34:15.268+0000] {dag.py:3239} INFO - Sync 1 DAGs
[2025-01-18T20:34:15.275+0000] {logging_mixin.py:190} INFO - [2025-01-18T20:34:15.275+0000] {dag.py:3262} INFO - Creating ORM DAG for latest_only
[2025-01-18T20:34:15.280+0000] {logging_mixin.py:190} INFO - [2025-01-18T20:34:15.280+0000] {dag.py:4180} INFO - Setting next_dagrun for latest_only to 2025-01-18 16:00:00+00:00, run_after=2025-01-18 20:00:00+00:00
[2025-01-18T20:34:15.288+0000] {processor.py:208} INFO - Processing /home/airflow/.local/lib/python3.12/site-packages/airflow/example_dags/example_latest_only.py took 0.106 seconds
[2025-01-18T20:34:45.364+0000] {processor.py:186} INFO - Started process (PID=162) to work on /home/airflow/.local/lib/python3.12/site-packages/airflow/example_dags/example_latest_only.py
[2025-01-18T20:34:45.365+0000] {processor.py:914} INFO - Processing file /home/airflow/.local/lib/python3.12/site-packages/airflow/example_dags/example_latest_only.py for tasks to queue
[2025-01-18T20:34:45.367+0000] {logging_mixin.py:190} INFO - [2025-01-18T20:34:45.366+0000] {dagbag.py:588} INFO - Filling up the DagBag from /home/airflow/.local/lib/python3.12/site-packages/airflow/example_dags/example_latest_only.py
[2025-01-18T20:34:45.371+0000] {processor.py:925} INFO - DAG(s) 'latest_only' retrieved from /home/airflow/.local/lib/python3.12/site-packages/airflow/example_dags/example_latest_only.py
[2025-01-18T20:34:45.383+0000] {logging_mixin.py:190} INFO - [2025-01-18T20:34:45.383+0000] {dag.py:3239} INFO - Sync 1 DAGs
[2025-01-18T20:34:45.397+0000] {logging_mixin.py:190} INFO - [2025-01-18T20:34:45.397+0000] {dag.py:4180} INFO - Setting next_dagrun for latest_only to 2025-01-18 16:00:00+00:00, run_after=2025-01-18 20:00:00+00:00
[2025-01-18T20:34:45.405+0000] {processor.py:208} INFO - Processing /home/airflow/.local/lib/python3.12/site-packages/airflow/example_dags/example_latest_only.py took 0.044 seconds
