[2025-01-18T20:34:10.596+0000] {processor.py:186} INFO - Started process (PID=53) to work on /home/airflow/.local/lib/python3.12/site-packages/airflow/example_dags/example_latest_only_with_trigger.py
[2025-01-18T20:34:10.597+0000] {processor.py:914} INFO - Processing file /home/airflow/.local/lib/python3.12/site-packages/airflow/example_dags/example_latest_only_with_trigger.py for tasks to queue
[2025-01-18T20:34:10.598+0000] {logging_mixin.py:190} INFO - [2025-01-18T20:34:10.598+0000] {dagbag.py:588} INFO - Filling up the DagBag from /home/airflow/.local/lib/python3.12/site-packages/airflow/example_dags/example_latest_only_with_trigger.py
[2025-01-18T20:34:10.611+0000] {processor.py:925} INFO - DAG(s) 'latest_only_with_trigger' retrieved from /home/airflow/.local/lib/python3.12/site-packages/airflow/example_dags/example_latest_only_with_trigger.py
[2025-01-18T20:34:10.767+0000] {logging_mixin.py:190} INFO - [2025-01-18T20:34:10.766+0000] {override.py:1911} INFO - Created Permission View: can delete on DAG:latest_only_with_trigger
[2025-01-18T20:34:10.795+0000] {logging_mixin.py:190} INFO - [2025-01-18T20:34:10.794+0000] {override.py:1911} INFO - Created Permission View: can edit on DAG:latest_only_with_trigger
[2025-01-18T20:34:10.912+0000] {logging_mixin.py:190} INFO - [2025-01-18T20:34:10.911+0000] {override.py:1911} INFO - Created Permission View: can read on DAG:latest_only_with_trigger
[2025-01-18T20:34:10.915+0000] {logging_mixin.py:190} INFO - [2025-01-18T20:34:10.915+0000] {override.py:1911} INFO - Created Permission View: can create on DAG Run:latest_only_with_trigger
[2025-01-18T20:34:10.919+0000] {logging_mixin.py:190} INFO - [2025-01-18T20:34:10.918+0000] {override.py:1911} INFO - Created Permission View: can delete on DAG Run:latest_only_with_trigger
[2025-01-18T20:34:10.921+0000] {logging_mixin.py:190} INFO - [2025-01-18T20:34:10.921+0000] {override.py:1911} INFO - Created Permission View: menu access on DAG Run:latest_only_with_trigger
[2025-01-18T20:34:10.928+0000] {logging_mixin.py:190} INFO - [2025-01-18T20:34:10.928+0000] {override.py:1911} INFO - Created Permission View: can read on DAG Run:latest_only_with_trigger
[2025-01-18T20:34:10.928+0000] {logging_mixin.py:190} INFO - [2025-01-18T20:34:10.928+0000] {dag.py:3239} INFO - Sync 1 DAGs
[2025-01-18T20:34:10.936+0000] {logging_mixin.py:190} INFO - [2025-01-18T20:34:10.935+0000] {dag.py:3262} INFO - Creating ORM DAG for latest_only_with_trigger
[2025-01-18T20:34:10.942+0000] {logging_mixin.py:190} INFO - [2025-01-18T20:34:10.941+0000] {dag.py:4180} INFO - Setting next_dagrun for latest_only_with_trigger to 2025-01-18 16:00:00+00:00, run_after=2025-01-18 20:00:00+00:00
[2025-01-18T20:34:10.950+0000] {processor.py:208} INFO - Processing /home/airflow/.local/lib/python3.12/site-packages/airflow/example_dags/example_latest_only_with_trigger.py took 0.357 seconds
[2025-01-18T20:34:41.098+0000] {processor.py:186} INFO - Started process (PID=115) to work on /home/airflow/.local/lib/python3.12/site-packages/airflow/example_dags/example_latest_only_with_trigger.py
[2025-01-18T20:34:41.099+0000] {processor.py:914} INFO - Processing file /home/airflow/.local/lib/python3.12/site-packages/airflow/example_dags/example_latest_only_with_trigger.py for tasks to queue
[2025-01-18T20:34:41.101+0000] {logging_mixin.py:190} INFO - [2025-01-18T20:34:41.101+0000] {dagbag.py:588} INFO - Filling up the DagBag from /home/airflow/.local/lib/python3.12/site-packages/airflow/example_dags/example_latest_only_with_trigger.py
[2025-01-18T20:34:41.107+0000] {processor.py:925} INFO - DAG(s) 'latest_only_with_trigger' retrieved from /home/airflow/.local/lib/python3.12/site-packages/airflow/example_dags/example_latest_only_with_trigger.py
[2025-01-18T20:34:41.122+0000] {logging_mixin.py:190} INFO - [2025-01-18T20:34:41.122+0000] {dag.py:3239} INFO - Sync 1 DAGs
[2025-01-18T20:34:41.140+0000] {logging_mixin.py:190} INFO - [2025-01-18T20:34:41.140+0000] {dag.py:4180} INFO - Setting next_dagrun for latest_only_with_trigger to 2025-01-18 16:00:00+00:00, run_after=2025-01-18 20:00:00+00:00
[2025-01-18T20:34:41.151+0000] {processor.py:208} INFO - Processing /home/airflow/.local/lib/python3.12/site-packages/airflow/example_dags/example_latest_only_with_trigger.py took 0.060 seconds
