[2025-01-18T20:34:14.013+0000] {processor.py:186} INFO - Started process (PID=82) to work on /home/airflow/.local/lib/python3.12/site-packages/airflow/example_dags/example_kubernetes_executor.py
[2025-01-18T20:34:14.013+0000] {processor.py:914} INFO - Processing file /home/airflow/.local/lib/python3.12/site-packages/airflow/example_dags/example_kubernetes_executor.py for tasks to queue
[2025-01-18T20:34:14.014+0000] {logging_mixin.py:190} INFO - [2025-01-18T20:34:14.014+0000] {dagbag.py:588} INFO - Filling up the DagBag from /home/airflow/.local/lib/python3.12/site-packages/airflow/example_dags/example_kubernetes_executor.py
[2025-01-18T20:34:14.023+0000] {processor.py:925} INFO - DAG(s) 'example_kubernetes_executor' retrieved from /home/airflow/.local/lib/python3.12/site-packages/airflow/example_dags/example_kubernetes_executor.py
[2025-01-18T20:34:14.075+0000] {logging_mixin.py:190} INFO - [2025-01-18T20:34:14.074+0000] {override.py:1911} INFO - Created Permission View: can delete on DAG:example_kubernetes_executor
[2025-01-18T20:34:14.080+0000] {logging_mixin.py:190} INFO - [2025-01-18T20:34:14.080+0000] {override.py:1911} INFO - Created Permission View: can edit on DAG:example_kubernetes_executor
[2025-01-18T20:34:14.083+0000] {logging_mixin.py:190} INFO - [2025-01-18T20:34:14.083+0000] {override.py:1911} INFO - Created Permission View: can read on DAG:example_kubernetes_executor
[2025-01-18T20:34:14.086+0000] {logging_mixin.py:190} INFO - [2025-01-18T20:34:14.086+0000] {override.py:1911} INFO - Created Permission View: can create on DAG Run:example_kubernetes_executor
[2025-01-18T20:34:14.089+0000] {logging_mixin.py:190} INFO - [2025-01-18T20:34:14.089+0000] {override.py:1911} INFO - Created Permission View: can delete on DAG Run:example_kubernetes_executor
[2025-01-18T20:34:14.092+0000] {logging_mixin.py:190} INFO - [2025-01-18T20:34:14.091+0000] {override.py:1911} INFO - Created Permission View: menu access on DAG Run:example_kubernetes_executor
[2025-01-18T20:34:14.094+0000] {logging_mixin.py:190} INFO - [2025-01-18T20:34:14.094+0000] {override.py:1911} INFO - Created Permission View: can read on DAG Run:example_kubernetes_executor
[2025-01-18T20:34:14.095+0000] {logging_mixin.py:190} INFO - [2025-01-18T20:34:14.095+0000] {dag.py:3239} INFO - Sync 1 DAGs
[2025-01-18T20:34:14.102+0000] {logging_mixin.py:190} INFO - [2025-01-18T20:34:14.102+0000] {dag.py:3262} INFO - Creating ORM DAG for example_kubernetes_executor
[2025-01-18T20:34:14.102+0000] {logging_mixin.py:190} INFO - [2025-01-18T20:34:14.102+0000] {dag.py:4180} INFO - Setting next_dagrun for example_kubernetes_executor to None, run_after=None
[2025-01-18T20:34:14.110+0000] {processor.py:208} INFO - Processing /home/airflow/.local/lib/python3.12/site-packages/airflow/example_dags/example_kubernetes_executor.py took 0.101 seconds
[2025-01-18T20:34:44.780+0000] {processor.py:186} INFO - Started process (PID=144) to work on /home/airflow/.local/lib/python3.12/site-packages/airflow/example_dags/example_kubernetes_executor.py
[2025-01-18T20:34:44.784+0000] {processor.py:914} INFO - Processing file /home/airflow/.local/lib/python3.12/site-packages/airflow/example_dags/example_kubernetes_executor.py for tasks to queue
[2025-01-18T20:34:44.785+0000] {logging_mixin.py:190} INFO - [2025-01-18T20:34:44.785+0000] {dagbag.py:588} INFO - Filling up the DagBag from /home/airflow/.local/lib/python3.12/site-packages/airflow/example_dags/example_kubernetes_executor.py
[2025-01-18T20:34:44.792+0000] {processor.py:925} INFO - DAG(s) 'example_kubernetes_executor' retrieved from /home/airflow/.local/lib/python3.12/site-packages/airflow/example_dags/example_kubernetes_executor.py
[2025-01-18T20:34:44.806+0000] {logging_mixin.py:190} INFO - [2025-01-18T20:34:44.806+0000] {dag.py:3239} INFO - Sync 1 DAGs
[2025-01-18T20:34:44.813+0000] {logging_mixin.py:190} INFO - [2025-01-18T20:34:44.813+0000] {dag.py:4180} INFO - Setting next_dagrun for example_kubernetes_executor to None, run_after=None
[2025-01-18T20:34:44.823+0000] {processor.py:208} INFO - Processing /home/airflow/.local/lib/python3.12/site-packages/airflow/example_dags/example_kubernetes_executor.py took 0.047 seconds
