[2025-01-18T20:34:15.075+0000] {processor.py:186} INFO - Started process (PID=99) to work on /home/airflow/.local/lib/python3.12/site-packages/airflow/example_dags/example_skip_dag.py
[2025-01-18T20:34:15.075+0000] {processor.py:914} INFO - Processing file /home/airflow/.local/lib/python3.12/site-packages/airflow/example_dags/example_skip_dag.py for tasks to queue
[2025-01-18T20:34:15.076+0000] {logging_mixin.py:190} INFO - [2025-01-18T20:34:15.076+0000] {dagbag.py:588} INFO - Filling up the DagBag from /home/airflow/.local/lib/python3.12/site-packages/airflow/example_dags/example_skip_dag.py
[2025-01-18T20:34:15.081+0000] {processor.py:925} INFO - DAG(s) 'example_skip_dag' retrieved from /home/airflow/.local/lib/python3.12/site-packages/airflow/example_dags/example_skip_dag.py
[2025-01-18T20:34:15.130+0000] {logging_mixin.py:190} INFO - [2025-01-18T20:34:15.130+0000] {override.py:1911} INFO - Created Permission View: can delete on DAG:example_skip_dag
[2025-01-18T20:34:15.137+0000] {logging_mixin.py:190} INFO - [2025-01-18T20:34:15.137+0000] {override.py:1911} INFO - Created Permission View: can edit on DAG:example_skip_dag
[2025-01-18T20:34:15.139+0000] {logging_mixin.py:190} INFO - [2025-01-18T20:34:15.139+0000] {override.py:1911} INFO - Created Permission View: can read on DAG:example_skip_dag
[2025-01-18T20:34:15.142+0000] {logging_mixin.py:190} INFO - [2025-01-18T20:34:15.141+0000] {override.py:1911} INFO - Created Permission View: can create on DAG Run:example_skip_dag
[2025-01-18T20:34:15.144+0000] {logging_mixin.py:190} INFO - [2025-01-18T20:34:15.143+0000] {override.py:1911} INFO - Created Permission View: can delete on DAG Run:example_skip_dag
[2025-01-18T20:34:15.146+0000] {logging_mixin.py:190} INFO - [2025-01-18T20:34:15.146+0000] {override.py:1911} INFO - Created Permission View: menu access on DAG Run:example_skip_dag
[2025-01-18T20:34:15.148+0000] {logging_mixin.py:190} INFO - [2025-01-18T20:34:15.148+0000] {override.py:1911} INFO - Created Permission View: can read on DAG Run:example_skip_dag
[2025-01-18T20:34:15.149+0000] {logging_mixin.py:190} INFO - [2025-01-18T20:34:15.149+0000] {dag.py:3239} INFO - Sync 1 DAGs
[2025-01-18T20:34:15.154+0000] {logging_mixin.py:190} INFO - [2025-01-18T20:34:15.154+0000] {dag.py:3262} INFO - Creating ORM DAG for example_skip_dag
[2025-01-18T20:34:15.158+0000] {logging_mixin.py:190} INFO - [2025-01-18T20:34:15.158+0000] {dag.py:4180} INFO - Setting next_dagrun for example_skip_dag to 2025-01-17 00:00:00+00:00, run_after=2025-01-18 00:00:00+00:00
[2025-01-18T20:34:15.166+0000] {processor.py:208} INFO - Processing /home/airflow/.local/lib/python3.12/site-packages/airflow/example_dags/example_skip_dag.py took 0.095 seconds
[2025-01-18T20:34:45.323+0000] {processor.py:186} INFO - Started process (PID=161) to work on /home/airflow/.local/lib/python3.12/site-packages/airflow/example_dags/example_skip_dag.py
[2025-01-18T20:34:45.325+0000] {processor.py:914} INFO - Processing file /home/airflow/.local/lib/python3.12/site-packages/airflow/example_dags/example_skip_dag.py for tasks to queue
[2025-01-18T20:34:45.328+0000] {logging_mixin.py:190} INFO - [2025-01-18T20:34:45.327+0000] {dagbag.py:588} INFO - Filling up the DagBag from /home/airflow/.local/lib/python3.12/site-packages/airflow/example_dags/example_skip_dag.py
[2025-01-18T20:34:45.332+0000] {processor.py:925} INFO - DAG(s) 'example_skip_dag' retrieved from /home/airflow/.local/lib/python3.12/site-packages/airflow/example_dags/example_skip_dag.py
[2025-01-18T20:34:45.344+0000] {logging_mixin.py:190} INFO - [2025-01-18T20:34:45.344+0000] {dag.py:3239} INFO - Sync 1 DAGs
[2025-01-18T20:34:45.360+0000] {logging_mixin.py:190} INFO - [2025-01-18T20:34:45.359+0000] {dag.py:4180} INFO - Setting next_dagrun for example_skip_dag to 2025-01-17 00:00:00+00:00, run_after=2025-01-18 00:00:00+00:00
[2025-01-18T20:34:45.370+0000] {processor.py:208} INFO - Processing /home/airflow/.local/lib/python3.12/site-packages/airflow/example_dags/example_skip_dag.py took 0.050 seconds
