[2025-01-18T20:34:14.244+0000] {processor.py:186} INFO - Started process (PID=85) to work on /home/airflow/.local/lib/python3.12/site-packages/airflow/example_dags/example_trigger_target_dag.py
[2025-01-18T20:34:14.245+0000] {processor.py:914} INFO - Processing file /home/airflow/.local/lib/python3.12/site-packages/airflow/example_dags/example_trigger_target_dag.py for tasks to queue
[2025-01-18T20:34:14.246+0000] {logging_mixin.py:190} INFO - [2025-01-18T20:34:14.246+0000] {dagbag.py:588} INFO - Filling up the DagBag from /home/airflow/.local/lib/python3.12/site-packages/airflow/example_dags/example_trigger_target_dag.py
[2025-01-18T20:34:14.251+0000] {processor.py:925} INFO - DAG(s) 'example_trigger_target_dag' retrieved from /home/airflow/.local/lib/python3.12/site-packages/airflow/example_dags/example_trigger_target_dag.py
[2025-01-18T20:34:14.300+0000] {logging_mixin.py:190} INFO - [2025-01-18T20:34:14.300+0000] {override.py:1911} INFO - Created Permission View: can delete on DAG:example_trigger_target_dag
[2025-01-18T20:34:14.307+0000] {logging_mixin.py:190} INFO - [2025-01-18T20:34:14.307+0000] {override.py:1911} INFO - Created Permission View: can edit on DAG:example_trigger_target_dag
[2025-01-18T20:34:14.310+0000] {logging_mixin.py:190} INFO - [2025-01-18T20:34:14.310+0000] {override.py:1911} INFO - Created Permission View: can read on DAG:example_trigger_target_dag
[2025-01-18T20:34:14.313+0000] {logging_mixin.py:190} INFO - [2025-01-18T20:34:14.313+0000] {override.py:1911} INFO - Created Permission View: can create on DAG Run:example_trigger_target_dag
[2025-01-18T20:34:14.316+0000] {logging_mixin.py:190} INFO - [2025-01-18T20:34:14.315+0000] {override.py:1911} INFO - Created Permission View: can delete on DAG Run:example_trigger_target_dag
[2025-01-18T20:34:14.318+0000] {logging_mixin.py:190} INFO - [2025-01-18T20:34:14.318+0000] {override.py:1911} INFO - Created Permission View: menu access on DAG Run:example_trigger_target_dag
[2025-01-18T20:34:14.321+0000] {logging_mixin.py:190} INFO - [2025-01-18T20:34:14.321+0000] {override.py:1911} INFO - Created Permission View: can read on DAG Run:example_trigger_target_dag
[2025-01-18T20:34:14.322+0000] {logging_mixin.py:190} INFO - [2025-01-18T20:34:14.321+0000] {dag.py:3239} INFO - Sync 1 DAGs
[2025-01-18T20:34:14.328+0000] {logging_mixin.py:190} INFO - [2025-01-18T20:34:14.328+0000] {dag.py:3262} INFO - Creating ORM DAG for example_trigger_target_dag
[2025-01-18T20:34:14.328+0000] {logging_mixin.py:190} INFO - [2025-01-18T20:34:14.328+0000] {dag.py:4180} INFO - Setting next_dagrun for example_trigger_target_dag to None, run_after=None
[2025-01-18T20:34:14.335+0000] {processor.py:208} INFO - Processing /home/airflow/.local/lib/python3.12/site-packages/airflow/example_dags/example_trigger_target_dag.py took 0.094 seconds
[2025-01-18T20:34:44.853+0000] {processor.py:186} INFO - Started process (PID=147) to work on /home/airflow/.local/lib/python3.12/site-packages/airflow/example_dags/example_trigger_target_dag.py
[2025-01-18T20:34:44.854+0000] {processor.py:914} INFO - Processing file /home/airflow/.local/lib/python3.12/site-packages/airflow/example_dags/example_trigger_target_dag.py for tasks to queue
[2025-01-18T20:34:44.855+0000] {logging_mixin.py:190} INFO - [2025-01-18T20:34:44.855+0000] {dagbag.py:588} INFO - Filling up the DagBag from /home/airflow/.local/lib/python3.12/site-packages/airflow/example_dags/example_trigger_target_dag.py
[2025-01-18T20:34:44.860+0000] {processor.py:925} INFO - DAG(s) 'example_trigger_target_dag' retrieved from /home/airflow/.local/lib/python3.12/site-packages/airflow/example_dags/example_trigger_target_dag.py
[2025-01-18T20:34:44.872+0000] {logging_mixin.py:190} INFO - [2025-01-18T20:34:44.872+0000] {dag.py:3239} INFO - Sync 1 DAGs
[2025-01-18T20:34:44.881+0000] {logging_mixin.py:190} INFO - [2025-01-18T20:34:44.881+0000] {dag.py:4180} INFO - Setting next_dagrun for example_trigger_target_dag to None, run_after=None
[2025-01-18T20:34:44.892+0000] {processor.py:208} INFO - Processing /home/airflow/.local/lib/python3.12/site-packages/airflow/example_dags/example_trigger_target_dag.py took 0.042 seconds
