[2025-01-18T20:34:14.984+0000] {processor.py:186} INFO - Started process (PID=98) to work on /home/airflow/.local/lib/python3.12/site-packages/airflow/example_dags/example_complex.py
[2025-01-18T20:34:14.990+0000] {processor.py:914} INFO - Processing file /home/airflow/.local/lib/python3.12/site-packages/airflow/example_dags/example_complex.py for tasks to queue
[2025-01-18T20:34:14.993+0000] {logging_mixin.py:190} INFO - [2025-01-18T20:34:14.993+0000] {dagbag.py:588} INFO - Filling up the DagBag from /home/airflow/.local/lib/python3.12/site-packages/airflow/example_dags/example_complex.py
[2025-01-18T20:34:15.002+0000] {processor.py:925} INFO - DAG(s) 'example_complex' retrieved from /home/airflow/.local/lib/python3.12/site-packages/airflow/example_dags/example_complex.py
[2025-01-18T20:34:15.068+0000] {logging_mixin.py:190} INFO - [2025-01-18T20:34:15.067+0000] {override.py:1911} INFO - Created Permission View: can delete on DAG:example_complex
[2025-01-18T20:34:15.073+0000] {logging_mixin.py:190} INFO - [2025-01-18T20:34:15.073+0000] {override.py:1911} INFO - Created Permission View: can edit on DAG:example_complex
[2025-01-18T20:34:15.076+0000] {logging_mixin.py:190} INFO - [2025-01-18T20:34:15.076+0000] {override.py:1911} INFO - Created Permission View: can read on DAG:example_complex
[2025-01-18T20:34:15.079+0000] {logging_mixin.py:190} INFO - [2025-01-18T20:34:15.079+0000] {override.py:1911} INFO - Created Permission View: can create on DAG Run:example_complex
[2025-01-18T20:34:15.082+0000] {logging_mixin.py:190} INFO - [2025-01-18T20:34:15.081+0000] {override.py:1911} INFO - Created Permission View: can delete on DAG Run:example_complex
[2025-01-18T20:34:15.084+0000] {logging_mixin.py:190} INFO - [2025-01-18T20:34:15.084+0000] {override.py:1911} INFO - Created Permission View: menu access on DAG Run:example_complex
[2025-01-18T20:34:15.087+0000] {logging_mixin.py:190} INFO - [2025-01-18T20:34:15.087+0000] {override.py:1911} INFO - Created Permission View: can read on DAG Run:example_complex
[2025-01-18T20:34:15.087+0000] {logging_mixin.py:190} INFO - [2025-01-18T20:34:15.087+0000] {dag.py:3239} INFO - Sync 1 DAGs
[2025-01-18T20:34:15.092+0000] {logging_mixin.py:190} INFO - [2025-01-18T20:34:15.092+0000] {dag.py:3262} INFO - Creating ORM DAG for example_complex
[2025-01-18T20:34:15.093+0000] {logging_mixin.py:190} INFO - [2025-01-18T20:34:15.093+0000] {dag.py:4180} INFO - Setting next_dagrun for example_complex to None, run_after=None
[2025-01-18T20:34:15.101+0000] {processor.py:208} INFO - Processing /home/airflow/.local/lib/python3.12/site-packages/airflow/example_dags/example_complex.py took 0.120 seconds
[2025-01-18T20:34:45.296+0000] {processor.py:186} INFO - Started process (PID=160) to work on /home/airflow/.local/lib/python3.12/site-packages/airflow/example_dags/example_complex.py
[2025-01-18T20:34:45.296+0000] {processor.py:914} INFO - Processing file /home/airflow/.local/lib/python3.12/site-packages/airflow/example_dags/example_complex.py for tasks to queue
[2025-01-18T20:34:45.298+0000] {logging_mixin.py:190} INFO - [2025-01-18T20:34:45.298+0000] {dagbag.py:588} INFO - Filling up the DagBag from /home/airflow/.local/lib/python3.12/site-packages/airflow/example_dags/example_complex.py
[2025-01-18T20:34:45.304+0000] {processor.py:925} INFO - DAG(s) 'example_complex' retrieved from /home/airflow/.local/lib/python3.12/site-packages/airflow/example_dags/example_complex.py
[2025-01-18T20:34:45.321+0000] {logging_mixin.py:190} INFO - [2025-01-18T20:34:45.320+0000] {dag.py:3239} INFO - Sync 1 DAGs
[2025-01-18T20:34:45.329+0000] {logging_mixin.py:190} INFO - [2025-01-18T20:34:45.329+0000] {dag.py:4180} INFO - Setting next_dagrun for example_complex to None, run_after=None
[2025-01-18T20:34:45.342+0000] {processor.py:208} INFO - Processing /home/airflow/.local/lib/python3.12/site-packages/airflow/example_dags/example_complex.py took 0.050 seconds
