[2025-01-18T20:34:12.413+0000] {processor.py:186} INFO - Started process (PID=64) to work on /home/airflow/.local/lib/python3.12/site-packages/airflow/example_dags/example_short_circuit_operator.py
[2025-01-18T20:34:12.413+0000] {processor.py:914} INFO - Processing file /home/airflow/.local/lib/python3.12/site-packages/airflow/example_dags/example_short_circuit_operator.py for tasks to queue
[2025-01-18T20:34:12.416+0000] {logging_mixin.py:190} INFO - [2025-01-18T20:34:12.415+0000] {dagbag.py:588} INFO - Filling up the DagBag from /home/airflow/.local/lib/python3.12/site-packages/airflow/example_dags/example_short_circuit_operator.py
[2025-01-18T20:34:12.425+0000] {processor.py:925} INFO - DAG(s) 'example_short_circuit_operator' retrieved from /home/airflow/.local/lib/python3.12/site-packages/airflow/example_dags/example_short_circuit_operator.py
[2025-01-18T20:34:12.502+0000] {logging_mixin.py:190} INFO - [2025-01-18T20:34:12.501+0000] {override.py:1911} INFO - Created Permission View: can delete on DAG:example_short_circuit_operator
[2025-01-18T20:34:12.508+0000] {logging_mixin.py:190} INFO - [2025-01-18T20:34:12.507+0000] {override.py:1911} INFO - Created Permission View: can edit on DAG:example_short_circuit_operator
[2025-01-18T20:34:12.511+0000] {logging_mixin.py:190} INFO - [2025-01-18T20:34:12.510+0000] {override.py:1911} INFO - Created Permission View: can read on DAG:example_short_circuit_operator
[2025-01-18T20:34:12.514+0000] {logging_mixin.py:190} INFO - [2025-01-18T20:34:12.514+0000] {override.py:1911} INFO - Created Permission View: can create on DAG Run:example_short_circuit_operator
[2025-01-18T20:34:12.517+0000] {logging_mixin.py:190} INFO - [2025-01-18T20:34:12.517+0000] {override.py:1911} INFO - Created Permission View: can delete on DAG Run:example_short_circuit_operator
[2025-01-18T20:34:12.520+0000] {logging_mixin.py:190} INFO - [2025-01-18T20:34:12.520+0000] {override.py:1911} INFO - Created Permission View: menu access on DAG Run:example_short_circuit_operator
[2025-01-18T20:34:12.523+0000] {logging_mixin.py:190} INFO - [2025-01-18T20:34:12.523+0000] {override.py:1911} INFO - Created Permission View: can read on DAG Run:example_short_circuit_operator
[2025-01-18T20:34:12.523+0000] {logging_mixin.py:190} INFO - [2025-01-18T20:34:12.523+0000] {dag.py:3239} INFO - Sync 1 DAGs
[2025-01-18T20:34:12.533+0000] {logging_mixin.py:190} INFO - [2025-01-18T20:34:12.533+0000] {dag.py:3262} INFO - Creating ORM DAG for example_short_circuit_operator
[2025-01-18T20:34:12.534+0000] {logging_mixin.py:190} INFO - [2025-01-18T20:34:12.534+0000] {dag.py:4180} INFO - Setting next_dagrun for example_short_circuit_operator to None, run_after=None
[2025-01-18T20:34:12.543+0000] {processor.py:208} INFO - Processing /home/airflow/.local/lib/python3.12/site-packages/airflow/example_dags/example_short_circuit_operator.py took 0.135 seconds
[2025-01-18T20:34:42.795+0000] {processor.py:186} INFO - Started process (PID=126) to work on /home/airflow/.local/lib/python3.12/site-packages/airflow/example_dags/example_short_circuit_operator.py
[2025-01-18T20:34:42.795+0000] {processor.py:914} INFO - Processing file /home/airflow/.local/lib/python3.12/site-packages/airflow/example_dags/example_short_circuit_operator.py for tasks to queue
[2025-01-18T20:34:42.799+0000] {logging_mixin.py:190} INFO - [2025-01-18T20:34:42.799+0000] {dagbag.py:588} INFO - Filling up the DagBag from /home/airflow/.local/lib/python3.12/site-packages/airflow/example_dags/example_short_circuit_operator.py
[2025-01-18T20:34:42.805+0000] {processor.py:925} INFO - DAG(s) 'example_short_circuit_operator' retrieved from /home/airflow/.local/lib/python3.12/site-packages/airflow/example_dags/example_short_circuit_operator.py
[2025-01-18T20:34:42.817+0000] {logging_mixin.py:190} INFO - [2025-01-18T20:34:42.817+0000] {dag.py:3239} INFO - Sync 1 DAGs
[2025-01-18T20:34:42.824+0000] {logging_mixin.py:190} INFO - [2025-01-18T20:34:42.824+0000] {dag.py:4180} INFO - Setting next_dagrun for example_short_circuit_operator to None, run_after=None
[2025-01-18T20:34:42.835+0000] {processor.py:208} INFO - Processing /home/airflow/.local/lib/python3.12/site-packages/airflow/example_dags/example_short_circuit_operator.py took 0.043 seconds
