[2025-01-18T20:34:13.022+0000] {processor.py:186} INFO - Started process (PID=71) to work on /home/airflow/.local/lib/python3.12/site-packages/airflow/example_dags/example_nested_branch_dag.py
[2025-01-18T20:34:13.023+0000] {processor.py:914} INFO - Processing file /home/airflow/.local/lib/python3.12/site-packages/airflow/example_dags/example_nested_branch_dag.py for tasks to queue
[2025-01-18T20:34:13.025+0000] {logging_mixin.py:190} INFO - [2025-01-18T20:34:13.025+0000] {dagbag.py:588} INFO - Filling up the DagBag from /home/airflow/.local/lib/python3.12/site-packages/airflow/example_dags/example_nested_branch_dag.py
[2025-01-18T20:34:13.034+0000] {processor.py:925} INFO - DAG(s) 'example_nested_branch_dag' retrieved from /home/airflow/.local/lib/python3.12/site-packages/airflow/example_dags/example_nested_branch_dag.py
[2025-01-18T20:34:13.099+0000] {logging_mixin.py:190} INFO - [2025-01-18T20:34:13.098+0000] {override.py:1911} INFO - Created Permission View: can delete on DAG:example_nested_branch_dag
[2025-01-18T20:34:13.104+0000] {logging_mixin.py:190} INFO - [2025-01-18T20:34:13.104+0000] {override.py:1911} INFO - Created Permission View: can edit on DAG:example_nested_branch_dag
[2025-01-18T20:34:13.108+0000] {logging_mixin.py:190} INFO - [2025-01-18T20:34:13.108+0000] {override.py:1911} INFO - Created Permission View: can read on DAG:example_nested_branch_dag
[2025-01-18T20:34:13.112+0000] {logging_mixin.py:190} INFO - [2025-01-18T20:34:13.111+0000] {override.py:1911} INFO - Created Permission View: can create on DAG Run:example_nested_branch_dag
[2025-01-18T20:34:13.115+0000] {logging_mixin.py:190} INFO - [2025-01-18T20:34:13.115+0000] {override.py:1911} INFO - Created Permission View: can delete on DAG Run:example_nested_branch_dag
[2025-01-18T20:34:13.118+0000] {logging_mixin.py:190} INFO - [2025-01-18T20:34:13.118+0000] {override.py:1911} INFO - Created Permission View: menu access on DAG Run:example_nested_branch_dag
[2025-01-18T20:34:13.122+0000] {logging_mixin.py:190} INFO - [2025-01-18T20:34:13.122+0000] {override.py:1911} INFO - Created Permission View: can read on DAG Run:example_nested_branch_dag
[2025-01-18T20:34:13.122+0000] {logging_mixin.py:190} INFO - [2025-01-18T20:34:13.122+0000] {dag.py:3239} INFO - Sync 1 DAGs
[2025-01-18T20:34:13.129+0000] {logging_mixin.py:190} INFO - [2025-01-18T20:34:13.129+0000] {dag.py:3262} INFO - Creating ORM DAG for example_nested_branch_dag
[2025-01-18T20:34:13.135+0000] {logging_mixin.py:190} INFO - [2025-01-18T20:34:13.135+0000] {dag.py:4180} INFO - Setting next_dagrun for example_nested_branch_dag to 2025-01-17 00:00:00+00:00, run_after=2025-01-18 00:00:00+00:00
[2025-01-18T20:34:13.145+0000] {processor.py:208} INFO - Processing /home/airflow/.local/lib/python3.12/site-packages/airflow/example_dags/example_nested_branch_dag.py took 0.127 seconds
[2025-01-18T20:34:43.185+0000] {processor.py:186} INFO - Started process (PID=133) to work on /home/airflow/.local/lib/python3.12/site-packages/airflow/example_dags/example_nested_branch_dag.py
[2025-01-18T20:34:43.185+0000] {processor.py:914} INFO - Processing file /home/airflow/.local/lib/python3.12/site-packages/airflow/example_dags/example_nested_branch_dag.py for tasks to queue
[2025-01-18T20:34:43.187+0000] {logging_mixin.py:190} INFO - [2025-01-18T20:34:43.187+0000] {dagbag.py:588} INFO - Filling up the DagBag from /home/airflow/.local/lib/python3.12/site-packages/airflow/example_dags/example_nested_branch_dag.py
[2025-01-18T20:34:43.195+0000] {processor.py:925} INFO - DAG(s) 'example_nested_branch_dag' retrieved from /home/airflow/.local/lib/python3.12/site-packages/airflow/example_dags/example_nested_branch_dag.py
[2025-01-18T20:34:43.205+0000] {logging_mixin.py:190} INFO - [2025-01-18T20:34:43.205+0000] {dag.py:3239} INFO - Sync 1 DAGs
[2025-01-18T20:34:43.218+0000] {logging_mixin.py:190} INFO - [2025-01-18T20:34:43.218+0000] {dag.py:4180} INFO - Setting next_dagrun for example_nested_branch_dag to 2025-01-17 00:00:00+00:00, run_after=2025-01-18 00:00:00+00:00
[2025-01-18T20:34:43.229+0000] {processor.py:208} INFO - Processing /home/airflow/.local/lib/python3.12/site-packages/airflow/example_dags/example_nested_branch_dag.py took 0.047 seconds
