[2025-01-18T20:34:13.167+0000] {processor.py:186} INFO - Started process (PID=73) to work on /home/airflow/.local/lib/python3.12/site-packages/airflow/example_dags/example_dynamic_task_mapping.py
[2025-01-18T20:34:13.168+0000] {processor.py:914} INFO - Processing file /home/airflow/.local/lib/python3.12/site-packages/airflow/example_dags/example_dynamic_task_mapping.py for tasks to queue
[2025-01-18T20:34:13.169+0000] {logging_mixin.py:190} INFO - [2025-01-18T20:34:13.169+0000] {dagbag.py:588} INFO - Filling up the DagBag from /home/airflow/.local/lib/python3.12/site-packages/airflow/example_dags/example_dynamic_task_mapping.py
[2025-01-18T20:34:13.175+0000] {processor.py:925} INFO - DAG(s) 'example_dynamic_task_mapping' retrieved from /home/airflow/.local/lib/python3.12/site-packages/airflow/example_dags/example_dynamic_task_mapping.py
[2025-01-18T20:34:13.242+0000] {logging_mixin.py:190} INFO - [2025-01-18T20:34:13.241+0000] {override.py:1911} INFO - Created Permission View: can delete on DAG:example_dynamic_task_mapping
[2025-01-18T20:34:13.247+0000] {logging_mixin.py:190} INFO - [2025-01-18T20:34:13.247+0000] {override.py:1911} INFO - Created Permission View: can edit on DAG:example_dynamic_task_mapping
[2025-01-18T20:34:13.251+0000] {logging_mixin.py:190} INFO - [2025-01-18T20:34:13.251+0000] {override.py:1911} INFO - Created Permission View: can read on DAG:example_dynamic_task_mapping
[2025-01-18T20:34:13.254+0000] {logging_mixin.py:190} INFO - [2025-01-18T20:34:13.254+0000] {override.py:1911} INFO - Created Permission View: can create on DAG Run:example_dynamic_task_mapping
[2025-01-18T20:34:13.258+0000] {logging_mixin.py:190} INFO - [2025-01-18T20:34:13.258+0000] {override.py:1911} INFO - Created Permission View: can delete on DAG Run:example_dynamic_task_mapping
[2025-01-18T20:34:13.261+0000] {logging_mixin.py:190} INFO - [2025-01-18T20:34:13.261+0000] {override.py:1911} INFO - Created Permission View: menu access on DAG Run:example_dynamic_task_mapping
[2025-01-18T20:34:13.264+0000] {logging_mixin.py:190} INFO - [2025-01-18T20:34:13.264+0000] {override.py:1911} INFO - Created Permission View: can read on DAG Run:example_dynamic_task_mapping
[2025-01-18T20:34:13.265+0000] {logging_mixin.py:190} INFO - [2025-01-18T20:34:13.265+0000] {dag.py:3239} INFO - Sync 1 DAGs
[2025-01-18T20:34:13.271+0000] {logging_mixin.py:190} INFO - [2025-01-18T20:34:13.271+0000] {dag.py:3262} INFO - Creating ORM DAG for example_dynamic_task_mapping
[2025-01-18T20:34:13.271+0000] {logging_mixin.py:190} INFO - [2025-01-18T20:34:13.271+0000] {dag.py:4180} INFO - Setting next_dagrun for example_dynamic_task_mapping to None, run_after=None
[2025-01-18T20:34:13.279+0000] {processor.py:208} INFO - Processing /home/airflow/.local/lib/python3.12/site-packages/airflow/example_dags/example_dynamic_task_mapping.py took 0.116 seconds
[2025-01-18T20:34:43.309+0000] {processor.py:186} INFO - Started process (PID=135) to work on /home/airflow/.local/lib/python3.12/site-packages/airflow/example_dags/example_dynamic_task_mapping.py
[2025-01-18T20:34:43.310+0000] {processor.py:914} INFO - Processing file /home/airflow/.local/lib/python3.12/site-packages/airflow/example_dags/example_dynamic_task_mapping.py for tasks to queue
[2025-01-18T20:34:43.311+0000] {logging_mixin.py:190} INFO - [2025-01-18T20:34:43.311+0000] {dagbag.py:588} INFO - Filling up the DagBag from /home/airflow/.local/lib/python3.12/site-packages/airflow/example_dags/example_dynamic_task_mapping.py
[2025-01-18T20:34:43.316+0000] {processor.py:925} INFO - DAG(s) 'example_dynamic_task_mapping' retrieved from /home/airflow/.local/lib/python3.12/site-packages/airflow/example_dags/example_dynamic_task_mapping.py
[2025-01-18T20:34:43.328+0000] {logging_mixin.py:190} INFO - [2025-01-18T20:34:43.327+0000] {dag.py:3239} INFO - Sync 1 DAGs
[2025-01-18T20:34:43.334+0000] {logging_mixin.py:190} INFO - [2025-01-18T20:34:43.334+0000] {dag.py:4180} INFO - Setting next_dagrun for example_dynamic_task_mapping to None, run_after=None
[2025-01-18T20:34:43.345+0000] {processor.py:208} INFO - Processing /home/airflow/.local/lib/python3.12/site-packages/airflow/example_dags/example_dynamic_task_mapping.py took 0.039 seconds
