[2025-01-18T20:34:13.568+0000] {processor.py:186} INFO - Started process (PID=77) to work on /home/airflow/.local/lib/python3.12/site-packages/airflow/example_dags/example_params_ui_tutorial.py
[2025-01-18T20:34:13.569+0000] {processor.py:914} INFO - Processing file /home/airflow/.local/lib/python3.12/site-packages/airflow/example_dags/example_params_ui_tutorial.py for tasks to queue
[2025-01-18T20:34:13.570+0000] {logging_mixin.py:190} INFO - [2025-01-18T20:34:13.570+0000] {dagbag.py:588} INFO - Filling up the DagBag from /home/airflow/.local/lib/python3.12/site-packages/airflow/example_dags/example_params_ui_tutorial.py
[2025-01-18T20:34:13.576+0000] {processor.py:925} INFO - DAG(s) 'example_params_ui_tutorial' retrieved from /home/airflow/.local/lib/python3.12/site-packages/airflow/example_dags/example_params_ui_tutorial.py
[2025-01-18T20:34:13.639+0000] {logging_mixin.py:190} INFO - [2025-01-18T20:34:13.638+0000] {override.py:1911} INFO - Created Permission View: can delete on DAG:example_params_ui_tutorial
[2025-01-18T20:34:13.643+0000] {logging_mixin.py:190} INFO - [2025-01-18T20:34:13.643+0000] {override.py:1911} INFO - Created Permission View: can edit on DAG:example_params_ui_tutorial
[2025-01-18T20:34:13.646+0000] {logging_mixin.py:190} INFO - [2025-01-18T20:34:13.646+0000] {override.py:1911} INFO - Created Permission View: can read on DAG:example_params_ui_tutorial
[2025-01-18T20:34:13.649+0000] {logging_mixin.py:190} INFO - [2025-01-18T20:34:13.649+0000] {override.py:1911} INFO - Created Permission View: can create on DAG Run:example_params_ui_tutorial
[2025-01-18T20:34:13.652+0000] {logging_mixin.py:190} INFO - [2025-01-18T20:34:13.652+0000] {override.py:1911} INFO - Created Permission View: can delete on DAG Run:example_params_ui_tutorial
[2025-01-18T20:34:13.655+0000] {logging_mixin.py:190} INFO - [2025-01-18T20:34:13.655+0000] {override.py:1911} INFO - Created Permission View: menu access on DAG Run:example_params_ui_tutorial
[2025-01-18T20:34:13.657+0000] {logging_mixin.py:190} INFO - [2025-01-18T20:34:13.657+0000] {override.py:1911} INFO - Created Permission View: can read on DAG Run:example_params_ui_tutorial
[2025-01-18T20:34:13.658+0000] {logging_mixin.py:190} INFO - [2025-01-18T20:34:13.658+0000] {dag.py:3239} INFO - Sync 1 DAGs
[2025-01-18T20:34:13.665+0000] {logging_mixin.py:190} INFO - [2025-01-18T20:34:13.665+0000] {dag.py:3262} INFO - Creating ORM DAG for example_params_ui_tutorial
[2025-01-18T20:34:13.665+0000] {logging_mixin.py:190} INFO - [2025-01-18T20:34:13.665+0000] {dag.py:4180} INFO - Setting next_dagrun for example_params_ui_tutorial to None, run_after=None
[2025-01-18T20:34:13.674+0000] {processor.py:208} INFO - Processing /home/airflow/.local/lib/python3.12/site-packages/airflow/example_dags/example_params_ui_tutorial.py took 0.110 seconds
[2025-01-18T20:34:44.445+0000] {processor.py:186} INFO - Started process (PID=139) to work on /home/airflow/.local/lib/python3.12/site-packages/airflow/example_dags/example_params_ui_tutorial.py
[2025-01-18T20:34:44.446+0000] {processor.py:914} INFO - Processing file /home/airflow/.local/lib/python3.12/site-packages/airflow/example_dags/example_params_ui_tutorial.py for tasks to queue
[2025-01-18T20:34:44.448+0000] {logging_mixin.py:190} INFO - [2025-01-18T20:34:44.447+0000] {dagbag.py:588} INFO - Filling up the DagBag from /home/airflow/.local/lib/python3.12/site-packages/airflow/example_dags/example_params_ui_tutorial.py
[2025-01-18T20:34:44.455+0000] {processor.py:925} INFO - DAG(s) 'example_params_ui_tutorial' retrieved from /home/airflow/.local/lib/python3.12/site-packages/airflow/example_dags/example_params_ui_tutorial.py
[2025-01-18T20:34:44.484+0000] {logging_mixin.py:190} INFO - [2025-01-18T20:34:44.484+0000] {dag.py:3239} INFO - Sync 1 DAGs
[2025-01-18T20:34:44.494+0000] {logging_mixin.py:190} INFO - [2025-01-18T20:34:44.494+0000] {dag.py:4180} INFO - Setting next_dagrun for example_params_ui_tutorial to None, run_after=None
[2025-01-18T20:34:44.513+0000] {processor.py:208} INFO - Processing /home/airflow/.local/lib/python3.12/site-packages/airflow/example_dags/example_params_ui_tutorial.py took 0.073 seconds
