[2025-01-18T20:34:13.804+0000] {processor.py:186} INFO - Started process (PID=79) to work on /home/airflow/.local/lib/python3.12/site-packages/airflow/example_dags/example_setup_teardown.py
[2025-01-18T20:34:13.805+0000] {processor.py:914} INFO - Processing file /home/airflow/.local/lib/python3.12/site-packages/airflow/example_dags/example_setup_teardown.py for tasks to queue
[2025-01-18T20:34:13.806+0000] {logging_mixin.py:190} INFO - [2025-01-18T20:34:13.806+0000] {dagbag.py:588} INFO - Filling up the DagBag from /home/airflow/.local/lib/python3.12/site-packages/airflow/example_dags/example_setup_teardown.py
[2025-01-18T20:34:13.811+0000] {processor.py:925} INFO - DAG(s) 'example_setup_teardown' retrieved from /home/airflow/.local/lib/python3.12/site-packages/airflow/example_dags/example_setup_teardown.py
[2025-01-18T20:34:13.860+0000] {logging_mixin.py:190} INFO - [2025-01-18T20:34:13.859+0000] {override.py:1911} INFO - Created Permission View: can delete on DAG:example_setup_teardown
[2025-01-18T20:34:13.864+0000] {logging_mixin.py:190} INFO - [2025-01-18T20:34:13.864+0000] {override.py:1911} INFO - Created Permission View: can edit on DAG:example_setup_teardown
[2025-01-18T20:34:13.867+0000] {logging_mixin.py:190} INFO - [2025-01-18T20:34:13.867+0000] {override.py:1911} INFO - Created Permission View: can read on DAG:example_setup_teardown
[2025-01-18T20:34:13.869+0000] {logging_mixin.py:190} INFO - [2025-01-18T20:34:13.869+0000] {override.py:1911} INFO - Created Permission View: can create on DAG Run:example_setup_teardown
[2025-01-18T20:34:13.873+0000] {logging_mixin.py:190} INFO - [2025-01-18T20:34:13.873+0000] {override.py:1911} INFO - Created Permission View: can delete on DAG Run:example_setup_teardown
[2025-01-18T20:34:13.875+0000] {logging_mixin.py:190} INFO - [2025-01-18T20:34:13.875+0000] {override.py:1911} INFO - Created Permission View: menu access on DAG Run:example_setup_teardown
[2025-01-18T20:34:13.878+0000] {logging_mixin.py:190} INFO - [2025-01-18T20:34:13.878+0000] {override.py:1911} INFO - Created Permission View: can read on DAG Run:example_setup_teardown
[2025-01-18T20:34:13.878+0000] {logging_mixin.py:190} INFO - [2025-01-18T20:34:13.878+0000] {dag.py:3239} INFO - Sync 1 DAGs
[2025-01-18T20:34:13.884+0000] {logging_mixin.py:190} INFO - [2025-01-18T20:34:13.884+0000] {dag.py:3262} INFO - Creating ORM DAG for example_setup_teardown
[2025-01-18T20:34:13.887+0000] {logging_mixin.py:190} INFO - [2025-01-18T20:34:13.887+0000] {dag.py:4180} INFO - Setting next_dagrun for example_setup_teardown to None, run_after=None
[2025-01-18T20:34:13.894+0000] {processor.py:208} INFO - Processing /home/airflow/.local/lib/python3.12/site-packages/airflow/example_dags/example_setup_teardown.py took 0.093 seconds
[2025-01-18T20:34:44.607+0000] {processor.py:186} INFO - Started process (PID=141) to work on /home/airflow/.local/lib/python3.12/site-packages/airflow/example_dags/example_setup_teardown.py
[2025-01-18T20:34:44.607+0000] {processor.py:914} INFO - Processing file /home/airflow/.local/lib/python3.12/site-packages/airflow/example_dags/example_setup_teardown.py for tasks to queue
[2025-01-18T20:34:44.608+0000] {logging_mixin.py:190} INFO - [2025-01-18T20:34:44.608+0000] {dagbag.py:588} INFO - Filling up the DagBag from /home/airflow/.local/lib/python3.12/site-packages/airflow/example_dags/example_setup_teardown.py
[2025-01-18T20:34:44.614+0000] {processor.py:925} INFO - DAG(s) 'example_setup_teardown' retrieved from /home/airflow/.local/lib/python3.12/site-packages/airflow/example_dags/example_setup_teardown.py
[2025-01-18T20:34:44.628+0000] {logging_mixin.py:190} INFO - [2025-01-18T20:34:44.627+0000] {dag.py:3239} INFO - Sync 1 DAGs
[2025-01-18T20:34:44.636+0000] {logging_mixin.py:190} INFO - [2025-01-18T20:34:44.636+0000] {dag.py:4180} INFO - Setting next_dagrun for example_setup_teardown to None, run_after=None
[2025-01-18T20:34:44.648+0000] {processor.py:208} INFO - Processing /home/airflow/.local/lib/python3.12/site-packages/airflow/example_dags/example_setup_teardown.py took 0.048 seconds
