[2025-01-18T20:34:14.127+0000] {processor.py:186} INFO - Started process (PID=83) to work on /home/airflow/.local/lib/python3.12/site-packages/airflow/example_dags/example_dag_decorator.py
[2025-01-18T20:34:14.128+0000] {processor.py:914} INFO - Processing file /home/airflow/.local/lib/python3.12/site-packages/airflow/example_dags/example_dag_decorator.py for tasks to queue
[2025-01-18T20:34:14.129+0000] {logging_mixin.py:190} INFO - [2025-01-18T20:34:14.129+0000] {dagbag.py:588} INFO - Filling up the DagBag from /home/airflow/.local/lib/python3.12/site-packages/airflow/example_dags/example_dag_decorator.py
[2025-01-18T20:34:14.138+0000] {processor.py:925} INFO - DAG(s) 'example_dag_decorator' retrieved from /home/airflow/.local/lib/python3.12/site-packages/airflow/example_dags/example_dag_decorator.py
[2025-01-18T20:34:14.201+0000] {logging_mixin.py:190} INFO - [2025-01-18T20:34:14.200+0000] {override.py:1911} INFO - Created Permission View: can delete on DAG:example_dag_decorator
[2025-01-18T20:34:14.204+0000] {logging_mixin.py:190} INFO - [2025-01-18T20:34:14.204+0000] {override.py:1911} INFO - Created Permission View: can edit on DAG:example_dag_decorator
[2025-01-18T20:34:14.207+0000] {logging_mixin.py:190} INFO - [2025-01-18T20:34:14.207+0000] {override.py:1911} INFO - Created Permission View: can read on DAG:example_dag_decorator
[2025-01-18T20:34:14.209+0000] {logging_mixin.py:190} INFO - [2025-01-18T20:34:14.209+0000] {override.py:1911} INFO - Created Permission View: can create on DAG Run:example_dag_decorator
[2025-01-18T20:34:14.212+0000] {logging_mixin.py:190} INFO - [2025-01-18T20:34:14.212+0000] {override.py:1911} INFO - Created Permission View: can delete on DAG Run:example_dag_decorator
[2025-01-18T20:34:14.214+0000] {logging_mixin.py:190} INFO - [2025-01-18T20:34:14.214+0000] {override.py:1911} INFO - Created Permission View: menu access on DAG Run:example_dag_decorator
[2025-01-18T20:34:14.216+0000] {logging_mixin.py:190} INFO - [2025-01-18T20:34:14.216+0000] {override.py:1911} INFO - Created Permission View: can read on DAG Run:example_dag_decorator
[2025-01-18T20:34:14.217+0000] {logging_mixin.py:190} INFO - [2025-01-18T20:34:14.217+0000] {dag.py:3239} INFO - Sync 1 DAGs
[2025-01-18T20:34:14.223+0000] {logging_mixin.py:190} INFO - [2025-01-18T20:34:14.223+0000] {dag.py:3262} INFO - Creating ORM DAG for example_dag_decorator
[2025-01-18T20:34:14.223+0000] {logging_mixin.py:190} INFO - [2025-01-18T20:34:14.223+0000] {dag.py:4180} INFO - Setting next_dagrun for example_dag_decorator to None, run_after=None
[2025-01-18T20:34:14.230+0000] {processor.py:208} INFO - Processing /home/airflow/.local/lib/python3.12/site-packages/airflow/example_dags/example_dag_decorator.py took 0.107 seconds
[2025-01-18T20:34:44.788+0000] {processor.py:186} INFO - Started process (PID=145) to work on /home/airflow/.local/lib/python3.12/site-packages/airflow/example_dags/example_dag_decorator.py
[2025-01-18T20:34:44.793+0000] {processor.py:914} INFO - Processing file /home/airflow/.local/lib/python3.12/site-packages/airflow/example_dags/example_dag_decorator.py for tasks to queue
[2025-01-18T20:34:44.794+0000] {logging_mixin.py:190} INFO - [2025-01-18T20:34:44.794+0000] {dagbag.py:588} INFO - Filling up the DagBag from /home/airflow/.local/lib/python3.12/site-packages/airflow/example_dags/example_dag_decorator.py
[2025-01-18T20:34:44.800+0000] {processor.py:925} INFO - DAG(s) 'example_dag_decorator' retrieved from /home/airflow/.local/lib/python3.12/site-packages/airflow/example_dags/example_dag_decorator.py
[2025-01-18T20:34:44.813+0000] {logging_mixin.py:190} INFO - [2025-01-18T20:34:44.813+0000] {dag.py:3239} INFO - Sync 1 DAGs
[2025-01-18T20:34:44.821+0000] {logging_mixin.py:190} INFO - [2025-01-18T20:34:44.821+0000] {dag.py:4180} INFO - Setting next_dagrun for example_dag_decorator to None, run_after=None
[2025-01-18T20:34:44.832+0000] {processor.py:208} INFO - Processing /home/airflow/.local/lib/python3.12/site-packages/airflow/example_dags/example_dag_decorator.py took 0.046 seconds
