[2025-01-18T20:34:14.351+0000] {processor.py:186} INFO - Started process (PID=87) to work on /home/airflow/.local/lib/python3.12/site-packages/airflow/example_dags/example_xcomargs.py
[2025-01-18T20:34:14.352+0000] {processor.py:914} INFO - Processing file /home/airflow/.local/lib/python3.12/site-packages/airflow/example_dags/example_xcomargs.py for tasks to queue
[2025-01-18T20:34:14.353+0000] {logging_mixin.py:190} INFO - [2025-01-18T20:34:14.353+0000] {dagbag.py:588} INFO - Filling up the DagBag from /home/airflow/.local/lib/python3.12/site-packages/airflow/example_dags/example_xcomargs.py
[2025-01-18T20:34:14.359+0000] {processor.py:925} INFO - DAG(s) 'example_xcom_args_with_operators', 'example_xcom_args' retrieved from /home/airflow/.local/lib/python3.12/site-packages/airflow/example_dags/example_xcomargs.py
[2025-01-18T20:34:14.411+0000] {logging_mixin.py:190} INFO - [2025-01-18T20:34:14.410+0000] {override.py:1911} INFO - Created Permission View: can delete on DAG:example_xcom_args_with_operators
[2025-01-18T20:34:14.418+0000] {logging_mixin.py:190} INFO - [2025-01-18T20:34:14.418+0000] {override.py:1911} INFO - Created Permission View: can edit on DAG:example_xcom_args_with_operators
[2025-01-18T20:34:14.425+0000] {logging_mixin.py:190} INFO - [2025-01-18T20:34:14.425+0000] {override.py:1911} INFO - Created Permission View: can read on DAG:example_xcom_args_with_operators
[2025-01-18T20:34:14.429+0000] {logging_mixin.py:190} INFO - [2025-01-18T20:34:14.429+0000] {override.py:1911} INFO - Created Permission View: can create on DAG Run:example_xcom_args_with_operators
[2025-01-18T20:34:14.432+0000] {logging_mixin.py:190} INFO - [2025-01-18T20:34:14.432+0000] {override.py:1911} INFO - Created Permission View: can delete on DAG Run:example_xcom_args_with_operators
[2025-01-18T20:34:14.435+0000] {logging_mixin.py:190} INFO - [2025-01-18T20:34:14.435+0000] {override.py:1911} INFO - Created Permission View: menu access on DAG Run:example_xcom_args_with_operators
[2025-01-18T20:34:14.438+0000] {logging_mixin.py:190} INFO - [2025-01-18T20:34:14.438+0000] {override.py:1911} INFO - Created Permission View: can read on DAG Run:example_xcom_args_with_operators
[2025-01-18T20:34:14.443+0000] {logging_mixin.py:190} INFO - [2025-01-18T20:34:14.443+0000] {override.py:1911} INFO - Created Permission View: can delete on DAG:example_xcom_args
[2025-01-18T20:34:14.446+0000] {logging_mixin.py:190} INFO - [2025-01-18T20:34:14.446+0000] {override.py:1911} INFO - Created Permission View: can edit on DAG:example_xcom_args
[2025-01-18T20:34:14.449+0000] {logging_mixin.py:190} INFO - [2025-01-18T20:34:14.449+0000] {override.py:1911} INFO - Created Permission View: can read on DAG:example_xcom_args
[2025-01-18T20:34:14.452+0000] {logging_mixin.py:190} INFO - [2025-01-18T20:34:14.452+0000] {override.py:1911} INFO - Created Permission View: can create on DAG Run:example_xcom_args
[2025-01-18T20:34:14.455+0000] {logging_mixin.py:190} INFO - [2025-01-18T20:34:14.455+0000] {override.py:1911} INFO - Created Permission View: can delete on DAG Run:example_xcom_args
[2025-01-18T20:34:14.457+0000] {logging_mixin.py:190} INFO - [2025-01-18T20:34:14.457+0000] {override.py:1911} INFO - Created Permission View: menu access on DAG Run:example_xcom_args
[2025-01-18T20:34:14.460+0000] {logging_mixin.py:190} INFO - [2025-01-18T20:34:14.459+0000] {override.py:1911} INFO - Created Permission View: can read on DAG Run:example_xcom_args
[2025-01-18T20:34:14.460+0000] {logging_mixin.py:190} INFO - [2025-01-18T20:34:14.460+0000] {dag.py:3239} INFO - Sync 2 DAGs
[2025-01-18T20:34:14.466+0000] {logging_mixin.py:190} INFO - [2025-01-18T20:34:14.466+0000] {dag.py:3262} INFO - Creating ORM DAG for example_xcom_args
[2025-01-18T20:34:14.466+0000] {logging_mixin.py:190} INFO - [2025-01-18T20:34:14.466+0000] {dag.py:3262} INFO - Creating ORM DAG for example_xcom_args_with_operators
[2025-01-18T20:34:14.467+0000] {logging_mixin.py:190} INFO - [2025-01-18T20:34:14.466+0000] {dag.py:4180} INFO - Setting next_dagrun for example_xcom_args to None, run_after=None
[2025-01-18T20:34:14.467+0000] {logging_mixin.py:190} INFO - [2025-01-18T20:34:14.467+0000] {dag.py:4180} INFO - Setting next_dagrun for example_xcom_args_with_operators to None, run_after=None
[2025-01-18T20:34:14.474+0000] {processor.py:208} INFO - Processing /home/airflow/.local/lib/python3.12/site-packages/airflow/example_dags/example_xcomargs.py took 0.127 seconds
[2025-01-18T20:34:44.955+0000] {processor.py:186} INFO - Started process (PID=149) to work on /home/airflow/.local/lib/python3.12/site-packages/airflow/example_dags/example_xcomargs.py
[2025-01-18T20:34:44.955+0000] {processor.py:914} INFO - Processing file /home/airflow/.local/lib/python3.12/site-packages/airflow/example_dags/example_xcomargs.py for tasks to queue
[2025-01-18T20:34:44.957+0000] {logging_mixin.py:190} INFO - [2025-01-18T20:34:44.956+0000] {dagbag.py:588} INFO - Filling up the DagBag from /home/airflow/.local/lib/python3.12/site-packages/airflow/example_dags/example_xcomargs.py
[2025-01-18T20:34:44.962+0000] {processor.py:925} INFO - DAG(s) 'example_xcom_args_with_operators', 'example_xcom_args' retrieved from /home/airflow/.local/lib/python3.12/site-packages/airflow/example_dags/example_xcomargs.py
[2025-01-18T20:34:44.975+0000] {logging_mixin.py:190} INFO - [2025-01-18T20:34:44.975+0000] {dag.py:3239} INFO - Sync 2 DAGs
[2025-01-18T20:34:44.982+0000] {logging_mixin.py:190} INFO - [2025-01-18T20:34:44.982+0000] {dag.py:4180} INFO - Setting next_dagrun for example_xcom_args to None, run_after=None
[2025-01-18T20:34:44.984+0000] {logging_mixin.py:190} INFO - [2025-01-18T20:34:44.984+0000] {dag.py:4180} INFO - Setting next_dagrun for example_xcom_args_with_operators to None, run_after=None
[2025-01-18T20:34:44.993+0000] {processor.py:208} INFO - Processing /home/airflow/.local/lib/python3.12/site-packages/airflow/example_dags/example_xcomargs.py took 0.042 seconds
