[2025-01-18T20:34:13.912+0000] {processor.py:186} INFO - Started process (PID=81) to work on /home/airflow/.local/lib/python3.12/site-packages/airflow/example_dags/example_bash_decorator.py
[2025-01-18T20:34:13.913+0000] {processor.py:914} INFO - Processing file /home/airflow/.local/lib/python3.12/site-packages/airflow/example_dags/example_bash_decorator.py for tasks to queue
[2025-01-18T20:34:13.914+0000] {logging_mixin.py:190} INFO - [2025-01-18T20:34:13.914+0000] {dagbag.py:588} INFO - Filling up the DagBag from /home/airflow/.local/lib/python3.12/site-packages/airflow/example_dags/example_bash_decorator.py
[2025-01-18T20:34:13.922+0000] {processor.py:925} INFO - DAG(s) 'example_bash_decorator' retrieved from /home/airflow/.local/lib/python3.12/site-packages/airflow/example_dags/example_bash_decorator.py
[2025-01-18T20:34:13.970+0000] {logging_mixin.py:190} INFO - [2025-01-18T20:34:13.969+0000] {override.py:1911} INFO - Created Permission View: can delete on DAG:example_bash_decorator
[2025-01-18T20:34:13.974+0000] {logging_mixin.py:190} INFO - [2025-01-18T20:34:13.974+0000] {override.py:1911} INFO - Created Permission View: can edit on DAG:example_bash_decorator
[2025-01-18T20:34:13.976+0000] {logging_mixin.py:190} INFO - [2025-01-18T20:34:13.976+0000] {override.py:1911} INFO - Created Permission View: can read on DAG:example_bash_decorator
[2025-01-18T20:34:13.978+0000] {logging_mixin.py:190} INFO - [2025-01-18T20:34:13.978+0000] {override.py:1911} INFO - Created Permission View: can create on DAG Run:example_bash_decorator
[2025-01-18T20:34:13.981+0000] {logging_mixin.py:190} INFO - [2025-01-18T20:34:13.981+0000] {override.py:1911} INFO - Created Permission View: can delete on DAG Run:example_bash_decorator
[2025-01-18T20:34:13.983+0000] {logging_mixin.py:190} INFO - [2025-01-18T20:34:13.983+0000] {override.py:1911} INFO - Created Permission View: menu access on DAG Run:example_bash_decorator
[2025-01-18T20:34:13.986+0000] {logging_mixin.py:190} INFO - [2025-01-18T20:34:13.986+0000] {override.py:1911} INFO - Created Permission View: can read on DAG Run:example_bash_decorator
[2025-01-18T20:34:13.986+0000] {logging_mixin.py:190} INFO - [2025-01-18T20:34:13.986+0000] {dag.py:3239} INFO - Sync 1 DAGs
[2025-01-18T20:34:13.992+0000] {logging_mixin.py:190} INFO - [2025-01-18T20:34:13.992+0000] {dag.py:3262} INFO - Creating ORM DAG for example_bash_decorator
[2025-01-18T20:34:13.993+0000] {logging_mixin.py:190} INFO - [2025-01-18T20:34:13.993+0000] {dag.py:4180} INFO - Setting next_dagrun for example_bash_decorator to None, run_after=None
[2025-01-18T20:34:13.999+0000] {processor.py:208} INFO - Processing /home/airflow/.local/lib/python3.12/site-packages/airflow/example_dags/example_bash_decorator.py took 0.090 seconds
[2025-01-18T20:34:44.721+0000] {processor.py:186} INFO - Started process (PID=143) to work on /home/airflow/.local/lib/python3.12/site-packages/airflow/example_dags/example_bash_decorator.py
[2025-01-18T20:34:44.723+0000] {processor.py:914} INFO - Processing file /home/airflow/.local/lib/python3.12/site-packages/airflow/example_dags/example_bash_decorator.py for tasks to queue
[2025-01-18T20:34:44.725+0000] {logging_mixin.py:190} INFO - [2025-01-18T20:34:44.725+0000] {dagbag.py:588} INFO - Filling up the DagBag from /home/airflow/.local/lib/python3.12/site-packages/airflow/example_dags/example_bash_decorator.py
[2025-01-18T20:34:44.733+0000] {processor.py:925} INFO - DAG(s) 'example_bash_decorator' retrieved from /home/airflow/.local/lib/python3.12/site-packages/airflow/example_dags/example_bash_decorator.py
[2025-01-18T20:34:44.747+0000] {logging_mixin.py:190} INFO - [2025-01-18T20:34:44.747+0000] {dag.py:3239} INFO - Sync 1 DAGs
[2025-01-18T20:34:44.754+0000] {logging_mixin.py:190} INFO - [2025-01-18T20:34:44.754+0000] {dag.py:4180} INFO - Setting next_dagrun for example_bash_decorator to None, run_after=None
[2025-01-18T20:34:44.763+0000] {processor.py:208} INFO - Processing /home/airflow/.local/lib/python3.12/site-packages/airflow/example_dags/example_bash_decorator.py took 0.046 seconds
