[2025-01-18T20:34:15.304+0000] {processor.py:186} INFO - Started process (PID=102) to work on /home/airflow/.local/lib/python3.12/site-packages/airflow/example_dags/example_local_kubernetes_executor.py
[2025-01-18T20:34:15.304+0000] {processor.py:914} INFO - Processing file /home/airflow/.local/lib/python3.12/site-packages/airflow/example_dags/example_local_kubernetes_executor.py for tasks to queue
[2025-01-18T20:34:15.306+0000] {logging_mixin.py:190} INFO - [2025-01-18T20:34:15.305+0000] {dagbag.py:588} INFO - Filling up the DagBag from /home/airflow/.local/lib/python3.12/site-packages/airflow/example_dags/example_local_kubernetes_executor.py
[2025-01-18T20:34:15.312+0000] {processor.py:925} INFO - DAG(s) 'example_local_kubernetes_executor' retrieved from /home/airflow/.local/lib/python3.12/site-packages/airflow/example_dags/example_local_kubernetes_executor.py
[2025-01-18T20:34:15.365+0000] {logging_mixin.py:190} INFO - [2025-01-18T20:34:15.365+0000] {override.py:1911} INFO - Created Permission View: can delete on DAG:example_local_kubernetes_executor
[2025-01-18T20:34:15.370+0000] {logging_mixin.py:190} INFO - [2025-01-18T20:34:15.370+0000] {override.py:1911} INFO - Created Permission View: can edit on DAG:example_local_kubernetes_executor
[2025-01-18T20:34:15.373+0000] {logging_mixin.py:190} INFO - [2025-01-18T20:34:15.373+0000] {override.py:1911} INFO - Created Permission View: can read on DAG:example_local_kubernetes_executor
[2025-01-18T20:34:15.375+0000] {logging_mixin.py:190} INFO - [2025-01-18T20:34:15.375+0000] {override.py:1911} INFO - Created Permission View: can create on DAG Run:example_local_kubernetes_executor
[2025-01-18T20:34:15.377+0000] {logging_mixin.py:190} INFO - [2025-01-18T20:34:15.377+0000] {override.py:1911} INFO - Created Permission View: can delete on DAG Run:example_local_kubernetes_executor
[2025-01-18T20:34:15.379+0000] {logging_mixin.py:190} INFO - [2025-01-18T20:34:15.379+0000] {override.py:1911} INFO - Created Permission View: menu access on DAG Run:example_local_kubernetes_executor
[2025-01-18T20:34:15.381+0000] {logging_mixin.py:190} INFO - [2025-01-18T20:34:15.381+0000] {override.py:1911} INFO - Created Permission View: can read on DAG Run:example_local_kubernetes_executor
[2025-01-18T20:34:15.381+0000] {logging_mixin.py:190} INFO - [2025-01-18T20:34:15.381+0000] {dag.py:3239} INFO - Sync 1 DAGs
[2025-01-18T20:34:15.387+0000] {logging_mixin.py:190} INFO - [2025-01-18T20:34:15.387+0000] {dag.py:3262} INFO - Creating ORM DAG for example_local_kubernetes_executor
[2025-01-18T20:34:15.388+0000] {logging_mixin.py:190} INFO - [2025-01-18T20:34:15.388+0000] {dag.py:4180} INFO - Setting next_dagrun for example_local_kubernetes_executor to None, run_after=None
[2025-01-18T20:34:15.395+0000] {processor.py:208} INFO - Processing /home/airflow/.local/lib/python3.12/site-packages/airflow/example_dags/example_local_kubernetes_executor.py took 0.095 seconds
[2025-01-18T20:34:45.420+0000] {processor.py:186} INFO - Started process (PID=163) to work on /home/airflow/.local/lib/python3.12/site-packages/airflow/example_dags/example_local_kubernetes_executor.py
[2025-01-18T20:34:45.421+0000] {processor.py:914} INFO - Processing file /home/airflow/.local/lib/python3.12/site-packages/airflow/example_dags/example_local_kubernetes_executor.py for tasks to queue
[2025-01-18T20:34:45.422+0000] {logging_mixin.py:190} INFO - [2025-01-18T20:34:45.422+0000] {dagbag.py:588} INFO - Filling up the DagBag from /home/airflow/.local/lib/python3.12/site-packages/airflow/example_dags/example_local_kubernetes_executor.py
[2025-01-18T20:34:45.427+0000] {processor.py:925} INFO - DAG(s) 'example_local_kubernetes_executor' retrieved from /home/airflow/.local/lib/python3.12/site-packages/airflow/example_dags/example_local_kubernetes_executor.py
[2025-01-18T20:34:45.439+0000] {logging_mixin.py:190} INFO - [2025-01-18T20:34:45.439+0000] {dag.py:3239} INFO - Sync 1 DAGs
[2025-01-18T20:34:45.447+0000] {logging_mixin.py:190} INFO - [2025-01-18T20:34:45.447+0000] {dag.py:4180} INFO - Setting next_dagrun for example_local_kubernetes_executor to None, run_after=None
[2025-01-18T20:34:45.456+0000] {processor.py:208} INFO - Processing /home/airflow/.local/lib/python3.12/site-packages/airflow/example_dags/example_local_kubernetes_executor.py took 0.040 seconds
