[2025-01-18T20:34:14.752+0000] {processor.py:186} INFO - Started process (PID=94) to work on /home/airflow/.local/lib/python3.12/site-packages/airflow/example_dags/example_time_delta_sensor_async.py
[2025-01-18T20:34:14.752+0000] {processor.py:914} INFO - Processing file /home/airflow/.local/lib/python3.12/site-packages/airflow/example_dags/example_time_delta_sensor_async.py for tasks to queue
[2025-01-18T20:34:14.754+0000] {logging_mixin.py:190} INFO - [2025-01-18T20:34:14.753+0000] {dagbag.py:588} INFO - Filling up the DagBag from /home/airflow/.local/lib/python3.12/site-packages/airflow/example_dags/example_time_delta_sensor_async.py
[2025-01-18T20:34:14.758+0000] {processor.py:925} INFO - DAG(s) 'example_time_delta_sensor_async' retrieved from /home/airflow/.local/lib/python3.12/site-packages/airflow/example_dags/example_time_delta_sensor_async.py
[2025-01-18T20:34:14.805+0000] {logging_mixin.py:190} INFO - [2025-01-18T20:34:14.805+0000] {override.py:1911} INFO - Created Permission View: can delete on DAG:example_time_delta_sensor_async
[2025-01-18T20:34:14.809+0000] {logging_mixin.py:190} INFO - [2025-01-18T20:34:14.809+0000] {override.py:1911} INFO - Created Permission View: can edit on DAG:example_time_delta_sensor_async
[2025-01-18T20:34:14.811+0000] {logging_mixin.py:190} INFO - [2025-01-18T20:34:14.811+0000] {override.py:1911} INFO - Created Permission View: can read on DAG:example_time_delta_sensor_async
[2025-01-18T20:34:14.814+0000] {logging_mixin.py:190} INFO - [2025-01-18T20:34:14.814+0000] {override.py:1911} INFO - Created Permission View: can create on DAG Run:example_time_delta_sensor_async
[2025-01-18T20:34:14.816+0000] {logging_mixin.py:190} INFO - [2025-01-18T20:34:14.816+0000] {override.py:1911} INFO - Created Permission View: can delete on DAG Run:example_time_delta_sensor_async
[2025-01-18T20:34:14.819+0000] {logging_mixin.py:190} INFO - [2025-01-18T20:34:14.819+0000] {override.py:1911} INFO - Created Permission View: menu access on DAG Run:example_time_delta_sensor_async
[2025-01-18T20:34:14.822+0000] {logging_mixin.py:190} INFO - [2025-01-18T20:34:14.822+0000] {override.py:1911} INFO - Created Permission View: can read on DAG Run:example_time_delta_sensor_async
[2025-01-18T20:34:14.823+0000] {logging_mixin.py:190} INFO - [2025-01-18T20:34:14.823+0000] {dag.py:3239} INFO - Sync 1 DAGs
[2025-01-18T20:34:14.830+0000] {logging_mixin.py:190} INFO - [2025-01-18T20:34:14.830+0000] {dag.py:3262} INFO - Creating ORM DAG for example_time_delta_sensor_async
[2025-01-18T20:34:14.832+0000] {logging_mixin.py:190} INFO - [2025-01-18T20:34:14.832+0000] {dag.py:4180} INFO - Setting next_dagrun for example_time_delta_sensor_async to None, run_after=None
[2025-01-18T20:34:14.844+0000] {processor.py:208} INFO - Processing /home/airflow/.local/lib/python3.12/site-packages/airflow/example_dags/example_time_delta_sensor_async.py took 0.096 seconds
[2025-01-18T20:34:45.180+0000] {processor.py:186} INFO - Started process (PID=156) to work on /home/airflow/.local/lib/python3.12/site-packages/airflow/example_dags/example_time_delta_sensor_async.py
[2025-01-18T20:34:45.180+0000] {processor.py:914} INFO - Processing file /home/airflow/.local/lib/python3.12/site-packages/airflow/example_dags/example_time_delta_sensor_async.py for tasks to queue
[2025-01-18T20:34:45.182+0000] {logging_mixin.py:190} INFO - [2025-01-18T20:34:45.182+0000] {dagbag.py:588} INFO - Filling up the DagBag from /home/airflow/.local/lib/python3.12/site-packages/airflow/example_dags/example_time_delta_sensor_async.py
[2025-01-18T20:34:45.186+0000] {processor.py:925} INFO - DAG(s) 'example_time_delta_sensor_async' retrieved from /home/airflow/.local/lib/python3.12/site-packages/airflow/example_dags/example_time_delta_sensor_async.py
[2025-01-18T20:34:45.198+0000] {logging_mixin.py:190} INFO - [2025-01-18T20:34:45.198+0000] {dag.py:3239} INFO - Sync 1 DAGs
[2025-01-18T20:34:45.207+0000] {logging_mixin.py:190} INFO - [2025-01-18T20:34:45.207+0000] {dag.py:4180} INFO - Setting next_dagrun for example_time_delta_sensor_async to None, run_after=None
[2025-01-18T20:34:45.219+0000] {processor.py:208} INFO - Processing /home/airflow/.local/lib/python3.12/site-packages/airflow/example_dags/example_time_delta_sensor_async.py took 0.043 seconds
