[2025-01-18T20:34:13.070+0000] {processor.py:186} INFO - Started process (PID=72) to work on /home/airflow/.local/lib/python3.12/site-packages/airflow/example_dags/example_workday_timetable.py
[2025-01-18T20:34:13.071+0000] {processor.py:914} INFO - Processing file /home/airflow/.local/lib/python3.12/site-packages/airflow/example_dags/example_workday_timetable.py for tasks to queue
[2025-01-18T20:34:13.073+0000] {logging_mixin.py:190} INFO - [2025-01-18T20:34:13.072+0000] {dagbag.py:588} INFO - Filling up the DagBag from /home/airflow/.local/lib/python3.12/site-packages/airflow/example_dags/example_workday_timetable.py
[2025-01-18T20:34:13.077+0000] {processor.py:925} INFO - DAG(s) 'example_workday_timetable' retrieved from /home/airflow/.local/lib/python3.12/site-packages/airflow/example_dags/example_workday_timetable.py
[2025-01-18T20:34:13.136+0000] {logging_mixin.py:190} INFO - [2025-01-18T20:34:13.135+0000] {override.py:1911} INFO - Created Permission View: can delete on DAG:example_workday_timetable
[2025-01-18T20:34:13.140+0000] {logging_mixin.py:190} INFO - [2025-01-18T20:34:13.140+0000] {override.py:1911} INFO - Created Permission View: can edit on DAG:example_workday_timetable
[2025-01-18T20:34:13.143+0000] {logging_mixin.py:190} INFO - [2025-01-18T20:34:13.143+0000] {override.py:1911} INFO - Created Permission View: can read on DAG:example_workday_timetable
[2025-01-18T20:34:13.148+0000] {logging_mixin.py:190} INFO - [2025-01-18T20:34:13.147+0000] {override.py:1911} INFO - Created Permission View: can create on DAG Run:example_workday_timetable
[2025-01-18T20:34:13.152+0000] {logging_mixin.py:190} INFO - [2025-01-18T20:34:13.152+0000] {override.py:1911} INFO - Created Permission View: can delete on DAG Run:example_workday_timetable
[2025-01-18T20:34:13.158+0000] {logging_mixin.py:190} INFO - [2025-01-18T20:34:13.158+0000] {override.py:1911} INFO - Created Permission View: menu access on DAG Run:example_workday_timetable
[2025-01-18T20:34:13.163+0000] {logging_mixin.py:190} INFO - [2025-01-18T20:34:13.163+0000] {override.py:1911} INFO - Created Permission View: can read on DAG Run:example_workday_timetable
[2025-01-18T20:34:13.163+0000] {logging_mixin.py:190} INFO - [2025-01-18T20:34:13.163+0000] {dag.py:3239} INFO - Sync 1 DAGs
[2025-01-18T20:34:13.170+0000] {logging_mixin.py:190} INFO - [2025-01-18T20:34:13.170+0000] {dag.py:3262} INFO - Creating ORM DAG for example_workday_timetable
[2025-01-18T20:34:13.204+0000] {logging_mixin.py:190} INFO - [2025-01-18T20:34:13.204+0000] {dag.py:4180} INFO - Setting next_dagrun for example_workday_timetable to 2021-01-04 00:00:00+00:00, run_after=2021-01-05 00:00:00+00:00
[2025-01-18T20:34:13.223+0000] {processor.py:208} INFO - Processing /home/airflow/.local/lib/python3.12/site-packages/airflow/example_dags/example_workday_timetable.py took 0.157 seconds
[2025-01-18T20:34:43.242+0000] {processor.py:186} INFO - Started process (PID=134) to work on /home/airflow/.local/lib/python3.12/site-packages/airflow/example_dags/example_workday_timetable.py
[2025-01-18T20:34:43.243+0000] {processor.py:914} INFO - Processing file /home/airflow/.local/lib/python3.12/site-packages/airflow/example_dags/example_workday_timetable.py for tasks to queue
[2025-01-18T20:34:43.244+0000] {logging_mixin.py:190} INFO - [2025-01-18T20:34:43.244+0000] {dagbag.py:588} INFO - Filling up the DagBag from /home/airflow/.local/lib/python3.12/site-packages/airflow/example_dags/example_workday_timetable.py
[2025-01-18T20:34:43.247+0000] {processor.py:925} INFO - DAG(s) 'example_workday_timetable' retrieved from /home/airflow/.local/lib/python3.12/site-packages/airflow/example_dags/example_workday_timetable.py
[2025-01-18T20:34:43.257+0000] {logging_mixin.py:190} INFO - [2025-01-18T20:34:43.257+0000] {dag.py:3239} INFO - Sync 1 DAGs
[2025-01-18T20:34:43.284+0000] {logging_mixin.py:190} INFO - [2025-01-18T20:34:43.284+0000] {dag.py:4180} INFO - Setting next_dagrun for example_workday_timetable to 2021-01-04 00:00:00+00:00, run_after=2021-01-05 00:00:00+00:00
[2025-01-18T20:34:43.294+0000] {processor.py:208} INFO - Processing /home/airflow/.local/lib/python3.12/site-packages/airflow/example_dags/example_workday_timetable.py took 0.055 seconds
