[2025-01-18T20:34:14.958+0000] {processor.py:186} INFO - Started process (PID=97) to work on /home/airflow/.local/lib/python3.12/site-packages/airflow/example_dags/example_task_group_decorator.py
[2025-01-18T20:34:14.959+0000] {processor.py:914} INFO - Processing file /home/airflow/.local/lib/python3.12/site-packages/airflow/example_dags/example_task_group_decorator.py for tasks to queue
[2025-01-18T20:34:14.961+0000] {logging_mixin.py:190} INFO - [2025-01-18T20:34:14.960+0000] {dagbag.py:588} INFO - Filling up the DagBag from /home/airflow/.local/lib/python3.12/site-packages/airflow/example_dags/example_task_group_decorator.py
[2025-01-18T20:34:14.970+0000] {processor.py:925} INFO - DAG(s) 'example_task_group_decorator' retrieved from /home/airflow/.local/lib/python3.12/site-packages/airflow/example_dags/example_task_group_decorator.py
[2025-01-18T20:34:15.029+0000] {logging_mixin.py:190} INFO - [2025-01-18T20:34:15.028+0000] {override.py:1911} INFO - Created Permission View: can delete on DAG:example_task_group_decorator
[2025-01-18T20:34:15.033+0000] {logging_mixin.py:190} INFO - [2025-01-18T20:34:15.033+0000] {override.py:1911} INFO - Created Permission View: can edit on DAG:example_task_group_decorator
[2025-01-18T20:34:15.035+0000] {logging_mixin.py:190} INFO - [2025-01-18T20:34:15.035+0000] {override.py:1911} INFO - Created Permission View: can read on DAG:example_task_group_decorator
[2025-01-18T20:34:15.038+0000] {logging_mixin.py:190} INFO - [2025-01-18T20:34:15.037+0000] {override.py:1911} INFO - Created Permission View: can create on DAG Run:example_task_group_decorator
[2025-01-18T20:34:15.040+0000] {logging_mixin.py:190} INFO - [2025-01-18T20:34:15.039+0000] {override.py:1911} INFO - Created Permission View: can delete on DAG Run:example_task_group_decorator
[2025-01-18T20:34:15.042+0000] {logging_mixin.py:190} INFO - [2025-01-18T20:34:15.042+0000] {override.py:1911} INFO - Created Permission View: menu access on DAG Run:example_task_group_decorator
[2025-01-18T20:34:15.044+0000] {logging_mixin.py:190} INFO - [2025-01-18T20:34:15.044+0000] {override.py:1911} INFO - Created Permission View: can read on DAG Run:example_task_group_decorator
[2025-01-18T20:34:15.044+0000] {logging_mixin.py:190} INFO - [2025-01-18T20:34:15.044+0000] {dag.py:3239} INFO - Sync 1 DAGs
[2025-01-18T20:34:15.050+0000] {logging_mixin.py:190} INFO - [2025-01-18T20:34:15.049+0000] {dag.py:3262} INFO - Creating ORM DAG for example_task_group_decorator
[2025-01-18T20:34:15.050+0000] {logging_mixin.py:190} INFO - [2025-01-18T20:34:15.050+0000] {dag.py:4180} INFO - Setting next_dagrun for example_task_group_decorator to None, run_after=None
[2025-01-18T20:34:15.056+0000] {processor.py:208} INFO - Processing /home/airflow/.local/lib/python3.12/site-packages/airflow/example_dags/example_task_group_decorator.py took 0.102 seconds
[2025-01-18T20:34:45.259+0000] {processor.py:186} INFO - Started process (PID=159) to work on /home/airflow/.local/lib/python3.12/site-packages/airflow/example_dags/example_task_group_decorator.py
[2025-01-18T20:34:45.260+0000] {processor.py:914} INFO - Processing file /home/airflow/.local/lib/python3.12/site-packages/airflow/example_dags/example_task_group_decorator.py for tasks to queue
[2025-01-18T20:34:45.265+0000] {logging_mixin.py:190} INFO - [2025-01-18T20:34:45.264+0000] {dagbag.py:588} INFO - Filling up the DagBag from /home/airflow/.local/lib/python3.12/site-packages/airflow/example_dags/example_task_group_decorator.py
[2025-01-18T20:34:45.274+0000] {processor.py:925} INFO - DAG(s) 'example_task_group_decorator' retrieved from /home/airflow/.local/lib/python3.12/site-packages/airflow/example_dags/example_task_group_decorator.py
[2025-01-18T20:34:45.288+0000] {logging_mixin.py:190} INFO - [2025-01-18T20:34:45.288+0000] {dag.py:3239} INFO - Sync 1 DAGs
[2025-01-18T20:34:45.296+0000] {logging_mixin.py:190} INFO - [2025-01-18T20:34:45.296+0000] {dag.py:4180} INFO - Setting next_dagrun for example_task_group_decorator to None, run_after=None
[2025-01-18T20:34:45.306+0000] {processor.py:208} INFO - Processing /home/airflow/.local/lib/python3.12/site-packages/airflow/example_dags/example_task_group_decorator.py took 0.050 seconds
