[2025-01-18T20:34:15.410+0000] {processor.py:186} INFO - Started process (PID=103) to work on /home/airflow/.local/lib/python3.12/site-packages/airflow/example_dags/example_dataset_alias_with_no_taskflow.py
[2025-01-18T20:34:15.410+0000] {processor.py:914} INFO - Processing file /home/airflow/.local/lib/python3.12/site-packages/airflow/example_dags/example_dataset_alias_with_no_taskflow.py for tasks to queue
[2025-01-18T20:34:15.411+0000] {logging_mixin.py:190} INFO - [2025-01-18T20:34:15.411+0000] {dagbag.py:588} INFO - Filling up the DagBag from /home/airflow/.local/lib/python3.12/site-packages/airflow/example_dags/example_dataset_alias_with_no_taskflow.py
[2025-01-18T20:34:15.720+0000] {processor.py:925} INFO - DAG(s) 'dataset_s3_bucket_producer_with_no_taskflow', 'dataset_s3_bucket_consumer_with_no_taskflow', 'dataset_alias_example_alias_consumer_with_no_taskflow', 'dataset_alias_example_alias_producer_with_no_taskflow' retrieved from /home/airflow/.local/lib/python3.12/site-packages/airflow/example_dags/example_dataset_alias_with_no_taskflow.py
[2025-01-18T20:34:15.760+0000] {logging_mixin.py:190} INFO - [2025-01-18T20:34:15.760+0000] {override.py:1911} INFO - Created Permission View: can delete on DAG:dataset_s3_bucket_producer_with_no_taskflow
[2025-01-18T20:34:15.766+0000] {logging_mixin.py:190} INFO - [2025-01-18T20:34:15.766+0000] {override.py:1911} INFO - Created Permission View: can edit on DAG:dataset_s3_bucket_producer_with_no_taskflow
[2025-01-18T20:34:15.769+0000] {logging_mixin.py:190} INFO - [2025-01-18T20:34:15.769+0000] {override.py:1911} INFO - Created Permission View: can read on DAG:dataset_s3_bucket_producer_with_no_taskflow
[2025-01-18T20:34:15.772+0000] {logging_mixin.py:190} INFO - [2025-01-18T20:34:15.772+0000] {override.py:1911} INFO - Created Permission View: can create on DAG Run:dataset_s3_bucket_producer_with_no_taskflow
[2025-01-18T20:34:15.775+0000] {logging_mixin.py:190} INFO - [2025-01-18T20:34:15.775+0000] {override.py:1911} INFO - Created Permission View: can delete on DAG Run:dataset_s3_bucket_producer_with_no_taskflow
[2025-01-18T20:34:15.777+0000] {logging_mixin.py:190} INFO - [2025-01-18T20:34:15.777+0000] {override.py:1911} INFO - Created Permission View: menu access on DAG Run:dataset_s3_bucket_producer_with_no_taskflow
[2025-01-18T20:34:15.780+0000] {logging_mixin.py:190} INFO - [2025-01-18T20:34:15.780+0000] {override.py:1911} INFO - Created Permission View: can read on DAG Run:dataset_s3_bucket_producer_with_no_taskflow
[2025-01-18T20:34:15.787+0000] {logging_mixin.py:190} INFO - [2025-01-18T20:34:15.786+0000] {override.py:1911} INFO - Created Permission View: can delete on DAG:dataset_s3_bucket_consumer_with_no_taskflow
[2025-01-18T20:34:15.793+0000] {logging_mixin.py:190} INFO - [2025-01-18T20:34:15.793+0000] {override.py:1911} INFO - Created Permission View: can edit on DAG:dataset_s3_bucket_consumer_with_no_taskflow
[2025-01-18T20:34:15.797+0000] {logging_mixin.py:190} INFO - [2025-01-18T20:34:15.796+0000] {override.py:1911} INFO - Created Permission View: can read on DAG:dataset_s3_bucket_consumer_with_no_taskflow
[2025-01-18T20:34:15.800+0000] {logging_mixin.py:190} INFO - [2025-01-18T20:34:15.799+0000] {override.py:1911} INFO - Created Permission View: can create on DAG Run:dataset_s3_bucket_consumer_with_no_taskflow
[2025-01-18T20:34:15.802+0000] {logging_mixin.py:190} INFO - [2025-01-18T20:34:15.802+0000] {override.py:1911} INFO - Created Permission View: can delete on DAG Run:dataset_s3_bucket_consumer_with_no_taskflow
[2025-01-18T20:34:15.804+0000] {logging_mixin.py:190} INFO - [2025-01-18T20:34:15.804+0000] {override.py:1911} INFO - Created Permission View: menu access on DAG Run:dataset_s3_bucket_consumer_with_no_taskflow
[2025-01-18T20:34:15.807+0000] {logging_mixin.py:190} INFO - [2025-01-18T20:34:15.807+0000] {override.py:1911} INFO - Created Permission View: can read on DAG Run:dataset_s3_bucket_consumer_with_no_taskflow
[2025-01-18T20:34:15.812+0000] {logging_mixin.py:190} INFO - [2025-01-18T20:34:15.812+0000] {override.py:1911} INFO - Created Permission View: can delete on DAG:dataset_alias_example_alias_consumer_with_no_taskflow
[2025-01-18T20:34:15.815+0000] {logging_mixin.py:190} INFO - [2025-01-18T20:34:15.815+0000] {override.py:1911} INFO - Created Permission View: can edit on DAG:dataset_alias_example_alias_consumer_with_no_taskflow
[2025-01-18T20:34:15.822+0000] {logging_mixin.py:190} INFO - [2025-01-18T20:34:15.821+0000] {override.py:1911} INFO - Created Permission View: can read on DAG:dataset_alias_example_alias_consumer_with_no_taskflow
[2025-01-18T20:34:15.825+0000] {logging_mixin.py:190} INFO - [2025-01-18T20:34:15.825+0000] {override.py:1911} INFO - Created Permission View: can create on DAG Run:dataset_alias_example_alias_consumer_with_no_taskflow
[2025-01-18T20:34:15.828+0000] {logging_mixin.py:190} INFO - [2025-01-18T20:34:15.828+0000] {override.py:1911} INFO - Created Permission View: can delete on DAG Run:dataset_alias_example_alias_consumer_with_no_taskflow
[2025-01-18T20:34:15.831+0000] {logging_mixin.py:190} INFO - [2025-01-18T20:34:15.830+0000] {override.py:1911} INFO - Created Permission View: menu access on DAG Run:dataset_alias_example_alias_consumer_with_no_taskflow
[2025-01-18T20:34:15.833+0000] {logging_mixin.py:190} INFO - [2025-01-18T20:34:15.833+0000] {override.py:1911} INFO - Created Permission View: can read on DAG Run:dataset_alias_example_alias_consumer_with_no_taskflow
[2025-01-18T20:34:15.839+0000] {logging_mixin.py:190} INFO - [2025-01-18T20:34:15.839+0000] {override.py:1911} INFO - Created Permission View: can delete on DAG:dataset_alias_example_alias_producer_with_no_taskflow
[2025-01-18T20:34:15.842+0000] {logging_mixin.py:190} INFO - [2025-01-18T20:34:15.842+0000] {override.py:1911} INFO - Created Permission View: can edit on DAG:dataset_alias_example_alias_producer_with_no_taskflow
[2025-01-18T20:34:15.846+0000] {logging_mixin.py:190} INFO - [2025-01-18T20:34:15.846+0000] {override.py:1911} INFO - Created Permission View: can read on DAG:dataset_alias_example_alias_producer_with_no_taskflow
[2025-01-18T20:34:15.848+0000] {logging_mixin.py:190} INFO - [2025-01-18T20:34:15.848+0000] {override.py:1911} INFO - Created Permission View: can create on DAG Run:dataset_alias_example_alias_producer_with_no_taskflow
[2025-01-18T20:34:15.850+0000] {logging_mixin.py:190} INFO - [2025-01-18T20:34:15.850+0000] {override.py:1911} INFO - Created Permission View: can delete on DAG Run:dataset_alias_example_alias_producer_with_no_taskflow
[2025-01-18T20:34:15.852+0000] {logging_mixin.py:190} INFO - [2025-01-18T20:34:15.852+0000] {override.py:1911} INFO - Created Permission View: menu access on DAG Run:dataset_alias_example_alias_producer_with_no_taskflow
[2025-01-18T20:34:15.855+0000] {logging_mixin.py:190} INFO - [2025-01-18T20:34:15.854+0000] {override.py:1911} INFO - Created Permission View: can read on DAG Run:dataset_alias_example_alias_producer_with_no_taskflow
[2025-01-18T20:34:15.855+0000] {logging_mixin.py:190} INFO - [2025-01-18T20:34:15.855+0000] {dag.py:3239} INFO - Sync 4 DAGs
[2025-01-18T20:34:15.861+0000] {logging_mixin.py:190} INFO - [2025-01-18T20:34:15.860+0000] {dag.py:3262} INFO - Creating ORM DAG for dataset_s3_bucket_consumer_with_no_taskflow
[2025-01-18T20:34:15.861+0000] {logging_mixin.py:190} INFO - [2025-01-18T20:34:15.861+0000] {dag.py:3262} INFO - Creating ORM DAG for dataset_alias_example_alias_producer_with_no_taskflow
[2025-01-18T20:34:15.861+0000] {logging_mixin.py:190} INFO - [2025-01-18T20:34:15.861+0000] {dag.py:3262} INFO - Creating ORM DAG for dataset_s3_bucket_producer_with_no_taskflow
[2025-01-18T20:34:15.861+0000] {logging_mixin.py:190} INFO - [2025-01-18T20:34:15.861+0000] {dag.py:3262} INFO - Creating ORM DAG for dataset_alias_example_alias_consumer_with_no_taskflow
[2025-01-18T20:34:15.865+0000] {logging_mixin.py:190} INFO - [2025-01-18T20:34:15.865+0000] {dag.py:4180} INFO - Setting next_dagrun for dataset_alias_example_alias_consumer_with_no_taskflow to None, run_after=None
[2025-01-18T20:34:15.866+0000] {logging_mixin.py:190} INFO - [2025-01-18T20:34:15.866+0000] {dag.py:4180} INFO - Setting next_dagrun for dataset_alias_example_alias_producer_with_no_taskflow to None, run_after=None
[2025-01-18T20:34:15.866+0000] {logging_mixin.py:190} INFO - [2025-01-18T20:34:15.866+0000] {dag.py:4180} INFO - Setting next_dagrun for dataset_s3_bucket_consumer_with_no_taskflow to None, run_after=None
[2025-01-18T20:34:15.866+0000] {logging_mixin.py:190} INFO - [2025-01-18T20:34:15.866+0000] {dag.py:4180} INFO - Setting next_dagrun for dataset_s3_bucket_producer_with_no_taskflow to None, run_after=None
[2025-01-18T20:34:15.877+0000] {processor.py:208} INFO - Processing /home/airflow/.local/lib/python3.12/site-packages/airflow/example_dags/example_dataset_alias_with_no_taskflow.py took 0.471 seconds
[2025-01-18T20:34:46.451+0000] {processor.py:186} INFO - Started process (PID=165) to work on /home/airflow/.local/lib/python3.12/site-packages/airflow/example_dags/example_dataset_alias_with_no_taskflow.py
[2025-01-18T20:34:46.453+0000] {processor.py:914} INFO - Processing file /home/airflow/.local/lib/python3.12/site-packages/airflow/example_dags/example_dataset_alias_with_no_taskflow.py for tasks to queue
[2025-01-18T20:34:46.454+0000] {logging_mixin.py:190} INFO - [2025-01-18T20:34:46.454+0000] {dagbag.py:588} INFO - Filling up the DagBag from /home/airflow/.local/lib/python3.12/site-packages/airflow/example_dags/example_dataset_alias_with_no_taskflow.py
[2025-01-18T20:34:46.751+0000] {processor.py:925} INFO - DAG(s) 'dataset_alias_example_alias_producer_with_no_taskflow', 'dataset_alias_example_alias_consumer_with_no_taskflow', 'dataset_s3_bucket_consumer_with_no_taskflow', 'dataset_s3_bucket_producer_with_no_taskflow' retrieved from /home/airflow/.local/lib/python3.12/site-packages/airflow/example_dags/example_dataset_alias_with_no_taskflow.py
[2025-01-18T20:34:46.762+0000] {logging_mixin.py:190} INFO - [2025-01-18T20:34:46.762+0000] {dag.py:3239} INFO - Sync 4 DAGs
[2025-01-18T20:34:46.771+0000] {logging_mixin.py:190} INFO - [2025-01-18T20:34:46.771+0000] {dag.py:4180} INFO - Setting next_dagrun for dataset_alias_example_alias_consumer_with_no_taskflow to None, run_after=None
[2025-01-18T20:34:46.773+0000] {logging_mixin.py:190} INFO - [2025-01-18T20:34:46.773+0000] {dag.py:4180} INFO - Setting next_dagrun for dataset_alias_example_alias_producer_with_no_taskflow to None, run_after=None
[2025-01-18T20:34:46.774+0000] {logging_mixin.py:190} INFO - [2025-01-18T20:34:46.774+0000] {dag.py:4180} INFO - Setting next_dagrun for dataset_s3_bucket_consumer_with_no_taskflow to None, run_after=None
[2025-01-18T20:34:46.775+0000] {logging_mixin.py:190} INFO - [2025-01-18T20:34:46.775+0000] {dag.py:4180} INFO - Setting next_dagrun for dataset_s3_bucket_producer_with_no_taskflow to None, run_after=None
[2025-01-18T20:34:46.785+0000] {processor.py:208} INFO - Processing /home/airflow/.local/lib/python3.12/site-packages/airflow/example_dags/example_dataset_alias_with_no_taskflow.py took 0.337 seconds
