[2025-01-18T20:34:13.300+0000] {processor.py:186} INFO - Started process (PID=75) to work on /home/airflow/.local/lib/python3.12/site-packages/airflow/example_dags/example_sensors.py
[2025-01-18T20:34:13.301+0000] {processor.py:914} INFO - Processing file /home/airflow/.local/lib/python3.12/site-packages/airflow/example_dags/example_sensors.py for tasks to queue
[2025-01-18T20:34:13.302+0000] {logging_mixin.py:190} INFO - [2025-01-18T20:34:13.302+0000] {dagbag.py:588} INFO - Filling up the DagBag from /home/airflow/.local/lib/python3.12/site-packages/airflow/example_dags/example_sensors.py
[2025-01-18T20:34:13.317+0000] {processor.py:925} INFO - DAG(s) 'example_sensors' retrieved from /home/airflow/.local/lib/python3.12/site-packages/airflow/example_dags/example_sensors.py
[2025-01-18T20:34:13.388+0000] {logging_mixin.py:190} INFO - [2025-01-18T20:34:13.387+0000] {override.py:1911} INFO - Created Permission View: can delete on DAG:example_sensors
[2025-01-18T20:34:13.394+0000] {logging_mixin.py:190} INFO - [2025-01-18T20:34:13.393+0000] {override.py:1911} INFO - Created Permission View: can edit on DAG:example_sensors
[2025-01-18T20:34:13.397+0000] {logging_mixin.py:190} INFO - [2025-01-18T20:34:13.397+0000] {override.py:1911} INFO - Created Permission View: can read on DAG:example_sensors
[2025-01-18T20:34:13.400+0000] {logging_mixin.py:190} INFO - [2025-01-18T20:34:13.400+0000] {override.py:1911} INFO - Created Permission View: can create on DAG Run:example_sensors
[2025-01-18T20:34:13.403+0000] {logging_mixin.py:190} INFO - [2025-01-18T20:34:13.403+0000] {override.py:1911} INFO - Created Permission View: can delete on DAG Run:example_sensors
[2025-01-18T20:34:13.406+0000] {logging_mixin.py:190} INFO - [2025-01-18T20:34:13.405+0000] {override.py:1911} INFO - Created Permission View: menu access on DAG Run:example_sensors
[2025-01-18T20:34:13.415+0000] {logging_mixin.py:190} INFO - [2025-01-18T20:34:13.415+0000] {override.py:1911} INFO - Created Permission View: can read on DAG Run:example_sensors
[2025-01-18T20:34:13.415+0000] {logging_mixin.py:190} INFO - [2025-01-18T20:34:13.415+0000] {dag.py:3239} INFO - Sync 1 DAGs
[2025-01-18T20:34:13.421+0000] {logging_mixin.py:190} INFO - [2025-01-18T20:34:13.421+0000] {dag.py:3262} INFO - Creating ORM DAG for example_sensors
[2025-01-18T20:34:13.422+0000] {logging_mixin.py:190} INFO - [2025-01-18T20:34:13.422+0000] {dag.py:4180} INFO - Setting next_dagrun for example_sensors to None, run_after=None
[2025-01-18T20:34:13.431+0000] {processor.py:208} INFO - Processing /home/airflow/.local/lib/python3.12/site-packages/airflow/example_dags/example_sensors.py took 0.134 seconds
[2025-01-18T20:34:44.327+0000] {processor.py:186} INFO - Started process (PID=137) to work on /home/airflow/.local/lib/python3.12/site-packages/airflow/example_dags/example_sensors.py
[2025-01-18T20:34:44.329+0000] {processor.py:914} INFO - Processing file /home/airflow/.local/lib/python3.12/site-packages/airflow/example_dags/example_sensors.py for tasks to queue
[2025-01-18T20:34:44.331+0000] {logging_mixin.py:190} INFO - [2025-01-18T20:34:44.331+0000] {dagbag.py:588} INFO - Filling up the DagBag from /home/airflow/.local/lib/python3.12/site-packages/airflow/example_dags/example_sensors.py
[2025-01-18T20:34:44.338+0000] {processor.py:925} INFO - DAG(s) 'example_sensors' retrieved from /home/airflow/.local/lib/python3.12/site-packages/airflow/example_dags/example_sensors.py
[2025-01-18T20:34:44.354+0000] {logging_mixin.py:190} INFO - [2025-01-18T20:34:44.354+0000] {dag.py:3239} INFO - Sync 1 DAGs
[2025-01-18T20:34:44.363+0000] {logging_mixin.py:190} INFO - [2025-01-18T20:34:44.363+0000] {dag.py:4180} INFO - Setting next_dagrun for example_sensors to None, run_after=None
[2025-01-18T20:34:44.375+0000] {processor.py:208} INFO - Processing /home/airflow/.local/lib/python3.12/site-packages/airflow/example_dags/example_sensors.py took 0.052 seconds
