[2025-01-18T20:34:13.241+0000] {processor.py:186} INFO - Started process (PID=74) to work on /home/airflow/.local/lib/python3.12/site-packages/airflow/example_dags/example_datasets.py
[2025-01-18T20:34:13.242+0000] {processor.py:914} INFO - Processing file /home/airflow/.local/lib/python3.12/site-packages/airflow/example_dags/example_datasets.py for tasks to queue
[2025-01-18T20:34:13.243+0000] {logging_mixin.py:190} INFO - [2025-01-18T20:34:13.243+0000] {dagbag.py:588} INFO - Filling up the DagBag from /home/airflow/.local/lib/python3.12/site-packages/airflow/example_dags/example_datasets.py
[2025-01-18T20:34:13.586+0000] {processor.py:925} INFO - DAG(s) 'dataset_consumes_1_never_scheduled', 'consume_1_or_2_with_dataset_expressions', 'consume_1_or_both_2_and_3_with_dataset_expressions', 'dataset_produces_1', 'conditional_dataset_and_time_based_timetable', 'consume_1_and_2_with_dataset_expressions', 'dataset_consumes_unknown_never_scheduled', 'dataset_produces_2', 'dataset_consumes_1_and_2', 'dataset_consumes_1' retrieved from /home/airflow/.local/lib/python3.12/site-packages/airflow/example_dags/example_datasets.py
[2025-01-18T20:34:13.630+0000] {logging_mixin.py:190} INFO - [2025-01-18T20:34:13.629+0000] {override.py:1911} INFO - Created Permission View: can delete on DAG:dataset_consumes_1_never_scheduled
[2025-01-18T20:34:13.634+0000] {logging_mixin.py:190} INFO - [2025-01-18T20:34:13.634+0000] {override.py:1911} INFO - Created Permission View: can edit on DAG:dataset_consumes_1_never_scheduled
[2025-01-18T20:34:13.637+0000] {logging_mixin.py:190} INFO - [2025-01-18T20:34:13.637+0000] {override.py:1911} INFO - Created Permission View: can read on DAG:dataset_consumes_1_never_scheduled
[2025-01-18T20:34:13.640+0000] {logging_mixin.py:190} INFO - [2025-01-18T20:34:13.639+0000] {override.py:1911} INFO - Created Permission View: can create on DAG Run:dataset_consumes_1_never_scheduled
[2025-01-18T20:34:13.644+0000] {logging_mixin.py:190} INFO - [2025-01-18T20:34:13.644+0000] {override.py:1911} INFO - Created Permission View: can delete on DAG Run:dataset_consumes_1_never_scheduled
[2025-01-18T20:34:13.647+0000] {logging_mixin.py:190} INFO - [2025-01-18T20:34:13.646+0000] {override.py:1911} INFO - Created Permission View: menu access on DAG Run:dataset_consumes_1_never_scheduled
[2025-01-18T20:34:13.650+0000] {logging_mixin.py:190} INFO - [2025-01-18T20:34:13.650+0000] {override.py:1911} INFO - Created Permission View: can read on DAG Run:dataset_consumes_1_never_scheduled
[2025-01-18T20:34:13.655+0000] {logging_mixin.py:190} INFO - [2025-01-18T20:34:13.655+0000] {override.py:1911} INFO - Created Permission View: can delete on DAG:consume_1_or_2_with_dataset_expressions
[2025-01-18T20:34:13.658+0000] {logging_mixin.py:190} INFO - [2025-01-18T20:34:13.657+0000] {override.py:1911} INFO - Created Permission View: can edit on DAG:consume_1_or_2_with_dataset_expressions
[2025-01-18T20:34:13.661+0000] {logging_mixin.py:190} INFO - [2025-01-18T20:34:13.661+0000] {override.py:1911} INFO - Created Permission View: can read on DAG:consume_1_or_2_with_dataset_expressions
[2025-01-18T20:34:13.665+0000] {logging_mixin.py:190} INFO - [2025-01-18T20:34:13.664+0000] {override.py:1911} INFO - Created Permission View: can create on DAG Run:consume_1_or_2_with_dataset_expressions
[2025-01-18T20:34:13.667+0000] {logging_mixin.py:190} INFO - [2025-01-18T20:34:13.667+0000] {override.py:1911} INFO - Created Permission View: can delete on DAG Run:consume_1_or_2_with_dataset_expressions
[2025-01-18T20:34:13.670+0000] {logging_mixin.py:190} INFO - [2025-01-18T20:34:13.670+0000] {override.py:1911} INFO - Created Permission View: menu access on DAG Run:consume_1_or_2_with_dataset_expressions
[2025-01-18T20:34:13.674+0000] {logging_mixin.py:190} INFO - [2025-01-18T20:34:13.673+0000] {override.py:1911} INFO - Created Permission View: can read on DAG Run:consume_1_or_2_with_dataset_expressions
[2025-01-18T20:34:13.679+0000] {logging_mixin.py:190} INFO - [2025-01-18T20:34:13.679+0000] {override.py:1911} INFO - Created Permission View: can delete on DAG:consume_1_or_both_2_and_3_with_dataset_expressions
[2025-01-18T20:34:13.685+0000] {logging_mixin.py:190} INFO - [2025-01-18T20:34:13.685+0000] {override.py:1911} INFO - Created Permission View: can edit on DAG:consume_1_or_both_2_and_3_with_dataset_expressions
[2025-01-18T20:34:13.691+0000] {logging_mixin.py:190} INFO - [2025-01-18T20:34:13.691+0000] {override.py:1911} INFO - Created Permission View: can read on DAG:consume_1_or_both_2_and_3_with_dataset_expressions
[2025-01-18T20:34:13.694+0000] {logging_mixin.py:190} INFO - [2025-01-18T20:34:13.694+0000] {override.py:1911} INFO - Created Permission View: can create on DAG Run:consume_1_or_both_2_and_3_with_dataset_expressions
[2025-01-18T20:34:13.697+0000] {logging_mixin.py:190} INFO - [2025-01-18T20:34:13.697+0000] {override.py:1911} INFO - Created Permission View: can delete on DAG Run:consume_1_or_both_2_and_3_with_dataset_expressions
[2025-01-18T20:34:13.700+0000] {logging_mixin.py:190} INFO - [2025-01-18T20:34:13.700+0000] {override.py:1911} INFO - Created Permission View: menu access on DAG Run:consume_1_or_both_2_and_3_with_dataset_expressions
[2025-01-18T20:34:13.703+0000] {logging_mixin.py:190} INFO - [2025-01-18T20:34:13.703+0000] {override.py:1911} INFO - Created Permission View: can read on DAG Run:consume_1_or_both_2_and_3_with_dataset_expressions
[2025-01-18T20:34:13.708+0000] {logging_mixin.py:190} INFO - [2025-01-18T20:34:13.708+0000] {override.py:1911} INFO - Created Permission View: can delete on DAG:dataset_produces_1
[2025-01-18T20:34:13.710+0000] {logging_mixin.py:190} INFO - [2025-01-18T20:34:13.710+0000] {override.py:1911} INFO - Created Permission View: can edit on DAG:dataset_produces_1
[2025-01-18T20:34:13.713+0000] {logging_mixin.py:190} INFO - [2025-01-18T20:34:13.713+0000] {override.py:1911} INFO - Created Permission View: can read on DAG:dataset_produces_1
[2025-01-18T20:34:13.715+0000] {logging_mixin.py:190} INFO - [2025-01-18T20:34:13.715+0000] {override.py:1911} INFO - Created Permission View: can create on DAG Run:dataset_produces_1
[2025-01-18T20:34:13.718+0000] {logging_mixin.py:190} INFO - [2025-01-18T20:34:13.718+0000] {override.py:1911} INFO - Created Permission View: can delete on DAG Run:dataset_produces_1
[2025-01-18T20:34:13.720+0000] {logging_mixin.py:190} INFO - [2025-01-18T20:34:13.720+0000] {override.py:1911} INFO - Created Permission View: menu access on DAG Run:dataset_produces_1
[2025-01-18T20:34:13.723+0000] {logging_mixin.py:190} INFO - [2025-01-18T20:34:13.723+0000] {override.py:1911} INFO - Created Permission View: can read on DAG Run:dataset_produces_1
[2025-01-18T20:34:13.728+0000] {logging_mixin.py:190} INFO - [2025-01-18T20:34:13.728+0000] {override.py:1911} INFO - Created Permission View: can delete on DAG:conditional_dataset_and_time_based_timetable
[2025-01-18T20:34:13.731+0000] {logging_mixin.py:190} INFO - [2025-01-18T20:34:13.731+0000] {override.py:1911} INFO - Created Permission View: can edit on DAG:conditional_dataset_and_time_based_timetable
[2025-01-18T20:34:13.733+0000] {logging_mixin.py:190} INFO - [2025-01-18T20:34:13.733+0000] {override.py:1911} INFO - Created Permission View: can read on DAG:conditional_dataset_and_time_based_timetable
[2025-01-18T20:34:13.736+0000] {logging_mixin.py:190} INFO - [2025-01-18T20:34:13.736+0000] {override.py:1911} INFO - Created Permission View: can create on DAG Run:conditional_dataset_and_time_based_timetable
[2025-01-18T20:34:13.739+0000] {logging_mixin.py:190} INFO - [2025-01-18T20:34:13.739+0000] {override.py:1911} INFO - Created Permission View: can delete on DAG Run:conditional_dataset_and_time_based_timetable
[2025-01-18T20:34:13.741+0000] {logging_mixin.py:190} INFO - [2025-01-18T20:34:13.741+0000] {override.py:1911} INFO - Created Permission View: menu access on DAG Run:conditional_dataset_and_time_based_timetable
[2025-01-18T20:34:13.744+0000] {logging_mixin.py:190} INFO - [2025-01-18T20:34:13.743+0000] {override.py:1911} INFO - Created Permission View: can read on DAG Run:conditional_dataset_and_time_based_timetable
[2025-01-18T20:34:13.748+0000] {logging_mixin.py:190} INFO - [2025-01-18T20:34:13.748+0000] {override.py:1911} INFO - Created Permission View: can delete on DAG:consume_1_and_2_with_dataset_expressions
[2025-01-18T20:34:13.751+0000] {logging_mixin.py:190} INFO - [2025-01-18T20:34:13.751+0000] {override.py:1911} INFO - Created Permission View: can edit on DAG:consume_1_and_2_with_dataset_expressions
[2025-01-18T20:34:13.754+0000] {logging_mixin.py:190} INFO - [2025-01-18T20:34:13.753+0000] {override.py:1911} INFO - Created Permission View: can read on DAG:consume_1_and_2_with_dataset_expressions
[2025-01-18T20:34:13.756+0000] {logging_mixin.py:190} INFO - [2025-01-18T20:34:13.756+0000] {override.py:1911} INFO - Created Permission View: can create on DAG Run:consume_1_and_2_with_dataset_expressions
[2025-01-18T20:34:13.759+0000] {logging_mixin.py:190} INFO - [2025-01-18T20:34:13.759+0000] {override.py:1911} INFO - Created Permission View: can delete on DAG Run:consume_1_and_2_with_dataset_expressions
[2025-01-18T20:34:13.762+0000] {logging_mixin.py:190} INFO - [2025-01-18T20:34:13.762+0000] {override.py:1911} INFO - Created Permission View: menu access on DAG Run:consume_1_and_2_with_dataset_expressions
[2025-01-18T20:34:13.764+0000] {logging_mixin.py:190} INFO - [2025-01-18T20:34:13.764+0000] {override.py:1911} INFO - Created Permission View: can read on DAG Run:consume_1_and_2_with_dataset_expressions
[2025-01-18T20:34:13.770+0000] {logging_mixin.py:190} INFO - [2025-01-18T20:34:13.769+0000] {override.py:1911} INFO - Created Permission View: can delete on DAG:dataset_consumes_unknown_never_scheduled
[2025-01-18T20:34:13.772+0000] {logging_mixin.py:190} INFO - [2025-01-18T20:34:13.772+0000] {override.py:1911} INFO - Created Permission View: can edit on DAG:dataset_consumes_unknown_never_scheduled
[2025-01-18T20:34:13.775+0000] {logging_mixin.py:190} INFO - [2025-01-18T20:34:13.775+0000] {override.py:1911} INFO - Created Permission View: can read on DAG:dataset_consumes_unknown_never_scheduled
[2025-01-18T20:34:13.778+0000] {logging_mixin.py:190} INFO - [2025-01-18T20:34:13.778+0000] {override.py:1911} INFO - Created Permission View: can create on DAG Run:dataset_consumes_unknown_never_scheduled
[2025-01-18T20:34:13.781+0000] {logging_mixin.py:190} INFO - [2025-01-18T20:34:13.781+0000] {override.py:1911} INFO - Created Permission View: can delete on DAG Run:dataset_consumes_unknown_never_scheduled
[2025-01-18T20:34:13.784+0000] {logging_mixin.py:190} INFO - [2025-01-18T20:34:13.784+0000] {override.py:1911} INFO - Created Permission View: menu access on DAG Run:dataset_consumes_unknown_never_scheduled
[2025-01-18T20:34:13.787+0000] {logging_mixin.py:190} INFO - [2025-01-18T20:34:13.787+0000] {override.py:1911} INFO - Created Permission View: can read on DAG Run:dataset_consumes_unknown_never_scheduled
[2025-01-18T20:34:13.793+0000] {logging_mixin.py:190} INFO - [2025-01-18T20:34:13.793+0000] {override.py:1911} INFO - Created Permission View: can delete on DAG:dataset_produces_2
[2025-01-18T20:34:13.798+0000] {logging_mixin.py:190} INFO - [2025-01-18T20:34:13.798+0000] {override.py:1911} INFO - Created Permission View: can edit on DAG:dataset_produces_2
[2025-01-18T20:34:13.802+0000] {logging_mixin.py:190} INFO - [2025-01-18T20:34:13.802+0000] {override.py:1911} INFO - Created Permission View: can read on DAG:dataset_produces_2
[2025-01-18T20:34:13.805+0000] {logging_mixin.py:190} INFO - [2025-01-18T20:34:13.804+0000] {override.py:1911} INFO - Created Permission View: can create on DAG Run:dataset_produces_2
[2025-01-18T20:34:13.807+0000] {logging_mixin.py:190} INFO - [2025-01-18T20:34:13.807+0000] {override.py:1911} INFO - Created Permission View: can delete on DAG Run:dataset_produces_2
[2025-01-18T20:34:13.810+0000] {logging_mixin.py:190} INFO - [2025-01-18T20:34:13.810+0000] {override.py:1911} INFO - Created Permission View: menu access on DAG Run:dataset_produces_2
[2025-01-18T20:34:13.812+0000] {logging_mixin.py:190} INFO - [2025-01-18T20:34:13.812+0000] {override.py:1911} INFO - Created Permission View: can read on DAG Run:dataset_produces_2
[2025-01-18T20:34:13.817+0000] {logging_mixin.py:190} INFO - [2025-01-18T20:34:13.817+0000] {override.py:1911} INFO - Created Permission View: can delete on DAG:dataset_consumes_1_and_2
[2025-01-18T20:34:13.820+0000] {logging_mixin.py:190} INFO - [2025-01-18T20:34:13.820+0000] {override.py:1911} INFO - Created Permission View: can edit on DAG:dataset_consumes_1_and_2
[2025-01-18T20:34:13.822+0000] {logging_mixin.py:190} INFO - [2025-01-18T20:34:13.822+0000] {override.py:1911} INFO - Created Permission View: can read on DAG:dataset_consumes_1_and_2
[2025-01-18T20:34:13.825+0000] {logging_mixin.py:190} INFO - [2025-01-18T20:34:13.825+0000] {override.py:1911} INFO - Created Permission View: can create on DAG Run:dataset_consumes_1_and_2
[2025-01-18T20:34:13.827+0000] {logging_mixin.py:190} INFO - [2025-01-18T20:34:13.827+0000] {override.py:1911} INFO - Created Permission View: can delete on DAG Run:dataset_consumes_1_and_2
[2025-01-18T20:34:13.829+0000] {logging_mixin.py:190} INFO - [2025-01-18T20:34:13.829+0000] {override.py:1911} INFO - Created Permission View: menu access on DAG Run:dataset_consumes_1_and_2
[2025-01-18T20:34:13.831+0000] {logging_mixin.py:190} INFO - [2025-01-18T20:34:13.831+0000] {override.py:1911} INFO - Created Permission View: can read on DAG Run:dataset_consumes_1_and_2
[2025-01-18T20:34:13.837+0000] {logging_mixin.py:190} INFO - [2025-01-18T20:34:13.836+0000] {override.py:1911} INFO - Created Permission View: can delete on DAG:dataset_consumes_1
[2025-01-18T20:34:13.839+0000] {logging_mixin.py:190} INFO - [2025-01-18T20:34:13.838+0000] {override.py:1911} INFO - Created Permission View: can edit on DAG:dataset_consumes_1
[2025-01-18T20:34:13.840+0000] {logging_mixin.py:190} INFO - [2025-01-18T20:34:13.840+0000] {override.py:1911} INFO - Created Permission View: can read on DAG:dataset_consumes_1
[2025-01-18T20:34:13.843+0000] {logging_mixin.py:190} INFO - [2025-01-18T20:34:13.843+0000] {override.py:1911} INFO - Created Permission View: can create on DAG Run:dataset_consumes_1
[2025-01-18T20:34:13.845+0000] {logging_mixin.py:190} INFO - [2025-01-18T20:34:13.845+0000] {override.py:1911} INFO - Created Permission View: can delete on DAG Run:dataset_consumes_1
[2025-01-18T20:34:13.847+0000] {logging_mixin.py:190} INFO - [2025-01-18T20:34:13.847+0000] {override.py:1911} INFO - Created Permission View: menu access on DAG Run:dataset_consumes_1
[2025-01-18T20:34:13.849+0000] {logging_mixin.py:190} INFO - [2025-01-18T20:34:13.849+0000] {override.py:1911} INFO - Created Permission View: can read on DAG Run:dataset_consumes_1
[2025-01-18T20:34:13.849+0000] {logging_mixin.py:190} INFO - [2025-01-18T20:34:13.849+0000] {dag.py:3239} INFO - Sync 10 DAGs
[2025-01-18T20:34:13.854+0000] {logging_mixin.py:190} INFO - [2025-01-18T20:34:13.854+0000] {dag.py:3262} INFO - Creating ORM DAG for conditional_dataset_and_time_based_timetable
[2025-01-18T20:34:13.855+0000] {logging_mixin.py:190} INFO - [2025-01-18T20:34:13.855+0000] {dag.py:3262} INFO - Creating ORM DAG for consume_1_and_2_with_dataset_expressions
[2025-01-18T20:34:13.855+0000] {logging_mixin.py:190} INFO - [2025-01-18T20:34:13.855+0000] {dag.py:3262} INFO - Creating ORM DAG for dataset_consumes_1
[2025-01-18T20:34:13.855+0000] {logging_mixin.py:190} INFO - [2025-01-18T20:34:13.855+0000] {dag.py:3262} INFO - Creating ORM DAG for dataset_consumes_1_never_scheduled
[2025-01-18T20:34:13.855+0000] {logging_mixin.py:190} INFO - [2025-01-18T20:34:13.855+0000] {dag.py:3262} INFO - Creating ORM DAG for dataset_consumes_1_and_2
[2025-01-18T20:34:13.856+0000] {logging_mixin.py:190} INFO - [2025-01-18T20:34:13.856+0000] {dag.py:3262} INFO - Creating ORM DAG for dataset_consumes_unknown_never_scheduled
[2025-01-18T20:34:13.856+0000] {logging_mixin.py:190} INFO - [2025-01-18T20:34:13.856+0000] {dag.py:3262} INFO - Creating ORM DAG for dataset_produces_2
[2025-01-18T20:34:13.856+0000] {logging_mixin.py:190} INFO - [2025-01-18T20:34:13.856+0000] {dag.py:3262} INFO - Creating ORM DAG for consume_1_or_2_with_dataset_expressions
[2025-01-18T20:34:13.856+0000] {logging_mixin.py:190} INFO - [2025-01-18T20:34:13.856+0000] {dag.py:3262} INFO - Creating ORM DAG for dataset_produces_1
[2025-01-18T20:34:13.856+0000] {logging_mixin.py:190} INFO - [2025-01-18T20:34:13.856+0000] {dag.py:3262} INFO - Creating ORM DAG for consume_1_or_both_2_and_3_with_dataset_expressions
[2025-01-18T20:34:13.861+0000] {logging_mixin.py:190} INFO - [2025-01-18T20:34:13.861+0000] {dag.py:4180} INFO - Setting next_dagrun for conditional_dataset_and_time_based_timetable to 2025-01-15 01:00:00+00:00, run_after=2025-01-15 01:00:00+00:00
[2025-01-18T20:34:13.862+0000] {logging_mixin.py:190} INFO - [2025-01-18T20:34:13.862+0000] {dag.py:4180} INFO - Setting next_dagrun for consume_1_and_2_with_dataset_expressions to None, run_after=None
[2025-01-18T20:34:13.862+0000] {logging_mixin.py:190} INFO - [2025-01-18T20:34:13.862+0000] {dag.py:4180} INFO - Setting next_dagrun for consume_1_or_2_with_dataset_expressions to None, run_after=None
[2025-01-18T20:34:13.862+0000] {logging_mixin.py:190} INFO - [2025-01-18T20:34:13.862+0000] {dag.py:4180} INFO - Setting next_dagrun for consume_1_or_both_2_and_3_with_dataset_expressions to None, run_after=None
[2025-01-18T20:34:13.862+0000] {logging_mixin.py:190} INFO - [2025-01-18T20:34:13.862+0000] {dag.py:4180} INFO - Setting next_dagrun for dataset_consumes_1 to None, run_after=None
[2025-01-18T20:34:13.862+0000] {logging_mixin.py:190} INFO - [2025-01-18T20:34:13.862+0000] {dag.py:4180} INFO - Setting next_dagrun for dataset_consumes_1_and_2 to None, run_after=None
[2025-01-18T20:34:13.862+0000] {logging_mixin.py:190} INFO - [2025-01-18T20:34:13.862+0000] {dag.py:4180} INFO - Setting next_dagrun for dataset_consumes_1_never_scheduled to None, run_after=None
[2025-01-18T20:34:13.863+0000] {logging_mixin.py:190} INFO - [2025-01-18T20:34:13.863+0000] {dag.py:4180} INFO - Setting next_dagrun for dataset_consumes_unknown_never_scheduled to None, run_after=None
[2025-01-18T20:34:13.863+0000] {logging_mixin.py:190} INFO - [2025-01-18T20:34:13.863+0000] {dag.py:4180} INFO - Setting next_dagrun for dataset_produces_1 to 2025-01-17 00:00:00+00:00, run_after=2025-01-18 00:00:00+00:00
[2025-01-18T20:34:13.864+0000] {logging_mixin.py:190} INFO - [2025-01-18T20:34:13.864+0000] {dag.py:4180} INFO - Setting next_dagrun for dataset_produces_2 to None, run_after=None
[2025-01-18T20:34:13.883+0000] {processor.py:208} INFO - Processing /home/airflow/.local/lib/python3.12/site-packages/airflow/example_dags/example_datasets.py took 0.645 seconds
[2025-01-18T20:34:44.323+0000] {processor.py:186} INFO - Started process (PID=136) to work on /home/airflow/.local/lib/python3.12/site-packages/airflow/example_dags/example_datasets.py
[2025-01-18T20:34:44.323+0000] {processor.py:914} INFO - Processing file /home/airflow/.local/lib/python3.12/site-packages/airflow/example_dags/example_datasets.py for tasks to queue
[2025-01-18T20:34:44.325+0000] {logging_mixin.py:190} INFO - [2025-01-18T20:34:44.325+0000] {dagbag.py:588} INFO - Filling up the DagBag from /home/airflow/.local/lib/python3.12/site-packages/airflow/example_dags/example_datasets.py
[2025-01-18T20:34:44.697+0000] {processor.py:925} INFO - DAG(s) 'dataset_produces_1', 'dataset_consumes_unknown_never_scheduled', 'conditional_dataset_and_time_based_timetable', 'dataset_produces_2', 'consume_1_or_both_2_and_3_with_dataset_expressions', 'consume_1_and_2_with_dataset_expressions', 'dataset_consumes_1', 'dataset_consumes_1_and_2', 'consume_1_or_2_with_dataset_expressions', 'dataset_consumes_1_never_scheduled' retrieved from /home/airflow/.local/lib/python3.12/site-packages/airflow/example_dags/example_datasets.py
[2025-01-18T20:34:44.719+0000] {logging_mixin.py:190} INFO - [2025-01-18T20:34:44.719+0000] {dag.py:3239} INFO - Sync 10 DAGs
[2025-01-18T20:34:44.732+0000] {logging_mixin.py:190} INFO - [2025-01-18T20:34:44.732+0000] {dag.py:4180} INFO - Setting next_dagrun for conditional_dataset_and_time_based_timetable to 2025-01-15 01:00:00+00:00, run_after=2025-01-15 01:00:00+00:00
[2025-01-18T20:34:44.735+0000] {logging_mixin.py:190} INFO - [2025-01-18T20:34:44.735+0000] {dag.py:4180} INFO - Setting next_dagrun for consume_1_and_2_with_dataset_expressions to None, run_after=None
[2025-01-18T20:34:44.736+0000] {logging_mixin.py:190} INFO - [2025-01-18T20:34:44.736+0000] {dag.py:4180} INFO - Setting next_dagrun for consume_1_or_2_with_dataset_expressions to None, run_after=None
[2025-01-18T20:34:44.737+0000] {logging_mixin.py:190} INFO - [2025-01-18T20:34:44.737+0000] {dag.py:4180} INFO - Setting next_dagrun for consume_1_or_both_2_and_3_with_dataset_expressions to None, run_after=None
[2025-01-18T20:34:44.738+0000] {logging_mixin.py:190} INFO - [2025-01-18T20:34:44.738+0000] {dag.py:4180} INFO - Setting next_dagrun for dataset_consumes_1 to None, run_after=None
[2025-01-18T20:34:44.738+0000] {logging_mixin.py:190} INFO - [2025-01-18T20:34:44.738+0000] {dag.py:4180} INFO - Setting next_dagrun for dataset_consumes_1_and_2 to None, run_after=None
[2025-01-18T20:34:44.739+0000] {logging_mixin.py:190} INFO - [2025-01-18T20:34:44.739+0000] {dag.py:4180} INFO - Setting next_dagrun for dataset_consumes_1_never_scheduled to None, run_after=None
[2025-01-18T20:34:44.739+0000] {logging_mixin.py:190} INFO - [2025-01-18T20:34:44.739+0000] {dag.py:4180} INFO - Setting next_dagrun for dataset_consumes_unknown_never_scheduled to None, run_after=None
[2025-01-18T20:34:44.741+0000] {logging_mixin.py:190} INFO - [2025-01-18T20:34:44.740+0000] {dag.py:4180} INFO - Setting next_dagrun for dataset_produces_1 to 2025-01-17 00:00:00+00:00, run_after=2025-01-18 00:00:00+00:00
[2025-01-18T20:34:44.741+0000] {logging_mixin.py:190} INFO - [2025-01-18T20:34:44.741+0000] {dag.py:4180} INFO - Setting next_dagrun for dataset_produces_2 to None, run_after=None
[2025-01-18T20:34:44.760+0000] {processor.py:208} INFO - Processing /home/airflow/.local/lib/python3.12/site-packages/airflow/example_dags/example_datasets.py took 0.442 seconds
