[2025-01-18T20:34:14.874+0000] {processor.py:186} INFO - Started process (PID=96) to work on /home/airflow/.local/lib/python3.12/site-packages/airflow/example_dags/example_sensor_decorator.py
[2025-01-18T20:34:14.875+0000] {processor.py:914} INFO - Processing file /home/airflow/.local/lib/python3.12/site-packages/airflow/example_dags/example_sensor_decorator.py for tasks to queue
[2025-01-18T20:34:14.877+0000] {logging_mixin.py:190} INFO - [2025-01-18T20:34:14.877+0000] {dagbag.py:588} INFO - Filling up the DagBag from /home/airflow/.local/lib/python3.12/site-packages/airflow/example_dags/example_sensor_decorator.py
[2025-01-18T20:34:14.882+0000] {processor.py:925} INFO - DAG(s) 'example_sensor_decorator' retrieved from /home/airflow/.local/lib/python3.12/site-packages/airflow/example_dags/example_sensor_decorator.py
[2025-01-18T20:34:14.929+0000] {logging_mixin.py:190} INFO - [2025-01-18T20:34:14.928+0000] {override.py:1911} INFO - Created Permission View: can delete on DAG:example_sensor_decorator
[2025-01-18T20:34:14.934+0000] {logging_mixin.py:190} INFO - [2025-01-18T20:34:14.933+0000] {override.py:1911} INFO - Created Permission View: can edit on DAG:example_sensor_decorator
[2025-01-18T20:34:14.936+0000] {logging_mixin.py:190} INFO - [2025-01-18T20:34:14.936+0000] {override.py:1911} INFO - Created Permission View: can read on DAG:example_sensor_decorator
[2025-01-18T20:34:14.939+0000] {logging_mixin.py:190} INFO - [2025-01-18T20:34:14.939+0000] {override.py:1911} INFO - Created Permission View: can create on DAG Run:example_sensor_decorator
[2025-01-18T20:34:14.942+0000] {logging_mixin.py:190} INFO - [2025-01-18T20:34:14.942+0000] {override.py:1911} INFO - Created Permission View: can delete on DAG Run:example_sensor_decorator
[2025-01-18T20:34:14.945+0000] {logging_mixin.py:190} INFO - [2025-01-18T20:34:14.945+0000] {override.py:1911} INFO - Created Permission View: menu access on DAG Run:example_sensor_decorator
[2025-01-18T20:34:14.949+0000] {logging_mixin.py:190} INFO - [2025-01-18T20:34:14.948+0000] {override.py:1911} INFO - Created Permission View: can read on DAG Run:example_sensor_decorator
[2025-01-18T20:34:14.950+0000] {logging_mixin.py:190} INFO - [2025-01-18T20:34:14.949+0000] {dag.py:3239} INFO - Sync 1 DAGs
[2025-01-18T20:34:14.959+0000] {logging_mixin.py:190} INFO - [2025-01-18T20:34:14.959+0000] {dag.py:3262} INFO - Creating ORM DAG for example_sensor_decorator
[2025-01-18T20:34:14.959+0000] {logging_mixin.py:190} INFO - [2025-01-18T20:34:14.959+0000] {dag.py:4180} INFO - Setting next_dagrun for example_sensor_decorator to None, run_after=None
[2025-01-18T20:34:14.967+0000] {processor.py:208} INFO - Processing /home/airflow/.local/lib/python3.12/site-packages/airflow/example_dags/example_sensor_decorator.py took 0.097 seconds
[2025-01-18T20:34:45.244+0000] {processor.py:186} INFO - Started process (PID=158) to work on /home/airflow/.local/lib/python3.12/site-packages/airflow/example_dags/example_sensor_decorator.py
[2025-01-18T20:34:45.244+0000] {processor.py:914} INFO - Processing file /home/airflow/.local/lib/python3.12/site-packages/airflow/example_dags/example_sensor_decorator.py for tasks to queue
[2025-01-18T20:34:45.249+0000] {logging_mixin.py:190} INFO - [2025-01-18T20:34:45.248+0000] {dagbag.py:588} INFO - Filling up the DagBag from /home/airflow/.local/lib/python3.12/site-packages/airflow/example_dags/example_sensor_decorator.py
[2025-01-18T20:34:45.254+0000] {processor.py:925} INFO - DAG(s) 'example_sensor_decorator' retrieved from /home/airflow/.local/lib/python3.12/site-packages/airflow/example_dags/example_sensor_decorator.py
[2025-01-18T20:34:45.264+0000] {logging_mixin.py:190} INFO - [2025-01-18T20:34:45.264+0000] {dag.py:3239} INFO - Sync 1 DAGs
[2025-01-18T20:34:45.270+0000] {logging_mixin.py:190} INFO - [2025-01-18T20:34:45.270+0000] {dag.py:4180} INFO - Setting next_dagrun for example_sensor_decorator to None, run_after=None
[2025-01-18T20:34:45.280+0000] {processor.py:208} INFO - Processing /home/airflow/.local/lib/python3.12/site-packages/airflow/example_dags/example_sensor_decorator.py took 0.039 seconds
