[2025-01-18T20:34:11.954+0000] {processor.py:186} INFO - Started process (PID=63) to work on /home/airflow/.local/lib/python3.12/site-packages/airflow/example_dags/example_outlet_event_extra.py
[2025-01-18T20:34:11.954+0000] {processor.py:914} INFO - Processing file /home/airflow/.local/lib/python3.12/site-packages/airflow/example_dags/example_outlet_event_extra.py for tasks to queue
[2025-01-18T20:34:11.956+0000] {logging_mixin.py:190} INFO - [2025-01-18T20:34:11.956+0000] {dagbag.py:588} INFO - Filling up the DagBag from /home/airflow/.local/lib/python3.12/site-packages/airflow/example_dags/example_outlet_event_extra.py
[2025-01-18T20:34:12.378+0000] {processor.py:925} INFO - DAG(s) 'dataset_with_extra_by_context', 'dataset_with_extra_by_yield', 'dataset_with_extra_from_classic_operator' retrieved from /home/airflow/.local/lib/python3.12/site-packages/airflow/example_dags/example_outlet_event_extra.py
[2025-01-18T20:34:12.438+0000] {logging_mixin.py:190} INFO - [2025-01-18T20:34:12.438+0000] {override.py:1911} INFO - Created Permission View: can delete on DAG:dataset_with_extra_by_context
[2025-01-18T20:34:12.447+0000] {logging_mixin.py:190} INFO - [2025-01-18T20:34:12.447+0000] {override.py:1911} INFO - Created Permission View: can edit on DAG:dataset_with_extra_by_context
[2025-01-18T20:34:12.450+0000] {logging_mixin.py:190} INFO - [2025-01-18T20:34:12.450+0000] {override.py:1911} INFO - Created Permission View: can read on DAG:dataset_with_extra_by_context
[2025-01-18T20:34:12.456+0000] {logging_mixin.py:190} INFO - [2025-01-18T20:34:12.455+0000] {override.py:1911} INFO - Created Permission View: can create on DAG Run:dataset_with_extra_by_context
[2025-01-18T20:34:12.459+0000] {logging_mixin.py:190} INFO - [2025-01-18T20:34:12.459+0000] {override.py:1911} INFO - Created Permission View: can delete on DAG Run:dataset_with_extra_by_context
[2025-01-18T20:34:12.463+0000] {logging_mixin.py:190} INFO - [2025-01-18T20:34:12.463+0000] {override.py:1911} INFO - Created Permission View: menu access on DAG Run:dataset_with_extra_by_context
[2025-01-18T20:34:12.467+0000] {logging_mixin.py:190} INFO - [2025-01-18T20:34:12.467+0000] {override.py:1911} INFO - Created Permission View: can read on DAG Run:dataset_with_extra_by_context
[2025-01-18T20:34:12.477+0000] {logging_mixin.py:190} INFO - [2025-01-18T20:34:12.477+0000] {override.py:1911} INFO - Created Permission View: can delete on DAG:dataset_with_extra_by_yield
[2025-01-18T20:34:12.490+0000] {logging_mixin.py:190} INFO - [2025-01-18T20:34:12.490+0000] {override.py:1911} INFO - Created Permission View: can edit on DAG:dataset_with_extra_by_yield
[2025-01-18T20:34:12.494+0000] {logging_mixin.py:190} INFO - [2025-01-18T20:34:12.494+0000] {override.py:1911} INFO - Created Permission View: can read on DAG:dataset_with_extra_by_yield
[2025-01-18T20:34:12.498+0000] {logging_mixin.py:190} INFO - [2025-01-18T20:34:12.498+0000] {override.py:1911} INFO - Created Permission View: can create on DAG Run:dataset_with_extra_by_yield
[2025-01-18T20:34:12.502+0000] {logging_mixin.py:190} INFO - [2025-01-18T20:34:12.502+0000] {override.py:1911} INFO - Created Permission View: can delete on DAG Run:dataset_with_extra_by_yield
[2025-01-18T20:34:12.505+0000] {logging_mixin.py:190} INFO - [2025-01-18T20:34:12.505+0000] {override.py:1911} INFO - Created Permission View: menu access on DAG Run:dataset_with_extra_by_yield
[2025-01-18T20:34:12.508+0000] {logging_mixin.py:190} INFO - [2025-01-18T20:34:12.508+0000] {override.py:1911} INFO - Created Permission View: can read on DAG Run:dataset_with_extra_by_yield
[2025-01-18T20:34:12.514+0000] {logging_mixin.py:190} INFO - [2025-01-18T20:34:12.514+0000] {override.py:1911} INFO - Created Permission View: can delete on DAG:dataset_with_extra_from_classic_operator
[2025-01-18T20:34:12.517+0000] {logging_mixin.py:190} INFO - [2025-01-18T20:34:12.517+0000] {override.py:1911} INFO - Created Permission View: can edit on DAG:dataset_with_extra_from_classic_operator
[2025-01-18T20:34:12.520+0000] {logging_mixin.py:190} INFO - [2025-01-18T20:34:12.519+0000] {override.py:1911} INFO - Created Permission View: can read on DAG:dataset_with_extra_from_classic_operator
[2025-01-18T20:34:12.522+0000] {logging_mixin.py:190} INFO - [2025-01-18T20:34:12.522+0000] {override.py:1911} INFO - Created Permission View: can create on DAG Run:dataset_with_extra_from_classic_operator
[2025-01-18T20:34:12.525+0000] {logging_mixin.py:190} INFO - [2025-01-18T20:34:12.525+0000] {override.py:1911} INFO - Created Permission View: can delete on DAG Run:dataset_with_extra_from_classic_operator
[2025-01-18T20:34:12.533+0000] {logging_mixin.py:190} INFO - [2025-01-18T20:34:12.533+0000] {override.py:1911} INFO - Created Permission View: menu access on DAG Run:dataset_with_extra_from_classic_operator
[2025-01-18T20:34:12.536+0000] {logging_mixin.py:190} INFO - [2025-01-18T20:34:12.536+0000] {override.py:1911} INFO - Created Permission View: can read on DAG Run:dataset_with_extra_from_classic_operator
[2025-01-18T20:34:12.537+0000] {logging_mixin.py:190} INFO - [2025-01-18T20:34:12.537+0000] {dag.py:3239} INFO - Sync 3 DAGs
[2025-01-18T20:34:12.543+0000] {logging_mixin.py:190} INFO - [2025-01-18T20:34:12.543+0000] {dag.py:3262} INFO - Creating ORM DAG for dataset_with_extra_by_context
[2025-01-18T20:34:12.547+0000] {logging_mixin.py:190} INFO - [2025-01-18T20:34:12.547+0000] {dag.py:3262} INFO - Creating ORM DAG for dataset_with_extra_by_yield
[2025-01-18T20:34:12.548+0000] {logging_mixin.py:190} INFO - [2025-01-18T20:34:12.548+0000] {dag.py:3262} INFO - Creating ORM DAG for dataset_with_extra_from_classic_operator
[2025-01-18T20:34:12.553+0000] {logging_mixin.py:190} INFO - [2025-01-18T20:34:12.553+0000] {dag.py:4180} INFO - Setting next_dagrun for dataset_with_extra_by_context to 2025-01-17 00:00:00+00:00, run_after=2025-01-18 00:00:00+00:00
[2025-01-18T20:34:12.558+0000] {logging_mixin.py:190} INFO - [2025-01-18T20:34:12.558+0000] {dag.py:4180} INFO - Setting next_dagrun for dataset_with_extra_by_yield to 2025-01-17 00:00:00+00:00, run_after=2025-01-18 00:00:00+00:00
[2025-01-18T20:34:12.559+0000] {logging_mixin.py:190} INFO - [2025-01-18T20:34:12.559+0000] {dag.py:4180} INFO - Setting next_dagrun for dataset_with_extra_from_classic_operator to 2025-01-17 00:00:00+00:00, run_after=2025-01-18 00:00:00+00:00
[2025-01-18T20:34:12.571+0000] {processor.py:208} INFO - Processing /home/airflow/.local/lib/python3.12/site-packages/airflow/example_dags/example_outlet_event_extra.py took 0.622 seconds
[2025-01-18T20:34:42.793+0000] {processor.py:186} INFO - Started process (PID=125) to work on /home/airflow/.local/lib/python3.12/site-packages/airflow/example_dags/example_outlet_event_extra.py
[2025-01-18T20:34:42.794+0000] {processor.py:914} INFO - Processing file /home/airflow/.local/lib/python3.12/site-packages/airflow/example_dags/example_outlet_event_extra.py for tasks to queue
[2025-01-18T20:34:42.795+0000] {logging_mixin.py:190} INFO - [2025-01-18T20:34:42.795+0000] {dagbag.py:588} INFO - Filling up the DagBag from /home/airflow/.local/lib/python3.12/site-packages/airflow/example_dags/example_outlet_event_extra.py
[2025-01-18T20:34:43.097+0000] {processor.py:925} INFO - DAG(s) 'dataset_with_extra_from_classic_operator', 'dataset_with_extra_by_context', 'dataset_with_extra_by_yield' retrieved from /home/airflow/.local/lib/python3.12/site-packages/airflow/example_dags/example_outlet_event_extra.py
[2025-01-18T20:34:43.113+0000] {logging_mixin.py:190} INFO - [2025-01-18T20:34:43.113+0000] {dag.py:3239} INFO - Sync 3 DAGs
[2025-01-18T20:34:43.132+0000] {logging_mixin.py:190} INFO - [2025-01-18T20:34:43.132+0000] {dag.py:4180} INFO - Setting next_dagrun for dataset_with_extra_by_context to 2025-01-17 00:00:00+00:00, run_after=2025-01-18 00:00:00+00:00
[2025-01-18T20:34:43.137+0000] {logging_mixin.py:190} INFO - [2025-01-18T20:34:43.137+0000] {dag.py:4180} INFO - Setting next_dagrun for dataset_with_extra_by_yield to 2025-01-17 00:00:00+00:00, run_after=2025-01-18 00:00:00+00:00
[2025-01-18T20:34:43.139+0000] {logging_mixin.py:190} INFO - [2025-01-18T20:34:43.139+0000] {dag.py:4180} INFO - Setting next_dagrun for dataset_with_extra_from_classic_operator to 2025-01-17 00:00:00+00:00, run_after=2025-01-18 00:00:00+00:00
[2025-01-18T20:34:43.150+0000] {processor.py:208} INFO - Processing /home/airflow/.local/lib/python3.12/site-packages/airflow/example_dags/example_outlet_event_extra.py took 0.360 seconds
