[2025-01-18T20:34:11.475+0000] {processor.py:186} INFO - Started process (PID=60) to work on /home/airflow/.local/lib/python3.12/site-packages/airflow/example_dags/example_branch_datetime_operator.py
[2025-01-18T20:34:11.475+0000] {processor.py:914} INFO - Processing file /home/airflow/.local/lib/python3.12/site-packages/airflow/example_dags/example_branch_datetime_operator.py for tasks to queue
[2025-01-18T20:34:11.476+0000] {logging_mixin.py:190} INFO - [2025-01-18T20:34:11.476+0000] {dagbag.py:588} INFO - Filling up the DagBag from /home/airflow/.local/lib/python3.12/site-packages/airflow/example_dags/example_branch_datetime_operator.py
[2025-01-18T20:34:11.485+0000] {processor.py:925} INFO - DAG(s) 'example_branch_datetime_operator', 'example_branch_datetime_operator_3', 'example_branch_datetime_operator_2' retrieved from /home/airflow/.local/lib/python3.12/site-packages/airflow/example_dags/example_branch_datetime_operator.py
[2025-01-18T20:34:11.542+0000] {logging_mixin.py:190} INFO - [2025-01-18T20:34:11.542+0000] {override.py:1911} INFO - Created Permission View: can delete on DAG:example_branch_datetime_operator
[2025-01-18T20:34:11.547+0000] {logging_mixin.py:190} INFO - [2025-01-18T20:34:11.547+0000] {override.py:1911} INFO - Created Permission View: can edit on DAG:example_branch_datetime_operator
[2025-01-18T20:34:11.549+0000] {logging_mixin.py:190} INFO - [2025-01-18T20:34:11.549+0000] {override.py:1911} INFO - Created Permission View: can read on DAG:example_branch_datetime_operator
[2025-01-18T20:34:11.552+0000] {logging_mixin.py:190} INFO - [2025-01-18T20:34:11.552+0000] {override.py:1911} INFO - Created Permission View: can create on DAG Run:example_branch_datetime_operator
[2025-01-18T20:34:11.555+0000] {logging_mixin.py:190} INFO - [2025-01-18T20:34:11.555+0000] {override.py:1911} INFO - Created Permission View: can delete on DAG Run:example_branch_datetime_operator
[2025-01-18T20:34:11.557+0000] {logging_mixin.py:190} INFO - [2025-01-18T20:34:11.557+0000] {override.py:1911} INFO - Created Permission View: menu access on DAG Run:example_branch_datetime_operator
[2025-01-18T20:34:11.559+0000] {logging_mixin.py:190} INFO - [2025-01-18T20:34:11.559+0000] {override.py:1911} INFO - Created Permission View: can read on DAG Run:example_branch_datetime_operator
[2025-01-18T20:34:11.564+0000] {logging_mixin.py:190} INFO - [2025-01-18T20:34:11.564+0000] {override.py:1911} INFO - Created Permission View: can delete on DAG:example_branch_datetime_operator_3
[2025-01-18T20:34:11.567+0000] {logging_mixin.py:190} INFO - [2025-01-18T20:34:11.567+0000] {override.py:1911} INFO - Created Permission View: can edit on DAG:example_branch_datetime_operator_3
[2025-01-18T20:34:11.570+0000] {logging_mixin.py:190} INFO - [2025-01-18T20:34:11.570+0000] {override.py:1911} INFO - Created Permission View: can read on DAG:example_branch_datetime_operator_3
[2025-01-18T20:34:11.573+0000] {logging_mixin.py:190} INFO - [2025-01-18T20:34:11.573+0000] {override.py:1911} INFO - Created Permission View: can create on DAG Run:example_branch_datetime_operator_3
[2025-01-18T20:34:11.576+0000] {logging_mixin.py:190} INFO - [2025-01-18T20:34:11.575+0000] {override.py:1911} INFO - Created Permission View: can delete on DAG Run:example_branch_datetime_operator_3
[2025-01-18T20:34:11.578+0000] {logging_mixin.py:190} INFO - [2025-01-18T20:34:11.578+0000] {override.py:1911} INFO - Created Permission View: menu access on DAG Run:example_branch_datetime_operator_3
[2025-01-18T20:34:11.581+0000] {logging_mixin.py:190} INFO - [2025-01-18T20:34:11.581+0000] {override.py:1911} INFO - Created Permission View: can read on DAG Run:example_branch_datetime_operator_3
[2025-01-18T20:34:11.588+0000] {logging_mixin.py:190} INFO - [2025-01-18T20:34:11.588+0000] {override.py:1911} INFO - Created Permission View: can delete on DAG:example_branch_datetime_operator_2
[2025-01-18T20:34:11.591+0000] {logging_mixin.py:190} INFO - [2025-01-18T20:34:11.591+0000] {override.py:1911} INFO - Created Permission View: can edit on DAG:example_branch_datetime_operator_2
[2025-01-18T20:34:11.594+0000] {logging_mixin.py:190} INFO - [2025-01-18T20:34:11.594+0000] {override.py:1911} INFO - Created Permission View: can read on DAG:example_branch_datetime_operator_2
[2025-01-18T20:34:11.597+0000] {logging_mixin.py:190} INFO - [2025-01-18T20:34:11.596+0000] {override.py:1911} INFO - Created Permission View: can create on DAG Run:example_branch_datetime_operator_2
[2025-01-18T20:34:11.599+0000] {logging_mixin.py:190} INFO - [2025-01-18T20:34:11.599+0000] {override.py:1911} INFO - Created Permission View: can delete on DAG Run:example_branch_datetime_operator_2
[2025-01-18T20:34:11.601+0000] {logging_mixin.py:190} INFO - [2025-01-18T20:34:11.601+0000] {override.py:1911} INFO - Created Permission View: menu access on DAG Run:example_branch_datetime_operator_2
[2025-01-18T20:34:11.604+0000] {logging_mixin.py:190} INFO - [2025-01-18T20:34:11.604+0000] {override.py:1911} INFO - Created Permission View: can read on DAG Run:example_branch_datetime_operator_2
[2025-01-18T20:34:11.604+0000] {logging_mixin.py:190} INFO - [2025-01-18T20:34:11.604+0000] {dag.py:3239} INFO - Sync 3 DAGs
[2025-01-18T20:34:11.610+0000] {logging_mixin.py:190} INFO - [2025-01-18T20:34:11.610+0000] {dag.py:3262} INFO - Creating ORM DAG for example_branch_datetime_operator_3
[2025-01-18T20:34:11.611+0000] {logging_mixin.py:190} INFO - [2025-01-18T20:34:11.611+0000] {dag.py:3262} INFO - Creating ORM DAG for example_branch_datetime_operator_2
[2025-01-18T20:34:11.611+0000] {logging_mixin.py:190} INFO - [2025-01-18T20:34:11.611+0000] {dag.py:3262} INFO - Creating ORM DAG for example_branch_datetime_operator
[2025-01-18T20:34:11.619+0000] {logging_mixin.py:190} INFO - [2025-01-18T20:34:11.619+0000] {dag.py:4180} INFO - Setting next_dagrun for example_branch_datetime_operator to 2025-01-17 00:00:00+00:00, run_after=2025-01-18 00:00:00+00:00
[2025-01-18T20:34:11.620+0000] {logging_mixin.py:190} INFO - [2025-01-18T20:34:11.620+0000] {dag.py:4180} INFO - Setting next_dagrun for example_branch_datetime_operator_2 to 2025-01-17 00:00:00+00:00, run_after=2025-01-18 00:00:00+00:00
[2025-01-18T20:34:11.621+0000] {logging_mixin.py:190} INFO - [2025-01-18T20:34:11.621+0000] {dag.py:4180} INFO - Setting next_dagrun for example_branch_datetime_operator_3 to 2025-01-17 00:00:00+00:00, run_after=2025-01-18 00:00:00+00:00
[2025-01-18T20:34:11.632+0000] {processor.py:208} INFO - Processing /home/airflow/.local/lib/python3.12/site-packages/airflow/example_dags/example_branch_datetime_operator.py took 0.162 seconds
[2025-01-18T20:34:42.306+0000] {processor.py:186} INFO - Started process (PID=121) to work on /home/airflow/.local/lib/python3.12/site-packages/airflow/example_dags/example_branch_datetime_operator.py
[2025-01-18T20:34:42.307+0000] {processor.py:914} INFO - Processing file /home/airflow/.local/lib/python3.12/site-packages/airflow/example_dags/example_branch_datetime_operator.py for tasks to queue
[2025-01-18T20:34:42.310+0000] {logging_mixin.py:190} INFO - [2025-01-18T20:34:42.310+0000] {dagbag.py:588} INFO - Filling up the DagBag from /home/airflow/.local/lib/python3.12/site-packages/airflow/example_dags/example_branch_datetime_operator.py
[2025-01-18T20:34:42.317+0000] {processor.py:925} INFO - DAG(s) 'example_branch_datetime_operator_2', 'example_branch_datetime_operator_3', 'example_branch_datetime_operator' retrieved from /home/airflow/.local/lib/python3.12/site-packages/airflow/example_dags/example_branch_datetime_operator.py
[2025-01-18T20:34:42.331+0000] {logging_mixin.py:190} INFO - [2025-01-18T20:34:42.331+0000] {dag.py:3239} INFO - Sync 3 DAGs
[2025-01-18T20:34:42.344+0000] {logging_mixin.py:190} INFO - [2025-01-18T20:34:42.343+0000] {dag.py:4180} INFO - Setting next_dagrun for example_branch_datetime_operator to 2025-01-17 00:00:00+00:00, run_after=2025-01-18 00:00:00+00:00
[2025-01-18T20:34:42.346+0000] {logging_mixin.py:190} INFO - [2025-01-18T20:34:42.346+0000] {dag.py:4180} INFO - Setting next_dagrun for example_branch_datetime_operator_2 to 2025-01-17 00:00:00+00:00, run_after=2025-01-18 00:00:00+00:00
[2025-01-18T20:34:42.347+0000] {logging_mixin.py:190} INFO - [2025-01-18T20:34:42.347+0000] {dag.py:4180} INFO - Setting next_dagrun for example_branch_datetime_operator_3 to 2025-01-17 00:00:00+00:00, run_after=2025-01-18 00:00:00+00:00
[2025-01-18T20:34:42.356+0000] {processor.py:208} INFO - Processing /home/airflow/.local/lib/python3.12/site-packages/airflow/example_dags/example_branch_datetime_operator.py took 0.053 seconds
