[2025-01-18T20:34:14.637+0000] {processor.py:186} INFO - Started process (PID=92) to work on /home/airflow/.local/lib/python3.12/site-packages/airflow/example_dags/example_setup_teardown_taskflow.py
[2025-01-18T20:34:14.638+0000] {processor.py:914} INFO - Processing file /home/airflow/.local/lib/python3.12/site-packages/airflow/example_dags/example_setup_teardown_taskflow.py for tasks to queue
[2025-01-18T20:34:14.640+0000] {logging_mixin.py:190} INFO - [2025-01-18T20:34:14.639+0000] {dagbag.py:588} INFO - Filling up the DagBag from /home/airflow/.local/lib/python3.12/site-packages/airflow/example_dags/example_setup_teardown_taskflow.py
[2025-01-18T20:34:14.645+0000] {processor.py:925} INFO - DAG(s) 'example_setup_teardown_taskflow' retrieved from /home/airflow/.local/lib/python3.12/site-packages/airflow/example_dags/example_setup_teardown_taskflow.py
[2025-01-18T20:34:14.696+0000] {logging_mixin.py:190} INFO - [2025-01-18T20:34:14.696+0000] {override.py:1911} INFO - Created Permission View: can delete on DAG:example_setup_teardown_taskflow
[2025-01-18T20:34:14.700+0000] {logging_mixin.py:190} INFO - [2025-01-18T20:34:14.700+0000] {override.py:1911} INFO - Created Permission View: can edit on DAG:example_setup_teardown_taskflow
[2025-01-18T20:34:14.703+0000] {logging_mixin.py:190} INFO - [2025-01-18T20:34:14.703+0000] {override.py:1911} INFO - Created Permission View: can read on DAG:example_setup_teardown_taskflow
[2025-01-18T20:34:14.706+0000] {logging_mixin.py:190} INFO - [2025-01-18T20:34:14.705+0000] {override.py:1911} INFO - Created Permission View: can create on DAG Run:example_setup_teardown_taskflow
[2025-01-18T20:34:14.708+0000] {logging_mixin.py:190} INFO - [2025-01-18T20:34:14.708+0000] {override.py:1911} INFO - Created Permission View: can delete on DAG Run:example_setup_teardown_taskflow
[2025-01-18T20:34:14.711+0000] {logging_mixin.py:190} INFO - [2025-01-18T20:34:14.711+0000] {override.py:1911} INFO - Created Permission View: menu access on DAG Run:example_setup_teardown_taskflow
[2025-01-18T20:34:14.713+0000] {logging_mixin.py:190} INFO - [2025-01-18T20:34:14.713+0000] {override.py:1911} INFO - Created Permission View: can read on DAG Run:example_setup_teardown_taskflow
[2025-01-18T20:34:14.714+0000] {logging_mixin.py:190} INFO - [2025-01-18T20:34:14.713+0000] {dag.py:3239} INFO - Sync 1 DAGs
[2025-01-18T20:34:14.720+0000] {logging_mixin.py:190} INFO - [2025-01-18T20:34:14.720+0000] {dag.py:3262} INFO - Creating ORM DAG for example_setup_teardown_taskflow
[2025-01-18T20:34:14.720+0000] {logging_mixin.py:190} INFO - [2025-01-18T20:34:14.720+0000] {dag.py:4180} INFO - Setting next_dagrun for example_setup_teardown_taskflow to None, run_after=None
[2025-01-18T20:34:14.732+0000] {processor.py:208} INFO - Processing /home/airflow/.local/lib/python3.12/site-packages/airflow/example_dags/example_setup_teardown_taskflow.py took 0.098 seconds
[2025-01-18T20:34:45.117+0000] {processor.py:186} INFO - Started process (PID=154) to work on /home/airflow/.local/lib/python3.12/site-packages/airflow/example_dags/example_setup_teardown_taskflow.py
[2025-01-18T20:34:45.118+0000] {processor.py:914} INFO - Processing file /home/airflow/.local/lib/python3.12/site-packages/airflow/example_dags/example_setup_teardown_taskflow.py for tasks to queue
[2025-01-18T20:34:45.120+0000] {logging_mixin.py:190} INFO - [2025-01-18T20:34:45.120+0000] {dagbag.py:588} INFO - Filling up the DagBag from /home/airflow/.local/lib/python3.12/site-packages/airflow/example_dags/example_setup_teardown_taskflow.py
[2025-01-18T20:34:45.126+0000] {processor.py:925} INFO - DAG(s) 'example_setup_teardown_taskflow' retrieved from /home/airflow/.local/lib/python3.12/site-packages/airflow/example_dags/example_setup_teardown_taskflow.py
[2025-01-18T20:34:45.140+0000] {logging_mixin.py:190} INFO - [2025-01-18T20:34:45.140+0000] {dag.py:3239} INFO - Sync 1 DAGs
[2025-01-18T20:34:45.148+0000] {logging_mixin.py:190} INFO - [2025-01-18T20:34:45.148+0000] {dag.py:4180} INFO - Setting next_dagrun for example_setup_teardown_taskflow to None, run_after=None
[2025-01-18T20:34:45.159+0000] {processor.py:208} INFO - Processing /home/airflow/.local/lib/python3.12/site-packages/airflow/example_dags/example_setup_teardown_taskflow.py took 0.045 seconds
