[2025-01-18T20:34:12.629+0000] {processor.py:186} INFO - Started process (PID=66) to work on /home/airflow/.local/lib/python3.12/site-packages/airflow/example_dags/example_bash_operator.py
[2025-01-18T20:34:12.630+0000] {processor.py:914} INFO - Processing file /home/airflow/.local/lib/python3.12/site-packages/airflow/example_dags/example_bash_operator.py for tasks to queue
[2025-01-18T20:34:12.632+0000] {logging_mixin.py:190} INFO - [2025-01-18T20:34:12.632+0000] {dagbag.py:588} INFO - Filling up the DagBag from /home/airflow/.local/lib/python3.12/site-packages/airflow/example_dags/example_bash_operator.py
[2025-01-18T20:34:12.641+0000] {processor.py:925} INFO - DAG(s) 'example_bash_operator' retrieved from /home/airflow/.local/lib/python3.12/site-packages/airflow/example_dags/example_bash_operator.py
[2025-01-18T20:34:12.702+0000] {logging_mixin.py:190} INFO - [2025-01-18T20:34:12.701+0000] {override.py:1911} INFO - Created Permission View: can delete on DAG:example_bash_operator
[2025-01-18T20:34:12.708+0000] {logging_mixin.py:190} INFO - [2025-01-18T20:34:12.708+0000] {override.py:1911} INFO - Created Permission View: can edit on DAG:example_bash_operator
[2025-01-18T20:34:12.713+0000] {logging_mixin.py:190} INFO - [2025-01-18T20:34:12.712+0000] {override.py:1911} INFO - Created Permission View: can read on DAG:example_bash_operator
[2025-01-18T20:34:12.717+0000] {logging_mixin.py:190} INFO - [2025-01-18T20:34:12.717+0000] {override.py:1911} INFO - Created Permission View: can create on DAG Run:example_bash_operator
[2025-01-18T20:34:12.722+0000] {logging_mixin.py:190} INFO - [2025-01-18T20:34:12.722+0000] {override.py:1911} INFO - Created Permission View: can delete on DAG Run:example_bash_operator
[2025-01-18T20:34:12.725+0000] {logging_mixin.py:190} INFO - [2025-01-18T20:34:12.725+0000] {override.py:1911} INFO - Created Permission View: menu access on DAG Run:example_bash_operator
[2025-01-18T20:34:12.728+0000] {logging_mixin.py:190} INFO - [2025-01-18T20:34:12.728+0000] {override.py:1911} INFO - Created Permission View: can read on DAG Run:example_bash_operator
[2025-01-18T20:34:12.729+0000] {logging_mixin.py:190} INFO - [2025-01-18T20:34:12.729+0000] {dag.py:3239} INFO - Sync 1 DAGs
[2025-01-18T20:34:12.736+0000] {logging_mixin.py:190} INFO - [2025-01-18T20:34:12.735+0000] {dag.py:3262} INFO - Creating ORM DAG for example_bash_operator
[2025-01-18T20:34:12.744+0000] {logging_mixin.py:190} INFO - [2025-01-18T20:34:12.744+0000] {dag.py:4180} INFO - Setting next_dagrun for example_bash_operator to 2025-01-17 00:00:00+00:00, run_after=2025-01-18 00:00:00+00:00
[2025-01-18T20:34:12.755+0000] {processor.py:208} INFO - Processing /home/airflow/.local/lib/python3.12/site-packages/airflow/example_dags/example_bash_operator.py took 0.130 seconds
[2025-01-18T20:34:42.916+0000] {processor.py:186} INFO - Started process (PID=128) to work on /home/airflow/.local/lib/python3.12/site-packages/airflow/example_dags/example_bash_operator.py
[2025-01-18T20:34:42.917+0000] {processor.py:914} INFO - Processing file /home/airflow/.local/lib/python3.12/site-packages/airflow/example_dags/example_bash_operator.py for tasks to queue
[2025-01-18T20:34:42.919+0000] {logging_mixin.py:190} INFO - [2025-01-18T20:34:42.918+0000] {dagbag.py:588} INFO - Filling up the DagBag from /home/airflow/.local/lib/python3.12/site-packages/airflow/example_dags/example_bash_operator.py
[2025-01-18T20:34:42.925+0000] {processor.py:925} INFO - DAG(s) 'example_bash_operator' retrieved from /home/airflow/.local/lib/python3.12/site-packages/airflow/example_dags/example_bash_operator.py
[2025-01-18T20:34:42.939+0000] {logging_mixin.py:190} INFO - [2025-01-18T20:34:42.939+0000] {dag.py:3239} INFO - Sync 1 DAGs
[2025-01-18T20:34:42.957+0000] {logging_mixin.py:190} INFO - [2025-01-18T20:34:42.956+0000] {dag.py:4180} INFO - Setting next_dagrun for example_bash_operator to 2025-01-17 00:00:00+00:00, run_after=2025-01-18 00:00:00+00:00
[2025-01-18T20:34:42.967+0000] {processor.py:208} INFO - Processing /home/airflow/.local/lib/python3.12/site-packages/airflow/example_dags/example_bash_operator.py took 0.054 seconds
