[2025-01-18T20:34:11.094+0000] {processor.py:186} INFO - Started process (PID=57) to work on /home/airflow/.local/lib/python3.12/site-packages/airflow/example_dags/example_inlet_event_extra.py
[2025-01-18T20:34:11.095+0000] {processor.py:914} INFO - Processing file /home/airflow/.local/lib/python3.12/site-packages/airflow/example_dags/example_inlet_event_extra.py for tasks to queue
[2025-01-18T20:34:11.100+0000] {logging_mixin.py:190} INFO - [2025-01-18T20:34:11.100+0000] {dagbag.py:588} INFO - Filling up the DagBag from /home/airflow/.local/lib/python3.12/site-packages/airflow/example_dags/example_inlet_event_extra.py
[2025-01-18T20:34:12.190+0000] {processor.py:925} INFO - DAG(s) 'read_dataset_event_from_classic', 'read_dataset_event' retrieved from /home/airflow/.local/lib/python3.12/site-packages/airflow/example_dags/example_inlet_event_extra.py
[2025-01-18T20:34:12.284+0000] {logging_mixin.py:190} INFO - [2025-01-18T20:34:12.283+0000] {override.py:1911} INFO - Created Permission View: can delete on DAG:read_dataset_event_from_classic
[2025-01-18T20:34:12.291+0000] {logging_mixin.py:190} INFO - [2025-01-18T20:34:12.291+0000] {override.py:1911} INFO - Created Permission View: can edit on DAG:read_dataset_event_from_classic
[2025-01-18T20:34:12.294+0000] {logging_mixin.py:190} INFO - [2025-01-18T20:34:12.294+0000] {override.py:1911} INFO - Created Permission View: can read on DAG:read_dataset_event_from_classic
[2025-01-18T20:34:12.298+0000] {logging_mixin.py:190} INFO - [2025-01-18T20:34:12.297+0000] {override.py:1911} INFO - Created Permission View: can create on DAG Run:read_dataset_event_from_classic
[2025-01-18T20:34:12.301+0000] {logging_mixin.py:190} INFO - [2025-01-18T20:34:12.301+0000] {override.py:1911} INFO - Created Permission View: can delete on DAG Run:read_dataset_event_from_classic
[2025-01-18T20:34:12.305+0000] {logging_mixin.py:190} INFO - [2025-01-18T20:34:12.305+0000] {override.py:1911} INFO - Created Permission View: menu access on DAG Run:read_dataset_event_from_classic
[2025-01-18T20:34:12.308+0000] {logging_mixin.py:190} INFO - [2025-01-18T20:34:12.308+0000] {override.py:1911} INFO - Created Permission View: can read on DAG Run:read_dataset_event_from_classic
[2025-01-18T20:34:12.316+0000] {logging_mixin.py:190} INFO - [2025-01-18T20:34:12.315+0000] {override.py:1911} INFO - Created Permission View: can delete on DAG:read_dataset_event
[2025-01-18T20:34:12.319+0000] {logging_mixin.py:190} INFO - [2025-01-18T20:34:12.319+0000] {override.py:1911} INFO - Created Permission View: can edit on DAG:read_dataset_event
[2025-01-18T20:34:12.322+0000] {logging_mixin.py:190} INFO - [2025-01-18T20:34:12.322+0000] {override.py:1911} INFO - Created Permission View: can read on DAG:read_dataset_event
[2025-01-18T20:34:12.326+0000] {logging_mixin.py:190} INFO - [2025-01-18T20:34:12.326+0000] {override.py:1911} INFO - Created Permission View: can create on DAG Run:read_dataset_event
[2025-01-18T20:34:12.329+0000] {logging_mixin.py:190} INFO - [2025-01-18T20:34:12.329+0000] {override.py:1911} INFO - Created Permission View: can delete on DAG Run:read_dataset_event
[2025-01-18T20:34:12.332+0000] {logging_mixin.py:190} INFO - [2025-01-18T20:34:12.332+0000] {override.py:1911} INFO - Created Permission View: menu access on DAG Run:read_dataset_event
[2025-01-18T20:34:12.335+0000] {logging_mixin.py:190} INFO - [2025-01-18T20:34:12.335+0000] {override.py:1911} INFO - Created Permission View: can read on DAG Run:read_dataset_event
[2025-01-18T20:34:12.335+0000] {logging_mixin.py:190} INFO - [2025-01-18T20:34:12.335+0000] {dag.py:3239} INFO - Sync 2 DAGs
[2025-01-18T20:34:12.344+0000] {logging_mixin.py:190} INFO - [2025-01-18T20:34:12.344+0000] {dag.py:3262} INFO - Creating ORM DAG for read_dataset_event
[2025-01-18T20:34:12.345+0000] {logging_mixin.py:190} INFO - [2025-01-18T20:34:12.345+0000] {dag.py:3262} INFO - Creating ORM DAG for read_dataset_event_from_classic
[2025-01-18T20:34:12.351+0000] {logging_mixin.py:190} INFO - [2025-01-18T20:34:12.351+0000] {dag.py:4180} INFO - Setting next_dagrun for read_dataset_event to 2025-01-17 00:00:00+00:00, run_after=2025-01-18 00:00:00+00:00
[2025-01-18T20:34:12.352+0000] {logging_mixin.py:190} INFO - [2025-01-18T20:34:12.352+0000] {dag.py:4180} INFO - Setting next_dagrun for read_dataset_event_from_classic to 2025-01-17 00:00:00+00:00, run_after=2025-01-18 00:00:00+00:00
[2025-01-18T20:34:12.367+0000] {processor.py:208} INFO - Processing /home/airflow/.local/lib/python3.12/site-packages/airflow/example_dags/example_inlet_event_extra.py took 1.277 seconds
[2025-01-18T20:34:42.458+0000] {processor.py:186} INFO - Started process (PID=124) to work on /home/airflow/.local/lib/python3.12/site-packages/airflow/example_dags/example_inlet_event_extra.py
[2025-01-18T20:34:42.458+0000] {processor.py:914} INFO - Processing file /home/airflow/.local/lib/python3.12/site-packages/airflow/example_dags/example_inlet_event_extra.py for tasks to queue
[2025-01-18T20:34:42.460+0000] {logging_mixin.py:190} INFO - [2025-01-18T20:34:42.460+0000] {dagbag.py:588} INFO - Filling up the DagBag from /home/airflow/.local/lib/python3.12/site-packages/airflow/example_dags/example_inlet_event_extra.py
[2025-01-18T20:34:42.744+0000] {processor.py:925} INFO - DAG(s) 'read_dataset_event', 'read_dataset_event_from_classic' retrieved from /home/airflow/.local/lib/python3.12/site-packages/airflow/example_dags/example_inlet_event_extra.py
[2025-01-18T20:34:42.756+0000] {logging_mixin.py:190} INFO - [2025-01-18T20:34:42.756+0000] {dag.py:3239} INFO - Sync 2 DAGs
[2025-01-18T20:34:42.767+0000] {logging_mixin.py:190} INFO - [2025-01-18T20:34:42.766+0000] {dag.py:4180} INFO - Setting next_dagrun for read_dataset_event to 2025-01-17 00:00:00+00:00, run_after=2025-01-18 00:00:00+00:00
[2025-01-18T20:34:42.769+0000] {logging_mixin.py:190} INFO - [2025-01-18T20:34:42.769+0000] {dag.py:4180} INFO - Setting next_dagrun for read_dataset_event_from_classic to 2025-01-17 00:00:00+00:00, run_after=2025-01-18 00:00:00+00:00
[2025-01-18T20:34:42.776+0000] {processor.py:208} INFO - Processing /home/airflow/.local/lib/python3.12/site-packages/airflow/example_dags/example_inlet_event_extra.py took 0.322 seconds
