[2025-01-18T20:34:15.586+0000] {processor.py:186} INFO - Started process (PID=104) to work on /home/airflow/.local/lib/python3.12/site-packages/airflow/example_dags/example_branch_operator.py
[2025-01-18T20:34:15.587+0000] {processor.py:914} INFO - Processing file /home/airflow/.local/lib/python3.12/site-packages/airflow/example_dags/example_branch_operator.py for tasks to queue
[2025-01-18T20:34:15.588+0000] {logging_mixin.py:190} INFO - [2025-01-18T20:34:15.588+0000] {dagbag.py:588} INFO - Filling up the DagBag from /home/airflow/.local/lib/python3.12/site-packages/airflow/example_dags/example_branch_operator.py
[2025-01-18T20:34:15.598+0000] {processor.py:925} INFO - DAG(s) 'example_branch_operator' retrieved from /home/airflow/.local/lib/python3.12/site-packages/airflow/example_dags/example_branch_operator.py
[2025-01-18T20:34:15.668+0000] {logging_mixin.py:190} INFO - [2025-01-18T20:34:15.667+0000] {override.py:1911} INFO - Created Permission View: can delete on DAG:example_branch_operator
[2025-01-18T20:34:15.672+0000] {logging_mixin.py:190} INFO - [2025-01-18T20:34:15.672+0000] {override.py:1911} INFO - Created Permission View: can edit on DAG:example_branch_operator
[2025-01-18T20:34:15.675+0000] {logging_mixin.py:190} INFO - [2025-01-18T20:34:15.675+0000] {override.py:1911} INFO - Created Permission View: can read on DAG:example_branch_operator
[2025-01-18T20:34:15.678+0000] {logging_mixin.py:190} INFO - [2025-01-18T20:34:15.678+0000] {override.py:1911} INFO - Created Permission View: can create on DAG Run:example_branch_operator
[2025-01-18T20:34:15.680+0000] {logging_mixin.py:190} INFO - [2025-01-18T20:34:15.680+0000] {override.py:1911} INFO - Created Permission View: can delete on DAG Run:example_branch_operator
[2025-01-18T20:34:15.682+0000] {logging_mixin.py:190} INFO - [2025-01-18T20:34:15.682+0000] {override.py:1911} INFO - Created Permission View: menu access on DAG Run:example_branch_operator
[2025-01-18T20:34:15.685+0000] {logging_mixin.py:190} INFO - [2025-01-18T20:34:15.685+0000] {override.py:1911} INFO - Created Permission View: can read on DAG Run:example_branch_operator
[2025-01-18T20:34:15.685+0000] {logging_mixin.py:190} INFO - [2025-01-18T20:34:15.685+0000] {dag.py:3239} INFO - Sync 1 DAGs
[2025-01-18T20:34:15.691+0000] {logging_mixin.py:190} INFO - [2025-01-18T20:34:15.691+0000] {dag.py:3262} INFO - Creating ORM DAG for example_branch_operator
[2025-01-18T20:34:15.697+0000] {logging_mixin.py:190} INFO - [2025-01-18T20:34:15.696+0000] {dag.py:4180} INFO - Setting next_dagrun for example_branch_operator to 2025-01-17 00:00:00+00:00, run_after=2025-01-18 00:00:00+00:00
[2025-01-18T20:34:15.705+0000] {processor.py:208} INFO - Processing /home/airflow/.local/lib/python3.12/site-packages/airflow/example_dags/example_branch_operator.py took 0.123 seconds
[2025-01-18T20:34:46.805+0000] {processor.py:186} INFO - Started process (PID=166) to work on /home/airflow/.local/lib/python3.12/site-packages/airflow/example_dags/example_branch_operator.py
[2025-01-18T20:34:46.805+0000] {processor.py:914} INFO - Processing file /home/airflow/.local/lib/python3.12/site-packages/airflow/example_dags/example_branch_operator.py for tasks to queue
[2025-01-18T20:34:46.807+0000] {logging_mixin.py:190} INFO - [2025-01-18T20:34:46.806+0000] {dagbag.py:588} INFO - Filling up the DagBag from /home/airflow/.local/lib/python3.12/site-packages/airflow/example_dags/example_branch_operator.py
[2025-01-18T20:34:46.816+0000] {processor.py:925} INFO - DAG(s) 'example_branch_operator' retrieved from /home/airflow/.local/lib/python3.12/site-packages/airflow/example_dags/example_branch_operator.py
[2025-01-18T20:34:46.831+0000] {logging_mixin.py:190} INFO - [2025-01-18T20:34:46.831+0000] {dag.py:3239} INFO - Sync 1 DAGs
[2025-01-18T20:34:46.843+0000] {logging_mixin.py:190} INFO - [2025-01-18T20:34:46.843+0000] {dag.py:4180} INFO - Setting next_dagrun for example_branch_operator to 2025-01-17 00:00:00+00:00, run_after=2025-01-18 00:00:00+00:00
[2025-01-18T20:34:46.850+0000] {processor.py:208} INFO - Processing /home/airflow/.local/lib/python3.12/site-packages/airflow/example_dags/example_branch_operator.py took 0.049 seconds
