[2025-01-18T20:34:14.500+0000] {processor.py:186} INFO - Started process (PID=89) to work on /home/airflow/.local/lib/python3.12/site-packages/airflow/example_dags/example_python_decorator.py
[2025-01-18T20:34:14.500+0000] {processor.py:914} INFO - Processing file /home/airflow/.local/lib/python3.12/site-packages/airflow/example_dags/example_python_decorator.py for tasks to queue
[2025-01-18T20:34:14.502+0000] {logging_mixin.py:190} INFO - [2025-01-18T20:34:14.501+0000] {dagbag.py:588} INFO - Filling up the DagBag from /home/airflow/.local/lib/python3.12/site-packages/airflow/example_dags/example_python_decorator.py
[2025-01-18T20:34:14.510+0000] {processor.py:925} INFO - DAG(s) 'example_python_decorator' retrieved from /home/airflow/.local/lib/python3.12/site-packages/airflow/example_dags/example_python_decorator.py
[2025-01-18T20:34:14.566+0000] {logging_mixin.py:190} INFO - [2025-01-18T20:34:14.565+0000] {override.py:1911} INFO - Created Permission View: can delete on DAG:example_python_decorator
[2025-01-18T20:34:14.570+0000] {logging_mixin.py:190} INFO - [2025-01-18T20:34:14.569+0000] {override.py:1911} INFO - Created Permission View: can edit on DAG:example_python_decorator
[2025-01-18T20:34:14.572+0000] {logging_mixin.py:190} INFO - [2025-01-18T20:34:14.572+0000] {override.py:1911} INFO - Created Permission View: can read on DAG:example_python_decorator
[2025-01-18T20:34:14.574+0000] {logging_mixin.py:190} INFO - [2025-01-18T20:34:14.574+0000] {override.py:1911} INFO - Created Permission View: can create on DAG Run:example_python_decorator
[2025-01-18T20:34:14.577+0000] {logging_mixin.py:190} INFO - [2025-01-18T20:34:14.577+0000] {override.py:1911} INFO - Created Permission View: can delete on DAG Run:example_python_decorator
[2025-01-18T20:34:14.581+0000] {logging_mixin.py:190} INFO - [2025-01-18T20:34:14.580+0000] {override.py:1911} INFO - Created Permission View: menu access on DAG Run:example_python_decorator
[2025-01-18T20:34:14.583+0000] {logging_mixin.py:190} INFO - [2025-01-18T20:34:14.583+0000] {override.py:1911} INFO - Created Permission View: can read on DAG Run:example_python_decorator
[2025-01-18T20:34:14.583+0000] {logging_mixin.py:190} INFO - [2025-01-18T20:34:14.583+0000] {dag.py:3239} INFO - Sync 1 DAGs
[2025-01-18T20:34:14.589+0000] {logging_mixin.py:190} INFO - [2025-01-18T20:34:14.589+0000] {dag.py:3262} INFO - Creating ORM DAG for example_python_decorator
[2025-01-18T20:34:14.589+0000] {logging_mixin.py:190} INFO - [2025-01-18T20:34:14.589+0000] {dag.py:4180} INFO - Setting next_dagrun for example_python_decorator to None, run_after=None
[2025-01-18T20:34:14.598+0000] {processor.py:208} INFO - Processing /home/airflow/.local/lib/python3.12/site-packages/airflow/example_dags/example_python_decorator.py took 0.101 seconds
[2025-01-18T20:34:45.012+0000] {processor.py:186} INFO - Started process (PID=151) to work on /home/airflow/.local/lib/python3.12/site-packages/airflow/example_dags/example_python_decorator.py
[2025-01-18T20:34:45.013+0000] {processor.py:914} INFO - Processing file /home/airflow/.local/lib/python3.12/site-packages/airflow/example_dags/example_python_decorator.py for tasks to queue
[2025-01-18T20:34:45.014+0000] {logging_mixin.py:190} INFO - [2025-01-18T20:34:45.014+0000] {dagbag.py:588} INFO - Filling up the DagBag from /home/airflow/.local/lib/python3.12/site-packages/airflow/example_dags/example_python_decorator.py
[2025-01-18T20:34:45.023+0000] {processor.py:925} INFO - DAG(s) 'example_python_decorator' retrieved from /home/airflow/.local/lib/python3.12/site-packages/airflow/example_dags/example_python_decorator.py
[2025-01-18T20:34:45.039+0000] {logging_mixin.py:190} INFO - [2025-01-18T20:34:45.038+0000] {dag.py:3239} INFO - Sync 1 DAGs
[2025-01-18T20:34:45.047+0000] {logging_mixin.py:190} INFO - [2025-01-18T20:34:45.046+0000] {dag.py:4180} INFO - Setting next_dagrun for example_python_decorator to None, run_after=None
[2025-01-18T20:34:45.057+0000] {processor.py:208} INFO - Processing /home/airflow/.local/lib/python3.12/site-packages/airflow/example_dags/example_python_decorator.py took 0.049 seconds
