[2025-01-18T20:34:13.693+0000] {processor.py:186} INFO - Started process (PID=78) to work on /home/airflow/.local/lib/python3.12/site-packages/airflow/example_dags/example_display_name.py
[2025-01-18T20:34:13.694+0000] {processor.py:914} INFO - Processing file /home/airflow/.local/lib/python3.12/site-packages/airflow/example_dags/example_display_name.py for tasks to queue
[2025-01-18T20:34:13.695+0000] {logging_mixin.py:190} INFO - [2025-01-18T20:34:13.695+0000] {dagbag.py:588} INFO - Filling up the DagBag from /home/airflow/.local/lib/python3.12/site-packages/airflow/example_dags/example_display_name.py
[2025-01-18T20:34:13.700+0000] {processor.py:925} INFO - DAG(s) 'example_display_name' retrieved from /home/airflow/.local/lib/python3.12/site-packages/airflow/example_dags/example_display_name.py
[2025-01-18T20:34:13.750+0000] {logging_mixin.py:190} INFO - [2025-01-18T20:34:13.750+0000] {override.py:1911} INFO - Created Permission View: can delete on DAG:example_display_name
[2025-01-18T20:34:13.755+0000] {logging_mixin.py:190} INFO - [2025-01-18T20:34:13.755+0000] {override.py:1911} INFO - Created Permission View: can edit on DAG:example_display_name
[2025-01-18T20:34:13.757+0000] {logging_mixin.py:190} INFO - [2025-01-18T20:34:13.757+0000] {override.py:1911} INFO - Created Permission View: can read on DAG:example_display_name
[2025-01-18T20:34:13.760+0000] {logging_mixin.py:190} INFO - [2025-01-18T20:34:13.760+0000] {override.py:1911} INFO - Created Permission View: can create on DAG Run:example_display_name
[2025-01-18T20:34:13.763+0000] {logging_mixin.py:190} INFO - [2025-01-18T20:34:13.762+0000] {override.py:1911} INFO - Created Permission View: can delete on DAG Run:example_display_name
[2025-01-18T20:34:13.765+0000] {logging_mixin.py:190} INFO - [2025-01-18T20:34:13.765+0000] {override.py:1911} INFO - Created Permission View: menu access on DAG Run:example_display_name
[2025-01-18T20:34:13.769+0000] {logging_mixin.py:190} INFO - [2025-01-18T20:34:13.768+0000] {override.py:1911} INFO - Created Permission View: can read on DAG Run:example_display_name
[2025-01-18T20:34:13.769+0000] {logging_mixin.py:190} INFO - [2025-01-18T20:34:13.769+0000] {dag.py:3239} INFO - Sync 1 DAGs
[2025-01-18T20:34:13.776+0000] {logging_mixin.py:190} INFO - [2025-01-18T20:34:13.776+0000] {dag.py:3262} INFO - Creating ORM DAG for example_display_name
[2025-01-18T20:34:13.776+0000] {logging_mixin.py:190} INFO - [2025-01-18T20:34:13.776+0000] {dag.py:4180} INFO - Setting next_dagrun for example_display_name to None, run_after=None
[2025-01-18T20:34:13.784+0000] {processor.py:208} INFO - Processing /home/airflow/.local/lib/python3.12/site-packages/airflow/example_dags/example_display_name.py took 0.094 seconds
[2025-01-18T20:34:44.539+0000] {processor.py:186} INFO - Started process (PID=140) to work on /home/airflow/.local/lib/python3.12/site-packages/airflow/example_dags/example_display_name.py
[2025-01-18T20:34:44.541+0000] {processor.py:914} INFO - Processing file /home/airflow/.local/lib/python3.12/site-packages/airflow/example_dags/example_display_name.py for tasks to queue
[2025-01-18T20:34:44.544+0000] {logging_mixin.py:190} INFO - [2025-01-18T20:34:44.543+0000] {dagbag.py:588} INFO - Filling up the DagBag from /home/airflow/.local/lib/python3.12/site-packages/airflow/example_dags/example_display_name.py
[2025-01-18T20:34:44.551+0000] {processor.py:925} INFO - DAG(s) 'example_display_name' retrieved from /home/airflow/.local/lib/python3.12/site-packages/airflow/example_dags/example_display_name.py
[2025-01-18T20:34:44.565+0000] {logging_mixin.py:190} INFO - [2025-01-18T20:34:44.565+0000] {dag.py:3239} INFO - Sync 1 DAGs
[2025-01-18T20:34:44.575+0000] {logging_mixin.py:190} INFO - [2025-01-18T20:34:44.575+0000] {dag.py:4180} INFO - Setting next_dagrun for example_display_name to None, run_after=None
[2025-01-18T20:34:44.587+0000] {processor.py:208} INFO - Processing /home/airflow/.local/lib/python3.12/site-packages/airflow/example_dags/example_display_name.py took 0.057 seconds
