[2025-01-18T20:34:14.272+0000] {processor.py:186} INFO - Started process (PID=86) to work on /home/airflow/.local/lib/python3.12/site-packages/airflow/example_dags/example_task_group.py
[2025-01-18T20:34:14.273+0000] {processor.py:914} INFO - Processing file /home/airflow/.local/lib/python3.12/site-packages/airflow/example_dags/example_task_group.py for tasks to queue
[2025-01-18T20:34:14.274+0000] {logging_mixin.py:190} INFO - [2025-01-18T20:34:14.274+0000] {dagbag.py:588} INFO - Filling up the DagBag from /home/airflow/.local/lib/python3.12/site-packages/airflow/example_dags/example_task_group.py
[2025-01-18T20:34:14.279+0000] {processor.py:925} INFO - DAG(s) 'example_task_group' retrieved from /home/airflow/.local/lib/python3.12/site-packages/airflow/example_dags/example_task_group.py
[2025-01-18T20:34:14.332+0000] {logging_mixin.py:190} INFO - [2025-01-18T20:34:14.332+0000] {override.py:1911} INFO - Created Permission View: can delete on DAG:example_task_group
[2025-01-18T20:34:14.336+0000] {logging_mixin.py:190} INFO - [2025-01-18T20:34:14.336+0000] {override.py:1911} INFO - Created Permission View: can edit on DAG:example_task_group
[2025-01-18T20:34:14.339+0000] {logging_mixin.py:190} INFO - [2025-01-18T20:34:14.339+0000] {override.py:1911} INFO - Created Permission View: can read on DAG:example_task_group
[2025-01-18T20:34:14.346+0000] {logging_mixin.py:190} INFO - [2025-01-18T20:34:14.346+0000] {override.py:1911} INFO - Created Permission View: can create on DAG Run:example_task_group
[2025-01-18T20:34:14.349+0000] {logging_mixin.py:190} INFO - [2025-01-18T20:34:14.348+0000] {override.py:1911} INFO - Created Permission View: can delete on DAG Run:example_task_group
[2025-01-18T20:34:14.352+0000] {logging_mixin.py:190} INFO - [2025-01-18T20:34:14.352+0000] {override.py:1911} INFO - Created Permission View: menu access on DAG Run:example_task_group
[2025-01-18T20:34:14.354+0000] {logging_mixin.py:190} INFO - [2025-01-18T20:34:14.354+0000] {override.py:1911} INFO - Created Permission View: can read on DAG Run:example_task_group
[2025-01-18T20:34:14.354+0000] {logging_mixin.py:190} INFO - [2025-01-18T20:34:14.354+0000] {dag.py:3239} INFO - Sync 1 DAGs
[2025-01-18T20:34:14.361+0000] {logging_mixin.py:190} INFO - [2025-01-18T20:34:14.361+0000] {dag.py:3262} INFO - Creating ORM DAG for example_task_group
[2025-01-18T20:34:14.362+0000] {logging_mixin.py:190} INFO - [2025-01-18T20:34:14.362+0000] {dag.py:4180} INFO - Setting next_dagrun for example_task_group to None, run_after=None
[2025-01-18T20:34:14.369+0000] {processor.py:208} INFO - Processing /home/airflow/.local/lib/python3.12/site-packages/airflow/example_dags/example_task_group.py took 0.101 seconds
[2025-01-18T20:34:44.906+0000] {processor.py:186} INFO - Started process (PID=148) to work on /home/airflow/.local/lib/python3.12/site-packages/airflow/example_dags/example_task_group.py
[2025-01-18T20:34:44.906+0000] {processor.py:914} INFO - Processing file /home/airflow/.local/lib/python3.12/site-packages/airflow/example_dags/example_task_group.py for tasks to queue
[2025-01-18T20:34:44.908+0000] {logging_mixin.py:190} INFO - [2025-01-18T20:34:44.907+0000] {dagbag.py:588} INFO - Filling up the DagBag from /home/airflow/.local/lib/python3.12/site-packages/airflow/example_dags/example_task_group.py
[2025-01-18T20:34:44.912+0000] {processor.py:925} INFO - DAG(s) 'example_task_group' retrieved from /home/airflow/.local/lib/python3.12/site-packages/airflow/example_dags/example_task_group.py
[2025-01-18T20:34:44.924+0000] {logging_mixin.py:190} INFO - [2025-01-18T20:34:44.924+0000] {dag.py:3239} INFO - Sync 1 DAGs
[2025-01-18T20:34:44.931+0000] {logging_mixin.py:190} INFO - [2025-01-18T20:34:44.931+0000] {dag.py:4180} INFO - Setting next_dagrun for example_task_group to None, run_after=None
[2025-01-18T20:34:44.941+0000] {processor.py:208} INFO - Processing /home/airflow/.local/lib/python3.12/site-packages/airflow/example_dags/example_task_group.py took 0.038 seconds
