[2025-01-18T20:34:10.966+0000] {processor.py:186} INFO - Started process (PID=55) to work on /home/airflow/.local/lib/python3.12/site-packages/airflow/example_dags/example_dynamic_task_mapping_with_no_taskflow_operators.py
[2025-01-18T20:34:10.967+0000] {processor.py:914} INFO - Processing file /home/airflow/.local/lib/python3.12/site-packages/airflow/example_dags/example_dynamic_task_mapping_with_no_taskflow_operators.py for tasks to queue
[2025-01-18T20:34:10.968+0000] {logging_mixin.py:190} INFO - [2025-01-18T20:34:10.968+0000] {dagbag.py:588} INFO - Filling up the DagBag from /home/airflow/.local/lib/python3.12/site-packages/airflow/example_dags/example_dynamic_task_mapping_with_no_taskflow_operators.py
[2025-01-18T20:34:10.974+0000] {processor.py:925} INFO - DAG(s) 'example_dynamic_task_mapping_with_no_taskflow_operators' retrieved from /home/airflow/.local/lib/python3.12/site-packages/airflow/example_dags/example_dynamic_task_mapping_with_no_taskflow_operators.py
[2025-01-18T20:34:11.030+0000] {logging_mixin.py:190} INFO - [2025-01-18T20:34:11.029+0000] {override.py:1911} INFO - Created Permission View: can delete on DAG:example_dynamic_task_mapping_with_no_taskflow_operators
[2025-01-18T20:34:11.034+0000] {logging_mixin.py:190} INFO - [2025-01-18T20:34:11.033+0000] {override.py:1911} INFO - Created Permission View: can edit on DAG:example_dynamic_task_mapping_with_no_taskflow_operators
[2025-01-18T20:34:11.036+0000] {logging_mixin.py:190} INFO - [2025-01-18T20:34:11.036+0000] {override.py:1911} INFO - Created Permission View: can read on DAG:example_dynamic_task_mapping_with_no_taskflow_operators
[2025-01-18T20:34:11.038+0000] {logging_mixin.py:190} INFO - [2025-01-18T20:34:11.038+0000] {override.py:1911} INFO - Created Permission View: can create on DAG Run:example_dynamic_task_mapping_with_no_taskflow_operators
[2025-01-18T20:34:11.041+0000] {logging_mixin.py:190} INFO - [2025-01-18T20:34:11.040+0000] {override.py:1911} INFO - Created Permission View: can delete on DAG Run:example_dynamic_task_mapping_with_no_taskflow_operators
[2025-01-18T20:34:11.042+0000] {logging_mixin.py:190} INFO - [2025-01-18T20:34:11.042+0000] {override.py:1911} INFO - Created Permission View: menu access on DAG Run:example_dynamic_task_mapping_with_no_taskflow_operators
[2025-01-18T20:34:11.044+0000] {logging_mixin.py:190} INFO - [2025-01-18T20:34:11.044+0000] {override.py:1911} INFO - Created Permission View: can read on DAG Run:example_dynamic_task_mapping_with_no_taskflow_operators
[2025-01-18T20:34:11.045+0000] {logging_mixin.py:190} INFO - [2025-01-18T20:34:11.045+0000] {dag.py:3239} INFO - Sync 1 DAGs
[2025-01-18T20:34:11.050+0000] {logging_mixin.py:190} INFO - [2025-01-18T20:34:11.050+0000] {dag.py:3262} INFO - Creating ORM DAG for example_dynamic_task_mapping_with_no_taskflow_operators
[2025-01-18T20:34:11.050+0000] {logging_mixin.py:190} INFO - [2025-01-18T20:34:11.050+0000] {dag.py:4180} INFO - Setting next_dagrun for example_dynamic_task_mapping_with_no_taskflow_operators to None, run_after=None
[2025-01-18T20:34:11.056+0000] {processor.py:208} INFO - Processing /home/airflow/.local/lib/python3.12/site-packages/airflow/example_dags/example_dynamic_task_mapping_with_no_taskflow_operators.py took 0.094 seconds
[2025-01-18T20:34:41.167+0000] {processor.py:186} INFO - Started process (PID=117) to work on /home/airflow/.local/lib/python3.12/site-packages/airflow/example_dags/example_dynamic_task_mapping_with_no_taskflow_operators.py
[2025-01-18T20:34:41.168+0000] {processor.py:914} INFO - Processing file /home/airflow/.local/lib/python3.12/site-packages/airflow/example_dags/example_dynamic_task_mapping_with_no_taskflow_operators.py for tasks to queue
[2025-01-18T20:34:41.169+0000] {logging_mixin.py:190} INFO - [2025-01-18T20:34:41.169+0000] {dagbag.py:588} INFO - Filling up the DagBag from /home/airflow/.local/lib/python3.12/site-packages/airflow/example_dags/example_dynamic_task_mapping_with_no_taskflow_operators.py
[2025-01-18T20:34:41.174+0000] {processor.py:925} INFO - DAG(s) 'example_dynamic_task_mapping_with_no_taskflow_operators' retrieved from /home/airflow/.local/lib/python3.12/site-packages/airflow/example_dags/example_dynamic_task_mapping_with_no_taskflow_operators.py
[2025-01-18T20:34:41.186+0000] {logging_mixin.py:190} INFO - [2025-01-18T20:34:41.186+0000] {dag.py:3239} INFO - Sync 1 DAGs
[2025-01-18T20:34:41.193+0000] {logging_mixin.py:190} INFO - [2025-01-18T20:34:41.193+0000] {dag.py:4180} INFO - Setting next_dagrun for example_dynamic_task_mapping_with_no_taskflow_operators to None, run_after=None
[2025-01-18T20:34:41.201+0000] {processor.py:208} INFO - Processing /home/airflow/.local/lib/python3.12/site-packages/airflow/example_dags/example_dynamic_task_mapping_with_no_taskflow_operators.py took 0.037 seconds
