[2025-01-18T20:34:11.093+0000] {processor.py:186} INFO - Started process (PID=56) to work on /home/airflow/.local/lib/python3.12/site-packages/airflow/example_dags/example_xcom.py
[2025-01-18T20:34:11.094+0000] {processor.py:914} INFO - Processing file /home/airflow/.local/lib/python3.12/site-packages/airflow/example_dags/example_xcom.py for tasks to queue
[2025-01-18T20:34:11.095+0000] {logging_mixin.py:190} INFO - [2025-01-18T20:34:11.095+0000] {dagbag.py:588} INFO - Filling up the DagBag from /home/airflow/.local/lib/python3.12/site-packages/airflow/example_dags/example_xcom.py
[2025-01-18T20:34:11.103+0000] {processor.py:925} INFO - DAG(s) 'example_xcom' retrieved from /home/airflow/.local/lib/python3.12/site-packages/airflow/example_dags/example_xcom.py
[2025-01-18T20:34:11.158+0000] {logging_mixin.py:190} INFO - [2025-01-18T20:34:11.158+0000] {override.py:1911} INFO - Created Permission View: can delete on DAG:example_xcom
[2025-01-18T20:34:11.162+0000] {logging_mixin.py:190} INFO - [2025-01-18T20:34:11.162+0000] {override.py:1911} INFO - Created Permission View: can edit on DAG:example_xcom
[2025-01-18T20:34:11.165+0000] {logging_mixin.py:190} INFO - [2025-01-18T20:34:11.164+0000] {override.py:1911} INFO - Created Permission View: can read on DAG:example_xcom
[2025-01-18T20:34:11.167+0000] {logging_mixin.py:190} INFO - [2025-01-18T20:34:11.167+0000] {override.py:1911} INFO - Created Permission View: can create on DAG Run:example_xcom
[2025-01-18T20:34:11.170+0000] {logging_mixin.py:190} INFO - [2025-01-18T20:34:11.170+0000] {override.py:1911} INFO - Created Permission View: can delete on DAG Run:example_xcom
[2025-01-18T20:34:11.172+0000] {logging_mixin.py:190} INFO - [2025-01-18T20:34:11.172+0000] {override.py:1911} INFO - Created Permission View: menu access on DAG Run:example_xcom
[2025-01-18T20:34:11.174+0000] {logging_mixin.py:190} INFO - [2025-01-18T20:34:11.174+0000] {override.py:1911} INFO - Created Permission View: can read on DAG Run:example_xcom
[2025-01-18T20:34:11.174+0000] {logging_mixin.py:190} INFO - [2025-01-18T20:34:11.174+0000] {dag.py:3239} INFO - Sync 1 DAGs
[2025-01-18T20:34:11.180+0000] {logging_mixin.py:190} INFO - [2025-01-18T20:34:11.180+0000] {dag.py:3262} INFO - Creating ORM DAG for example_xcom
[2025-01-18T20:34:11.184+0000] {logging_mixin.py:190} INFO - [2025-01-18T20:34:11.184+0000] {dag.py:4180} INFO - Setting next_dagrun for example_xcom to 2021-01-01 00:00:00+00:00, run_after=2021-01-01 00:00:00+00:00
[2025-01-18T20:34:11.193+0000] {processor.py:208} INFO - Processing /home/airflow/.local/lib/python3.12/site-packages/airflow/example_dags/example_xcom.py took 0.104 seconds
[2025-01-18T20:34:41.217+0000] {processor.py:186} INFO - Started process (PID=118) to work on /home/airflow/.local/lib/python3.12/site-packages/airflow/example_dags/example_xcom.py
[2025-01-18T20:34:41.218+0000] {processor.py:914} INFO - Processing file /home/airflow/.local/lib/python3.12/site-packages/airflow/example_dags/example_xcom.py for tasks to queue
[2025-01-18T20:34:41.219+0000] {logging_mixin.py:190} INFO - [2025-01-18T20:34:41.219+0000] {dagbag.py:588} INFO - Filling up the DagBag from /home/airflow/.local/lib/python3.12/site-packages/airflow/example_dags/example_xcom.py
[2025-01-18T20:34:41.224+0000] {processor.py:925} INFO - DAG(s) 'example_xcom' retrieved from /home/airflow/.local/lib/python3.12/site-packages/airflow/example_dags/example_xcom.py
[2025-01-18T20:34:41.234+0000] {logging_mixin.py:190} INFO - [2025-01-18T20:34:41.234+0000] {dag.py:3239} INFO - Sync 1 DAGs
[2025-01-18T20:34:41.244+0000] {logging_mixin.py:190} INFO - [2025-01-18T20:34:41.244+0000] {dag.py:4180} INFO - Setting next_dagrun for example_xcom to 2021-01-01 00:00:00+00:00, run_after=2021-01-01 00:00:00+00:00
[2025-01-18T20:34:41.252+0000] {processor.py:208} INFO - Processing /home/airflow/.local/lib/python3.12/site-packages/airflow/example_dags/example_xcom.py took 0.037 seconds
