[2025-01-18T20:34:10.596+0000] {processor.py:186} INFO - Started process (PID=54) to work on /home/airflow/.local/lib/python3.12/site-packages/airflow/example_dags/example_python_operator.py
[2025-01-18T20:34:10.597+0000] {processor.py:914} INFO - Processing file /home/airflow/.local/lib/python3.12/site-packages/airflow/example_dags/example_python_operator.py for tasks to queue
[2025-01-18T20:34:10.598+0000] {logging_mixin.py:190} INFO - [2025-01-18T20:34:10.598+0000] {dagbag.py:588} INFO - Filling up the DagBag from /home/airflow/.local/lib/python3.12/site-packages/airflow/example_dags/example_python_operator.py
[2025-01-18T20:34:10.613+0000] {processor.py:925} INFO - DAG(s) 'example_python_operator' retrieved from /home/airflow/.local/lib/python3.12/site-packages/airflow/example_dags/example_python_operator.py
[2025-01-18T20:34:10.768+0000] {logging_mixin.py:190} INFO - [2025-01-18T20:34:10.767+0000] {override.py:1911} INFO - Created Permission View: can delete on DAG:example_python_operator
[2025-01-18T20:34:10.902+0000] {logging_mixin.py:190} INFO - [2025-01-18T20:34:10.902+0000] {override.py:1911} INFO - Created Permission View: can edit on DAG:example_python_operator
[2025-01-18T20:34:10.912+0000] {logging_mixin.py:190} INFO - [2025-01-18T20:34:10.912+0000] {override.py:1911} INFO - Created Permission View: can read on DAG:example_python_operator
[2025-01-18T20:34:10.916+0000] {logging_mixin.py:190} INFO - [2025-01-18T20:34:10.915+0000] {override.py:1911} INFO - Created Permission View: can create on DAG Run:example_python_operator
[2025-01-18T20:34:10.918+0000] {logging_mixin.py:190} INFO - [2025-01-18T20:34:10.918+0000] {override.py:1911} INFO - Created Permission View: can delete on DAG Run:example_python_operator
[2025-01-18T20:34:10.921+0000] {logging_mixin.py:190} INFO - [2025-01-18T20:34:10.921+0000] {override.py:1911} INFO - Created Permission View: menu access on DAG Run:example_python_operator
[2025-01-18T20:34:10.928+0000] {logging_mixin.py:190} INFO - [2025-01-18T20:34:10.928+0000] {override.py:1911} INFO - Created Permission View: can read on DAG Run:example_python_operator
[2025-01-18T20:34:10.928+0000] {logging_mixin.py:190} INFO - [2025-01-18T20:34:10.928+0000] {dag.py:3239} INFO - Sync 1 DAGs
[2025-01-18T20:34:10.935+0000] {logging_mixin.py:190} INFO - [2025-01-18T20:34:10.935+0000] {dag.py:3262} INFO - Creating ORM DAG for example_python_operator
[2025-01-18T20:34:10.936+0000] {logging_mixin.py:190} INFO - [2025-01-18T20:34:10.936+0000] {dag.py:4180} INFO - Setting next_dagrun for example_python_operator to None, run_after=None
[2025-01-18T20:34:10.945+0000] {processor.py:208} INFO - Processing /home/airflow/.local/lib/python3.12/site-packages/airflow/example_dags/example_python_operator.py took 0.352 seconds
[2025-01-18T20:34:41.098+0000] {processor.py:186} INFO - Started process (PID=116) to work on /home/airflow/.local/lib/python3.12/site-packages/airflow/example_dags/example_python_operator.py
[2025-01-18T20:34:41.099+0000] {processor.py:914} INFO - Processing file /home/airflow/.local/lib/python3.12/site-packages/airflow/example_dags/example_python_operator.py for tasks to queue
[2025-01-18T20:34:41.100+0000] {logging_mixin.py:190} INFO - [2025-01-18T20:34:41.100+0000] {dagbag.py:588} INFO - Filling up the DagBag from /home/airflow/.local/lib/python3.12/site-packages/airflow/example_dags/example_python_operator.py
[2025-01-18T20:34:41.111+0000] {processor.py:925} INFO - DAG(s) 'example_python_operator' retrieved from /home/airflow/.local/lib/python3.12/site-packages/airflow/example_dags/example_python_operator.py
[2025-01-18T20:34:41.125+0000] {logging_mixin.py:190} INFO - [2025-01-18T20:34:41.124+0000] {dag.py:3239} INFO - Sync 1 DAGs
[2025-01-18T20:34:41.134+0000] {logging_mixin.py:190} INFO - [2025-01-18T20:34:41.134+0000] {dag.py:4180} INFO - Setting next_dagrun for example_python_operator to None, run_after=None
[2025-01-18T20:34:41.151+0000] {processor.py:208} INFO - Processing /home/airflow/.local/lib/python3.12/site-packages/airflow/example_dags/example_python_operator.py took 0.060 seconds
