[2025-01-18T20:34:12.773+0000] {processor.py:186} INFO - Started process (PID=68) to work on /home/airflow/.local/lib/python3.12/site-packages/airflow/example_dags/example_sla_dag.py
[2025-01-18T20:34:12.773+0000] {processor.py:914} INFO - Processing file /home/airflow/.local/lib/python3.12/site-packages/airflow/example_dags/example_sla_dag.py for tasks to queue
[2025-01-18T20:34:12.775+0000] {logging_mixin.py:190} INFO - [2025-01-18T20:34:12.775+0000] {dagbag.py:588} INFO - Filling up the DagBag from /home/airflow/.local/lib/python3.12/site-packages/airflow/example_dags/example_sla_dag.py
[2025-01-18T20:34:12.781+0000] {processor.py:925} INFO - DAG(s) 'example_sla_dag' retrieved from /home/airflow/.local/lib/python3.12/site-packages/airflow/example_dags/example_sla_dag.py
[2025-01-18T20:34:12.853+0000] {logging_mixin.py:190} INFO - [2025-01-18T20:34:12.852+0000] {override.py:1911} INFO - Created Permission View: can delete on DAG:example_sla_dag
[2025-01-18T20:34:12.860+0000] {logging_mixin.py:190} INFO - [2025-01-18T20:34:12.859+0000] {override.py:1911} INFO - Created Permission View: can edit on DAG:example_sla_dag
[2025-01-18T20:34:12.863+0000] {logging_mixin.py:190} INFO - [2025-01-18T20:34:12.862+0000] {override.py:1911} INFO - Created Permission View: can read on DAG:example_sla_dag
[2025-01-18T20:34:12.866+0000] {logging_mixin.py:190} INFO - [2025-01-18T20:34:12.866+0000] {override.py:1911} INFO - Created Permission View: can create on DAG Run:example_sla_dag
[2025-01-18T20:34:12.870+0000] {logging_mixin.py:190} INFO - [2025-01-18T20:34:12.869+0000] {override.py:1911} INFO - Created Permission View: can delete on DAG Run:example_sla_dag
[2025-01-18T20:34:12.873+0000] {logging_mixin.py:190} INFO - [2025-01-18T20:34:12.873+0000] {override.py:1911} INFO - Created Permission View: menu access on DAG Run:example_sla_dag
[2025-01-18T20:34:12.879+0000] {logging_mixin.py:190} INFO - [2025-01-18T20:34:12.878+0000] {override.py:1911} INFO - Created Permission View: can read on DAG Run:example_sla_dag
[2025-01-18T20:34:12.879+0000] {logging_mixin.py:190} INFO - [2025-01-18T20:34:12.879+0000] {dag.py:3239} INFO - Sync 1 DAGs
[2025-01-18T20:34:12.891+0000] {logging_mixin.py:190} INFO - [2025-01-18T20:34:12.890+0000] {dag.py:3262} INFO - Creating ORM DAG for example_sla_dag
[2025-01-18T20:34:12.897+0000] {logging_mixin.py:190} INFO - [2025-01-18T20:34:12.897+0000] {dag.py:4180} INFO - Setting next_dagrun for example_sla_dag to 2025-01-18 20:32:00+00:00, run_after=2025-01-18 20:34:00+00:00
[2025-01-18T20:34:12.906+0000] {processor.py:208} INFO - Processing /home/airflow/.local/lib/python3.12/site-packages/airflow/example_dags/example_sla_dag.py took 0.137 seconds
[2025-01-18T20:34:43.048+0000] {processor.py:186} INFO - Started process (PID=130) to work on /home/airflow/.local/lib/python3.12/site-packages/airflow/example_dags/example_sla_dag.py
[2025-01-18T20:34:43.049+0000] {processor.py:914} INFO - Processing file /home/airflow/.local/lib/python3.12/site-packages/airflow/example_dags/example_sla_dag.py for tasks to queue
[2025-01-18T20:34:43.052+0000] {logging_mixin.py:190} INFO - [2025-01-18T20:34:43.052+0000] {dagbag.py:588} INFO - Filling up the DagBag from /home/airflow/.local/lib/python3.12/site-packages/airflow/example_dags/example_sla_dag.py
[2025-01-18T20:34:43.061+0000] {processor.py:925} INFO - DAG(s) 'example_sla_dag' retrieved from /home/airflow/.local/lib/python3.12/site-packages/airflow/example_dags/example_sla_dag.py
[2025-01-18T20:34:43.073+0000] {logging_mixin.py:190} INFO - [2025-01-18T20:34:43.073+0000] {dag.py:3239} INFO - Sync 1 DAGs
[2025-01-18T20:34:43.087+0000] {logging_mixin.py:190} INFO - [2025-01-18T20:34:43.087+0000] {dag.py:4180} INFO - Setting next_dagrun for example_sla_dag to 2025-01-18 20:32:00+00:00, run_after=2025-01-18 20:34:00+00:00
[2025-01-18T20:34:43.097+0000] {processor.py:208} INFO - Processing /home/airflow/.local/lib/python3.12/site-packages/airflow/example_dags/example_sla_dag.py took 0.054 seconds
