[2025-01-18T20:34:14.616+0000] {processor.py:186} INFO - Started process (PID=91) to work on /home/airflow/.local/lib/python3.12/site-packages/airflow/example_dags/example_branch_python_dop_operator_3.py
[2025-01-18T20:34:14.617+0000] {processor.py:914} INFO - Processing file /home/airflow/.local/lib/python3.12/site-packages/airflow/example_dags/example_branch_python_dop_operator_3.py for tasks to queue
[2025-01-18T20:34:14.618+0000] {logging_mixin.py:190} INFO - [2025-01-18T20:34:14.618+0000] {dagbag.py:588} INFO - Filling up the DagBag from /home/airflow/.local/lib/python3.12/site-packages/airflow/example_dags/example_branch_python_dop_operator_3.py
[2025-01-18T20:34:14.625+0000] {processor.py:925} INFO - DAG(s) 'example_branch_dop_operator_v3' retrieved from /home/airflow/.local/lib/python3.12/site-packages/airflow/example_dags/example_branch_python_dop_operator_3.py
[2025-01-18T20:34:14.673+0000] {logging_mixin.py:190} INFO - [2025-01-18T20:34:14.673+0000] {override.py:1911} INFO - Created Permission View: can delete on DAG:example_branch_dop_operator_v3
[2025-01-18T20:34:14.680+0000] {logging_mixin.py:190} INFO - [2025-01-18T20:34:14.680+0000] {override.py:1911} INFO - Created Permission View: can edit on DAG:example_branch_dop_operator_v3
[2025-01-18T20:34:14.683+0000] {logging_mixin.py:190} INFO - [2025-01-18T20:34:14.683+0000] {override.py:1911} INFO - Created Permission View: can read on DAG:example_branch_dop_operator_v3
[2025-01-18T20:34:14.686+0000] {logging_mixin.py:190} INFO - [2025-01-18T20:34:14.686+0000] {override.py:1911} INFO - Created Permission View: can create on DAG Run:example_branch_dop_operator_v3
[2025-01-18T20:34:14.690+0000] {logging_mixin.py:190} INFO - [2025-01-18T20:34:14.689+0000] {override.py:1911} INFO - Created Permission View: can delete on DAG Run:example_branch_dop_operator_v3
[2025-01-18T20:34:14.692+0000] {logging_mixin.py:190} INFO - [2025-01-18T20:34:14.692+0000] {override.py:1911} INFO - Created Permission View: menu access on DAG Run:example_branch_dop_operator_v3
[2025-01-18T20:34:14.695+0000] {logging_mixin.py:190} INFO - [2025-01-18T20:34:14.695+0000] {override.py:1911} INFO - Created Permission View: can read on DAG Run:example_branch_dop_operator_v3
[2025-01-18T20:34:14.695+0000] {logging_mixin.py:190} INFO - [2025-01-18T20:34:14.695+0000] {dag.py:3239} INFO - Sync 1 DAGs
[2025-01-18T20:34:14.702+0000] {logging_mixin.py:190} INFO - [2025-01-18T20:34:14.702+0000] {dag.py:3262} INFO - Creating ORM DAG for example_branch_dop_operator_v3
[2025-01-18T20:34:14.708+0000] {logging_mixin.py:190} INFO - [2025-01-18T20:34:14.708+0000] {dag.py:4180} INFO - Setting next_dagrun for example_branch_dop_operator_v3 to 2025-01-18 20:33:00+00:00, run_after=2025-01-18 20:34:00+00:00
[2025-01-18T20:34:14.715+0000] {processor.py:208} INFO - Processing /home/airflow/.local/lib/python3.12/site-packages/airflow/example_dags/example_branch_python_dop_operator_3.py took 0.102 seconds
[2025-01-18T20:34:45.073+0000] {processor.py:186} INFO - Started process (PID=153) to work on /home/airflow/.local/lib/python3.12/site-packages/airflow/example_dags/example_branch_python_dop_operator_3.py
[2025-01-18T20:34:45.076+0000] {processor.py:914} INFO - Processing file /home/airflow/.local/lib/python3.12/site-packages/airflow/example_dags/example_branch_python_dop_operator_3.py for tasks to queue
[2025-01-18T20:34:45.077+0000] {logging_mixin.py:190} INFO - [2025-01-18T20:34:45.077+0000] {dagbag.py:588} INFO - Filling up the DagBag from /home/airflow/.local/lib/python3.12/site-packages/airflow/example_dags/example_branch_python_dop_operator_3.py
[2025-01-18T20:34:45.082+0000] {processor.py:925} INFO - DAG(s) 'example_branch_dop_operator_v3' retrieved from /home/airflow/.local/lib/python3.12/site-packages/airflow/example_dags/example_branch_python_dop_operator_3.py
[2025-01-18T20:34:45.094+0000] {logging_mixin.py:190} INFO - [2025-01-18T20:34:45.094+0000] {dag.py:3239} INFO - Sync 1 DAGs
[2025-01-18T20:34:45.110+0000] {logging_mixin.py:190} INFO - [2025-01-18T20:34:45.110+0000] {dag.py:4180} INFO - Setting next_dagrun for example_branch_dop_operator_v3 to 2025-01-18 20:33:00+00:00, run_after=2025-01-18 20:34:00+00:00
[2025-01-18T20:34:45.121+0000] {processor.py:208} INFO - Processing /home/airflow/.local/lib/python3.12/site-packages/airflow/example_dags/example_branch_python_dop_operator_3.py took 0.052 seconds
