[2025-01-18T20:34:14.133+0000] {processor.py:186} INFO - Started process (PID=84) to work on /home/airflow/.local/lib/python3.12/site-packages/airflow/example_dags/example_params_trigger_ui.py
[2025-01-18T20:34:14.138+0000] {processor.py:914} INFO - Processing file /home/airflow/.local/lib/python3.12/site-packages/airflow/example_dags/example_params_trigger_ui.py for tasks to queue
[2025-01-18T20:34:14.141+0000] {logging_mixin.py:190} INFO - [2025-01-18T20:34:14.140+0000] {dagbag.py:588} INFO - Filling up the DagBag from /home/airflow/.local/lib/python3.12/site-packages/airflow/example_dags/example_params_trigger_ui.py
[2025-01-18T20:34:14.148+0000] {processor.py:925} INFO - DAG(s) 'example_params_trigger_ui' retrieved from /home/airflow/.local/lib/python3.12/site-packages/airflow/example_dags/example_params_trigger_ui.py
[2025-01-18T20:34:14.218+0000] {logging_mixin.py:190} INFO - [2025-01-18T20:34:14.218+0000] {override.py:1911} INFO - Created Permission View: can delete on DAG:example_params_trigger_ui
[2025-01-18T20:34:14.224+0000] {logging_mixin.py:190} INFO - [2025-01-18T20:34:14.224+0000] {override.py:1911} INFO - Created Permission View: can edit on DAG:example_params_trigger_ui
[2025-01-18T20:34:14.227+0000] {logging_mixin.py:190} INFO - [2025-01-18T20:34:14.227+0000] {override.py:1911} INFO - Created Permission View: can read on DAG:example_params_trigger_ui
[2025-01-18T20:34:14.229+0000] {logging_mixin.py:190} INFO - [2025-01-18T20:34:14.229+0000] {override.py:1911} INFO - Created Permission View: can create on DAG Run:example_params_trigger_ui
[2025-01-18T20:34:14.232+0000] {logging_mixin.py:190} INFO - [2025-01-18T20:34:14.232+0000] {override.py:1911} INFO - Created Permission View: can delete on DAG Run:example_params_trigger_ui
[2025-01-18T20:34:14.236+0000] {logging_mixin.py:190} INFO - [2025-01-18T20:34:14.236+0000] {override.py:1911} INFO - Created Permission View: menu access on DAG Run:example_params_trigger_ui
[2025-01-18T20:34:14.241+0000] {logging_mixin.py:190} INFO - [2025-01-18T20:34:14.241+0000] {override.py:1911} INFO - Created Permission View: can read on DAG Run:example_params_trigger_ui
[2025-01-18T20:34:14.241+0000] {logging_mixin.py:190} INFO - [2025-01-18T20:34:14.241+0000] {dag.py:3239} INFO - Sync 1 DAGs
[2025-01-18T20:34:14.247+0000] {logging_mixin.py:190} INFO - [2025-01-18T20:34:14.247+0000] {dag.py:3262} INFO - Creating ORM DAG for example_params_trigger_ui
[2025-01-18T20:34:14.247+0000] {logging_mixin.py:190} INFO - [2025-01-18T20:34:14.247+0000] {dag.py:4180} INFO - Setting next_dagrun for example_params_trigger_ui to None, run_after=None
[2025-01-18T20:34:14.255+0000] {processor.py:208} INFO - Processing /home/airflow/.local/lib/python3.12/site-packages/airflow/example_dags/example_params_trigger_ui.py took 0.126 seconds
[2025-01-18T20:34:44.839+0000] {processor.py:186} INFO - Started process (PID=146) to work on /home/airflow/.local/lib/python3.12/site-packages/airflow/example_dags/example_params_trigger_ui.py
[2025-01-18T20:34:44.840+0000] {processor.py:914} INFO - Processing file /home/airflow/.local/lib/python3.12/site-packages/airflow/example_dags/example_params_trigger_ui.py for tasks to queue
[2025-01-18T20:34:44.844+0000] {logging_mixin.py:190} INFO - [2025-01-18T20:34:44.844+0000] {dagbag.py:588} INFO - Filling up the DagBag from /home/airflow/.local/lib/python3.12/site-packages/airflow/example_dags/example_params_trigger_ui.py
[2025-01-18T20:34:44.850+0000] {processor.py:925} INFO - DAG(s) 'example_params_trigger_ui' retrieved from /home/airflow/.local/lib/python3.12/site-packages/airflow/example_dags/example_params_trigger_ui.py
[2025-01-18T20:34:44.871+0000] {logging_mixin.py:190} INFO - [2025-01-18T20:34:44.871+0000] {dag.py:3239} INFO - Sync 1 DAGs
[2025-01-18T20:34:44.879+0000] {logging_mixin.py:190} INFO - [2025-01-18T20:34:44.879+0000] {dag.py:4180} INFO - Setting next_dagrun for example_params_trigger_ui to None, run_after=None
[2025-01-18T20:34:44.890+0000] {processor.py:208} INFO - Processing /home/airflow/.local/lib/python3.12/site-packages/airflow/example_dags/example_params_trigger_ui.py took 0.054 seconds
