[2025-01-18T20:34:11.350+0000] {processor.py:186} INFO - Started process (PID=59) to work on /home/airflow/.local/lib/python3.12/site-packages/airflow/example_dags/example_short_circuit_decorator.py
[2025-01-18T20:34:11.351+0000] {processor.py:914} INFO - Processing file /home/airflow/.local/lib/python3.12/site-packages/airflow/example_dags/example_short_circuit_decorator.py for tasks to queue
[2025-01-18T20:34:11.352+0000] {logging_mixin.py:190} INFO - [2025-01-18T20:34:11.352+0000] {dagbag.py:588} INFO - Filling up the DagBag from /home/airflow/.local/lib/python3.12/site-packages/airflow/example_dags/example_short_circuit_decorator.py
[2025-01-18T20:34:11.360+0000] {processor.py:925} INFO - DAG(s) 'example_short_circuit_decorator' retrieved from /home/airflow/.local/lib/python3.12/site-packages/airflow/example_dags/example_short_circuit_decorator.py
[2025-01-18T20:34:11.417+0000] {logging_mixin.py:190} INFO - [2025-01-18T20:34:11.416+0000] {override.py:1911} INFO - Created Permission View: can delete on DAG:example_short_circuit_decorator
[2025-01-18T20:34:11.423+0000] {logging_mixin.py:190} INFO - [2025-01-18T20:34:11.423+0000] {override.py:1911} INFO - Created Permission View: can edit on DAG:example_short_circuit_decorator
[2025-01-18T20:34:11.427+0000] {logging_mixin.py:190} INFO - [2025-01-18T20:34:11.427+0000] {override.py:1911} INFO - Created Permission View: can read on DAG:example_short_circuit_decorator
[2025-01-18T20:34:11.432+0000] {logging_mixin.py:190} INFO - [2025-01-18T20:34:11.432+0000] {override.py:1911} INFO - Created Permission View: can create on DAG Run:example_short_circuit_decorator
[2025-01-18T20:34:11.437+0000] {logging_mixin.py:190} INFO - [2025-01-18T20:34:11.437+0000] {override.py:1911} INFO - Created Permission View: can delete on DAG Run:example_short_circuit_decorator
[2025-01-18T20:34:11.440+0000] {logging_mixin.py:190} INFO - [2025-01-18T20:34:11.440+0000] {override.py:1911} INFO - Created Permission View: menu access on DAG Run:example_short_circuit_decorator
[2025-01-18T20:34:11.442+0000] {logging_mixin.py:190} INFO - [2025-01-18T20:34:11.442+0000] {override.py:1911} INFO - Created Permission View: can read on DAG Run:example_short_circuit_decorator
[2025-01-18T20:34:11.442+0000] {logging_mixin.py:190} INFO - [2025-01-18T20:34:11.442+0000] {dag.py:3239} INFO - Sync 1 DAGs
[2025-01-18T20:34:11.449+0000] {logging_mixin.py:190} INFO - [2025-01-18T20:34:11.449+0000] {dag.py:3262} INFO - Creating ORM DAG for example_short_circuit_decorator
[2025-01-18T20:34:11.450+0000] {logging_mixin.py:190} INFO - [2025-01-18T20:34:11.450+0000] {dag.py:4180} INFO - Setting next_dagrun for example_short_circuit_decorator to None, run_after=None
[2025-01-18T20:34:11.458+0000] {processor.py:208} INFO - Processing /home/airflow/.local/lib/python3.12/site-packages/airflow/example_dags/example_short_circuit_decorator.py took 0.112 seconds
[2025-01-18T20:34:42.248+0000] {processor.py:186} INFO - Started process (PID=120) to work on /home/airflow/.local/lib/python3.12/site-packages/airflow/example_dags/example_short_circuit_decorator.py
[2025-01-18T20:34:42.248+0000] {processor.py:914} INFO - Processing file /home/airflow/.local/lib/python3.12/site-packages/airflow/example_dags/example_short_circuit_decorator.py for tasks to queue
[2025-01-18T20:34:42.250+0000] {logging_mixin.py:190} INFO - [2025-01-18T20:34:42.250+0000] {dagbag.py:588} INFO - Filling up the DagBag from /home/airflow/.local/lib/python3.12/site-packages/airflow/example_dags/example_short_circuit_decorator.py
[2025-01-18T20:34:42.258+0000] {processor.py:925} INFO - DAG(s) 'example_short_circuit_decorator' retrieved from /home/airflow/.local/lib/python3.12/site-packages/airflow/example_dags/example_short_circuit_decorator.py
[2025-01-18T20:34:42.273+0000] {logging_mixin.py:190} INFO - [2025-01-18T20:34:42.273+0000] {dag.py:3239} INFO - Sync 1 DAGs
[2025-01-18T20:34:42.281+0000] {logging_mixin.py:190} INFO - [2025-01-18T20:34:42.281+0000] {dag.py:4180} INFO - Setting next_dagrun for example_short_circuit_decorator to None, run_after=None
[2025-01-18T20:34:42.292+0000] {processor.py:208} INFO - Processing /home/airflow/.local/lib/python3.12/site-packages/airflow/example_dags/example_short_circuit_decorator.py took 0.048 seconds
