[2025-01-18T20:34:14.386+0000] {processor.py:186} INFO - Started process (PID=88) to work on /home/airflow/.local/lib/python3.12/site-packages/airflow/example_dags/example_subdag_operator.py
[2025-01-18T20:34:14.387+0000] {processor.py:914} INFO - Processing file /home/airflow/.local/lib/python3.12/site-packages/airflow/example_dags/example_subdag_operator.py for tasks to queue
[2025-01-18T20:34:14.388+0000] {logging_mixin.py:190} INFO - [2025-01-18T20:34:14.388+0000] {dagbag.py:588} INFO - Filling up the DagBag from /home/airflow/.local/lib/python3.12/site-packages/airflow/example_dags/example_subdag_operator.py
[2025-01-18T20:34:14.404+0000] {processor.py:925} INFO - DAG(s) 'example_subdag_operator.section-1', 'example_subdag_operator.section-2', 'example_subdag_operator' retrieved from /home/airflow/.local/lib/python3.12/site-packages/airflow/example_dags/example_subdag_operator.py
[2025-01-18T20:34:14.455+0000] {logging_mixin.py:190} INFO - [2025-01-18T20:34:14.454+0000] {override.py:1911} INFO - Created Permission View: can delete on DAG:example_subdag_operator
[2025-01-18T20:34:14.459+0000] {logging_mixin.py:190} INFO - [2025-01-18T20:34:14.459+0000] {override.py:1911} INFO - Created Permission View: can edit on DAG:example_subdag_operator
[2025-01-18T20:34:14.461+0000] {logging_mixin.py:190} INFO - [2025-01-18T20:34:14.461+0000] {override.py:1911} INFO - Created Permission View: can read on DAG:example_subdag_operator
[2025-01-18T20:34:14.464+0000] {logging_mixin.py:190} INFO - [2025-01-18T20:34:14.464+0000] {override.py:1911} INFO - Created Permission View: can create on DAG Run:example_subdag_operator
[2025-01-18T20:34:14.467+0000] {logging_mixin.py:190} INFO - [2025-01-18T20:34:14.467+0000] {override.py:1911} INFO - Created Permission View: can delete on DAG Run:example_subdag_operator
[2025-01-18T20:34:14.469+0000] {logging_mixin.py:190} INFO - [2025-01-18T20:34:14.469+0000] {override.py:1911} INFO - Created Permission View: menu access on DAG Run:example_subdag_operator
[2025-01-18T20:34:14.472+0000] {logging_mixin.py:190} INFO - [2025-01-18T20:34:14.472+0000] {override.py:1911} INFO - Created Permission View: can read on DAG Run:example_subdag_operator
[2025-01-18T20:34:14.472+0000] {logging_mixin.py:190} INFO - [2025-01-18T20:34:14.472+0000] {dag.py:3239} INFO - Sync 3 DAGs
[2025-01-18T20:34:14.479+0000] {logging_mixin.py:190} INFO - [2025-01-18T20:34:14.479+0000] {dag.py:3262} INFO - Creating ORM DAG for example_subdag_operator
[2025-01-18T20:34:14.479+0000] {logging_mixin.py:190} INFO - [2025-01-18T20:34:14.479+0000] {dag.py:3262} INFO - Creating ORM DAG for example_subdag_operator.section-2
[2025-01-18T20:34:14.480+0000] {logging_mixin.py:190} INFO - [2025-01-18T20:34:14.480+0000] {dag.py:3262} INFO - Creating ORM DAG for example_subdag_operator.section-1
[2025-01-18T20:34:14.485+0000] {logging_mixin.py:190} INFO - [2025-01-18T20:34:14.485+0000] {dag.py:4180} INFO - Setting next_dagrun for example_subdag_operator to 2022-01-01 00:00:00+00:00, run_after=2022-01-01 00:00:00+00:00
[2025-01-18T20:34:14.486+0000] {logging_mixin.py:190} INFO - [2025-01-18T20:34:14.486+0000] {dag.py:4180} INFO - Setting next_dagrun for example_subdag_operator.section-1 to None, run_after=None
[2025-01-18T20:34:14.489+0000] {logging_mixin.py:190} INFO - [2025-01-18T20:34:14.486+0000] {dag.py:4180} INFO - Setting next_dagrun for example_subdag_operator.section-2 to None, run_after=None
[2025-01-18T20:34:14.494+0000] {logging_mixin.py:190} INFO - [2025-01-18T20:34:14.494+0000] {dag.py:3239} INFO - Sync 2 DAGs
[2025-01-18T20:34:14.499+0000] {logging_mixin.py:190} INFO - [2025-01-18T20:34:14.498+0000] {dag.py:4180} INFO - Setting next_dagrun for example_subdag_operator.section-1 to None, run_after=None
[2025-01-18T20:34:14.500+0000] {logging_mixin.py:190} INFO - [2025-01-18T20:34:14.500+0000] {dag.py:4180} INFO - Setting next_dagrun for example_subdag_operator.section-2 to None, run_after=None
[2025-01-18T20:34:14.506+0000] {processor.py:208} INFO - Processing /home/airflow/.local/lib/python3.12/site-packages/airflow/example_dags/example_subdag_operator.py took 0.123 seconds
[2025-01-18T20:34:44.958+0000] {processor.py:186} INFO - Started process (PID=150) to work on /home/airflow/.local/lib/python3.12/site-packages/airflow/example_dags/example_subdag_operator.py
[2025-01-18T20:34:44.961+0000] {processor.py:914} INFO - Processing file /home/airflow/.local/lib/python3.12/site-packages/airflow/example_dags/example_subdag_operator.py for tasks to queue
[2025-01-18T20:34:44.962+0000] {logging_mixin.py:190} INFO - [2025-01-18T20:34:44.962+0000] {dagbag.py:588} INFO - Filling up the DagBag from /home/airflow/.local/lib/python3.12/site-packages/airflow/example_dags/example_subdag_operator.py
[2025-01-18T20:34:44.976+0000] {processor.py:925} INFO - DAG(s) 'example_subdag_operator.section-1', 'example_subdag_operator.section-2', 'example_subdag_operator' retrieved from /home/airflow/.local/lib/python3.12/site-packages/airflow/example_dags/example_subdag_operator.py
[2025-01-18T20:34:44.987+0000] {logging_mixin.py:190} INFO - [2025-01-18T20:34:44.987+0000] {dag.py:3239} INFO - Sync 3 DAGs
[2025-01-18T20:34:44.998+0000] {logging_mixin.py:190} INFO - [2025-01-18T20:34:44.998+0000] {dag.py:4180} INFO - Setting next_dagrun for example_subdag_operator to 2022-01-01 00:00:00+00:00, run_after=2022-01-01 00:00:00+00:00
[2025-01-18T20:34:45.003+0000] {logging_mixin.py:190} INFO - [2025-01-18T20:34:45.003+0000] {dag.py:4180} INFO - Setting next_dagrun for example_subdag_operator.section-1 to None, run_after=None
[2025-01-18T20:34:45.005+0000] {logging_mixin.py:190} INFO - [2025-01-18T20:34:45.004+0000] {dag.py:4180} INFO - Setting next_dagrun for example_subdag_operator.section-2 to None, run_after=None
[2025-01-18T20:34:45.009+0000] {logging_mixin.py:190} INFO - [2025-01-18T20:34:45.009+0000] {dag.py:3239} INFO - Sync 2 DAGs
[2025-01-18T20:34:45.012+0000] {logging_mixin.py:190} INFO - [2025-01-18T20:34:45.012+0000] {dag.py:4180} INFO - Setting next_dagrun for example_subdag_operator.section-1 to None, run_after=None
[2025-01-18T20:34:45.013+0000] {logging_mixin.py:190} INFO - [2025-01-18T20:34:45.013+0000] {dag.py:4180} INFO - Setting next_dagrun for example_subdag_operator.section-2 to None, run_after=None
[2025-01-18T20:34:45.019+0000] {processor.py:208} INFO - Processing /home/airflow/.local/lib/python3.12/site-packages/airflow/example_dags/example_subdag_operator.py took 0.065 seconds
