[2025-01-18T20:34:14.849+0000] {processor.py:186} INFO - Started process (PID=95) to work on /home/airflow/.local/lib/python3.12/site-packages/airflow/example_dags/example_trigger_controller_dag.py
[2025-01-18T20:34:14.850+0000] {processor.py:914} INFO - Processing file /home/airflow/.local/lib/python3.12/site-packages/airflow/example_dags/example_trigger_controller_dag.py for tasks to queue
[2025-01-18T20:34:14.851+0000] {logging_mixin.py:190} INFO - [2025-01-18T20:34:14.851+0000] {dagbag.py:588} INFO - Filling up the DagBag from /home/airflow/.local/lib/python3.12/site-packages/airflow/example_dags/example_trigger_controller_dag.py
[2025-01-18T20:34:14.859+0000] {processor.py:925} INFO - DAG(s) 'example_trigger_controller_dag' retrieved from /home/airflow/.local/lib/python3.12/site-packages/airflow/example_dags/example_trigger_controller_dag.py
[2025-01-18T20:34:14.909+0000] {logging_mixin.py:190} INFO - [2025-01-18T20:34:14.908+0000] {override.py:1911} INFO - Created Permission View: can delete on DAG:example_trigger_controller_dag
[2025-01-18T20:34:14.913+0000] {logging_mixin.py:190} INFO - [2025-01-18T20:34:14.913+0000] {override.py:1911} INFO - Created Permission View: can edit on DAG:example_trigger_controller_dag
[2025-01-18T20:34:14.915+0000] {logging_mixin.py:190} INFO - [2025-01-18T20:34:14.915+0000] {override.py:1911} INFO - Created Permission View: can read on DAG:example_trigger_controller_dag
[2025-01-18T20:34:14.918+0000] {logging_mixin.py:190} INFO - [2025-01-18T20:34:14.918+0000] {override.py:1911} INFO - Created Permission View: can create on DAG Run:example_trigger_controller_dag
[2025-01-18T20:34:14.920+0000] {logging_mixin.py:190} INFO - [2025-01-18T20:34:14.920+0000] {override.py:1911} INFO - Created Permission View: can delete on DAG Run:example_trigger_controller_dag
[2025-01-18T20:34:14.922+0000] {logging_mixin.py:190} INFO - [2025-01-18T20:34:14.922+0000] {override.py:1911} INFO - Created Permission View: menu access on DAG Run:example_trigger_controller_dag
[2025-01-18T20:34:14.924+0000] {logging_mixin.py:190} INFO - [2025-01-18T20:34:14.924+0000] {override.py:1911} INFO - Created Permission View: can read on DAG Run:example_trigger_controller_dag
[2025-01-18T20:34:14.924+0000] {logging_mixin.py:190} INFO - [2025-01-18T20:34:14.924+0000] {dag.py:3239} INFO - Sync 1 DAGs
[2025-01-18T20:34:14.931+0000] {logging_mixin.py:190} INFO - [2025-01-18T20:34:14.931+0000] {dag.py:3262} INFO - Creating ORM DAG for example_trigger_controller_dag
[2025-01-18T20:34:14.935+0000] {logging_mixin.py:190} INFO - [2025-01-18T20:34:14.935+0000] {dag.py:4180} INFO - Setting next_dagrun for example_trigger_controller_dag to 2021-01-01 00:00:00+00:00, run_after=2021-01-01 00:00:00+00:00
[2025-01-18T20:34:14.942+0000] {processor.py:208} INFO - Processing /home/airflow/.local/lib/python3.12/site-packages/airflow/example_dags/example_trigger_controller_dag.py took 0.097 seconds
[2025-01-18T20:34:45.200+0000] {processor.py:186} INFO - Started process (PID=157) to work on /home/airflow/.local/lib/python3.12/site-packages/airflow/example_dags/example_trigger_controller_dag.py
[2025-01-18T20:34:45.202+0000] {processor.py:914} INFO - Processing file /home/airflow/.local/lib/python3.12/site-packages/airflow/example_dags/example_trigger_controller_dag.py for tasks to queue
[2025-01-18T20:34:45.206+0000] {logging_mixin.py:190} INFO - [2025-01-18T20:34:45.205+0000] {dagbag.py:588} INFO - Filling up the DagBag from /home/airflow/.local/lib/python3.12/site-packages/airflow/example_dags/example_trigger_controller_dag.py
[2025-01-18T20:34:45.209+0000] {processor.py:925} INFO - DAG(s) 'example_trigger_controller_dag' retrieved from /home/airflow/.local/lib/python3.12/site-packages/airflow/example_dags/example_trigger_controller_dag.py
[2025-01-18T20:34:45.221+0000] {logging_mixin.py:190} INFO - [2025-01-18T20:34:45.220+0000] {dag.py:3239} INFO - Sync 1 DAGs
[2025-01-18T20:34:45.234+0000] {logging_mixin.py:190} INFO - [2025-01-18T20:34:45.234+0000] {dag.py:4180} INFO - Setting next_dagrun for example_trigger_controller_dag to 2021-01-01 00:00:00+00:00, run_after=2021-01-01 00:00:00+00:00
[2025-01-18T20:34:45.245+0000] {processor.py:208} INFO - Processing /home/airflow/.local/lib/python3.12/site-packages/airflow/example_dags/example_trigger_controller_dag.py took 0.048 seconds
