[2025-01-18T20:34:14.526+0000] {processor.py:186} INFO - Started process (PID=90) to work on /home/airflow/.local/lib/python3.12/site-packages/airflow/example_dags/tutorial.py
[2025-01-18T20:34:14.526+0000] {processor.py:914} INFO - Processing file /home/airflow/.local/lib/python3.12/site-packages/airflow/example_dags/tutorial.py for tasks to queue
[2025-01-18T20:34:14.528+0000] {logging_mixin.py:190} INFO - [2025-01-18T20:34:14.528+0000] {dagbag.py:588} INFO - Filling up the DagBag from /home/airflow/.local/lib/python3.12/site-packages/airflow/example_dags/tutorial.py
[2025-01-18T20:34:14.533+0000] {processor.py:925} INFO - DAG(s) 'tutorial' retrieved from /home/airflow/.local/lib/python3.12/site-packages/airflow/example_dags/tutorial.py
[2025-01-18T20:34:14.580+0000] {logging_mixin.py:190} INFO - [2025-01-18T20:34:14.580+0000] {override.py:1911} INFO - Created Permission View: can delete on DAG:tutorial
[2025-01-18T20:34:14.584+0000] {logging_mixin.py:190} INFO - [2025-01-18T20:34:14.584+0000] {override.py:1911} INFO - Created Permission View: can edit on DAG:tutorial
[2025-01-18T20:34:14.586+0000] {logging_mixin.py:190} INFO - [2025-01-18T20:34:14.586+0000] {override.py:1911} INFO - Created Permission View: can read on DAG:tutorial
[2025-01-18T20:34:14.590+0000] {logging_mixin.py:190} INFO - [2025-01-18T20:34:14.590+0000] {override.py:1911} INFO - Created Permission View: can create on DAG Run:tutorial
[2025-01-18T20:34:14.593+0000] {logging_mixin.py:190} INFO - [2025-01-18T20:34:14.592+0000] {override.py:1911} INFO - Created Permission View: can delete on DAG Run:tutorial
[2025-01-18T20:34:14.595+0000] {logging_mixin.py:190} INFO - [2025-01-18T20:34:14.595+0000] {override.py:1911} INFO - Created Permission View: menu access on DAG Run:tutorial
[2025-01-18T20:34:14.598+0000] {logging_mixin.py:190} INFO - [2025-01-18T20:34:14.598+0000] {override.py:1911} INFO - Created Permission View: can read on DAG Run:tutorial
[2025-01-18T20:34:14.598+0000] {logging_mixin.py:190} INFO - [2025-01-18T20:34:14.598+0000] {dag.py:3239} INFO - Sync 1 DAGs
[2025-01-18T20:34:14.608+0000] {logging_mixin.py:190} INFO - [2025-01-18T20:34:14.608+0000] {dag.py:3262} INFO - Creating ORM DAG for tutorial
[2025-01-18T20:34:14.613+0000] {logging_mixin.py:190} INFO - [2025-01-18T20:34:14.613+0000] {dag.py:4180} INFO - Setting next_dagrun for tutorial to 2025-01-17 00:00:00+00:00, run_after=2025-01-18 00:00:00+00:00
[2025-01-18T20:34:14.621+0000] {processor.py:208} INFO - Processing /home/airflow/.local/lib/python3.12/site-packages/airflow/example_dags/tutorial.py took 0.099 seconds
[2025-01-18T20:34:45.046+0000] {processor.py:186} INFO - Started process (PID=152) to work on /home/airflow/.local/lib/python3.12/site-packages/airflow/example_dags/tutorial.py
[2025-01-18T20:34:45.047+0000] {processor.py:914} INFO - Processing file /home/airflow/.local/lib/python3.12/site-packages/airflow/example_dags/tutorial.py for tasks to queue
[2025-01-18T20:34:45.049+0000] {logging_mixin.py:190} INFO - [2025-01-18T20:34:45.048+0000] {dagbag.py:588} INFO - Filling up the DagBag from /home/airflow/.local/lib/python3.12/site-packages/airflow/example_dags/tutorial.py
[2025-01-18T20:34:45.053+0000] {processor.py:925} INFO - DAG(s) 'tutorial' retrieved from /home/airflow/.local/lib/python3.12/site-packages/airflow/example_dags/tutorial.py
[2025-01-18T20:34:45.065+0000] {logging_mixin.py:190} INFO - [2025-01-18T20:34:45.065+0000] {dag.py:3239} INFO - Sync 1 DAGs
[2025-01-18T20:34:45.078+0000] {logging_mixin.py:190} INFO - [2025-01-18T20:34:45.078+0000] {dag.py:4180} INFO - Setting next_dagrun for tutorial to 2025-01-17 00:00:00+00:00, run_after=2025-01-18 00:00:00+00:00
[2025-01-18T20:34:45.092+0000] {processor.py:208} INFO - Processing /home/airflow/.local/lib/python3.12/site-packages/airflow/example_dags/tutorial.py took 0.048 seconds
