[2025-01-18T20:34:13.449+0000] {processor.py:186} INFO - Started process (PID=76) to work on /home/airflow/.local/lib/python3.12/site-packages/airflow/example_dags/tutorial_dag.py
[2025-01-18T20:34:13.449+0000] {processor.py:914} INFO - Processing file /home/airflow/.local/lib/python3.12/site-packages/airflow/example_dags/tutorial_dag.py for tasks to queue
[2025-01-18T20:34:13.451+0000] {logging_mixin.py:190} INFO - [2025-01-18T20:34:13.451+0000] {dagbag.py:588} INFO - Filling up the DagBag from /home/airflow/.local/lib/python3.12/site-packages/airflow/example_dags/tutorial_dag.py
[2025-01-18T20:34:13.456+0000] {processor.py:925} INFO - DAG(s) 'tutorial_dag' retrieved from /home/airflow/.local/lib/python3.12/site-packages/airflow/example_dags/tutorial_dag.py
[2025-01-18T20:34:13.515+0000] {logging_mixin.py:190} INFO - [2025-01-18T20:34:13.514+0000] {override.py:1911} INFO - Created Permission View: can delete on DAG:tutorial_dag
[2025-01-18T20:34:13.520+0000] {logging_mixin.py:190} INFO - [2025-01-18T20:34:13.519+0000] {override.py:1911} INFO - Created Permission View: can edit on DAG:tutorial_dag
[2025-01-18T20:34:13.522+0000] {logging_mixin.py:190} INFO - [2025-01-18T20:34:13.522+0000] {override.py:1911} INFO - Created Permission View: can read on DAG:tutorial_dag
[2025-01-18T20:34:13.525+0000] {logging_mixin.py:190} INFO - [2025-01-18T20:34:13.525+0000] {override.py:1911} INFO - Created Permission View: can create on DAG Run:tutorial_dag
[2025-01-18T20:34:13.529+0000] {logging_mixin.py:190} INFO - [2025-01-18T20:34:13.528+0000] {override.py:1911} INFO - Created Permission View: can delete on DAG Run:tutorial_dag
[2025-01-18T20:34:13.532+0000] {logging_mixin.py:190} INFO - [2025-01-18T20:34:13.532+0000] {override.py:1911} INFO - Created Permission View: menu access on DAG Run:tutorial_dag
[2025-01-18T20:34:13.534+0000] {logging_mixin.py:190} INFO - [2025-01-18T20:34:13.534+0000] {override.py:1911} INFO - Created Permission View: can read on DAG Run:tutorial_dag
[2025-01-18T20:34:13.535+0000] {logging_mixin.py:190} INFO - [2025-01-18T20:34:13.535+0000] {dag.py:3239} INFO - Sync 1 DAGs
[2025-01-18T20:34:13.542+0000] {logging_mixin.py:190} INFO - [2025-01-18T20:34:13.542+0000] {dag.py:3262} INFO - Creating ORM DAG for tutorial_dag
[2025-01-18T20:34:13.543+0000] {logging_mixin.py:190} INFO - [2025-01-18T20:34:13.543+0000] {dag.py:4180} INFO - Setting next_dagrun for tutorial_dag to None, run_after=None
[2025-01-18T20:34:13.552+0000] {processor.py:208} INFO - Processing /home/airflow/.local/lib/python3.12/site-packages/airflow/example_dags/tutorial_dag.py took 0.108 seconds
[2025-01-18T20:34:44.390+0000] {processor.py:186} INFO - Started process (PID=138) to work on /home/airflow/.local/lib/python3.12/site-packages/airflow/example_dags/tutorial_dag.py
[2025-01-18T20:34:44.391+0000] {processor.py:914} INFO - Processing file /home/airflow/.local/lib/python3.12/site-packages/airflow/example_dags/tutorial_dag.py for tasks to queue
[2025-01-18T20:34:44.392+0000] {logging_mixin.py:190} INFO - [2025-01-18T20:34:44.392+0000] {dagbag.py:588} INFO - Filling up the DagBag from /home/airflow/.local/lib/python3.12/site-packages/airflow/example_dags/tutorial_dag.py
[2025-01-18T20:34:44.396+0000] {processor.py:925} INFO - DAG(s) 'tutorial_dag' retrieved from /home/airflow/.local/lib/python3.12/site-packages/airflow/example_dags/tutorial_dag.py
[2025-01-18T20:34:44.408+0000] {logging_mixin.py:190} INFO - [2025-01-18T20:34:44.408+0000] {dag.py:3239} INFO - Sync 1 DAGs
[2025-01-18T20:34:44.416+0000] {logging_mixin.py:190} INFO - [2025-01-18T20:34:44.416+0000] {dag.py:4180} INFO - Setting next_dagrun for tutorial_dag to None, run_after=None
[2025-01-18T20:34:44.427+0000] {processor.py:208} INFO - Processing /home/airflow/.local/lib/python3.12/site-packages/airflow/example_dags/tutorial_dag.py took 0.040 seconds
