[2025-01-18T20:34:12.893+0000] {processor.py:186} INFO - Started process (PID=69) to work on /home/airflow/.local/lib/python3.12/site-packages/airflow/example_dags/tutorial_taskflow_api.py
[2025-01-18T20:34:12.894+0000] {processor.py:914} INFO - Processing file /home/airflow/.local/lib/python3.12/site-packages/airflow/example_dags/tutorial_taskflow_api.py for tasks to queue
[2025-01-18T20:34:12.896+0000] {logging_mixin.py:190} INFO - [2025-01-18T20:34:12.896+0000] {dagbag.py:588} INFO - Filling up the DagBag from /home/airflow/.local/lib/python3.12/site-packages/airflow/example_dags/tutorial_taskflow_api.py
[2025-01-18T20:34:12.902+0000] {processor.py:925} INFO - DAG(s) 'tutorial_taskflow_api' retrieved from /home/airflow/.local/lib/python3.12/site-packages/airflow/example_dags/tutorial_taskflow_api.py
[2025-01-18T20:34:12.959+0000] {logging_mixin.py:190} INFO - [2025-01-18T20:34:12.958+0000] {override.py:1911} INFO - Created Permission View: can delete on DAG:tutorial_taskflow_api
[2025-01-18T20:34:12.968+0000] {logging_mixin.py:190} INFO - [2025-01-18T20:34:12.968+0000] {override.py:1911} INFO - Created Permission View: can edit on DAG:tutorial_taskflow_api
[2025-01-18T20:34:12.972+0000] {logging_mixin.py:190} INFO - [2025-01-18T20:34:12.971+0000] {override.py:1911} INFO - Created Permission View: can read on DAG:tutorial_taskflow_api
[2025-01-18T20:34:12.975+0000] {logging_mixin.py:190} INFO - [2025-01-18T20:34:12.975+0000] {override.py:1911} INFO - Created Permission View: can create on DAG Run:tutorial_taskflow_api
[2025-01-18T20:34:12.978+0000] {logging_mixin.py:190} INFO - [2025-01-18T20:34:12.978+0000] {override.py:1911} INFO - Created Permission View: can delete on DAG Run:tutorial_taskflow_api
[2025-01-18T20:34:12.981+0000] {logging_mixin.py:190} INFO - [2025-01-18T20:34:12.981+0000] {override.py:1911} INFO - Created Permission View: menu access on DAG Run:tutorial_taskflow_api
[2025-01-18T20:34:12.985+0000] {logging_mixin.py:190} INFO - [2025-01-18T20:34:12.984+0000] {override.py:1911} INFO - Created Permission View: can read on DAG Run:tutorial_taskflow_api
[2025-01-18T20:34:12.985+0000] {logging_mixin.py:190} INFO - [2025-01-18T20:34:12.985+0000] {dag.py:3239} INFO - Sync 1 DAGs
[2025-01-18T20:34:12.992+0000] {logging_mixin.py:190} INFO - [2025-01-18T20:34:12.992+0000] {dag.py:3262} INFO - Creating ORM DAG for tutorial_taskflow_api
[2025-01-18T20:34:12.993+0000] {logging_mixin.py:190} INFO - [2025-01-18T20:34:12.992+0000] {dag.py:4180} INFO - Setting next_dagrun for tutorial_taskflow_api to None, run_after=None
[2025-01-18T20:34:13.001+0000] {processor.py:208} INFO - Processing /home/airflow/.local/lib/python3.12/site-packages/airflow/example_dags/tutorial_taskflow_api.py took 0.112 seconds
[2025-01-18T20:34:43.128+0000] {processor.py:186} INFO - Started process (PID=131) to work on /home/airflow/.local/lib/python3.12/site-packages/airflow/example_dags/tutorial_taskflow_api.py
[2025-01-18T20:34:43.129+0000] {processor.py:914} INFO - Processing file /home/airflow/.local/lib/python3.12/site-packages/airflow/example_dags/tutorial_taskflow_api.py for tasks to queue
[2025-01-18T20:34:43.131+0000] {logging_mixin.py:190} INFO - [2025-01-18T20:34:43.130+0000] {dagbag.py:588} INFO - Filling up the DagBag from /home/airflow/.local/lib/python3.12/site-packages/airflow/example_dags/tutorial_taskflow_api.py
[2025-01-18T20:34:43.135+0000] {processor.py:925} INFO - DAG(s) 'tutorial_taskflow_api' retrieved from /home/airflow/.local/lib/python3.12/site-packages/airflow/example_dags/tutorial_taskflow_api.py
[2025-01-18T20:34:43.146+0000] {logging_mixin.py:190} INFO - [2025-01-18T20:34:43.146+0000] {dag.py:3239} INFO - Sync 1 DAGs
[2025-01-18T20:34:43.154+0000] {logging_mixin.py:190} INFO - [2025-01-18T20:34:43.154+0000] {dag.py:4180} INFO - Setting next_dagrun for tutorial_taskflow_api to None, run_after=None
[2025-01-18T20:34:43.167+0000] {processor.py:208} INFO - Processing /home/airflow/.local/lib/python3.12/site-packages/airflow/example_dags/tutorial_taskflow_api.py took 0.042 seconds
