[2025-01-18T20:34:14.735+0000] {processor.py:186} INFO - Started process (PID=93) to work on /home/airflow/.local/lib/python3.12/site-packages/airflow/example_dags/tutorial_objectstorage.py
[2025-01-18T20:34:14.736+0000] {processor.py:914} INFO - Processing file /home/airflow/.local/lib/python3.12/site-packages/airflow/example_dags/tutorial_objectstorage.py for tasks to queue
[2025-01-18T20:34:14.738+0000] {logging_mixin.py:190} INFO - [2025-01-18T20:34:14.738+0000] {dagbag.py:588} INFO - Filling up the DagBag from /home/airflow/.local/lib/python3.12/site-packages/airflow/example_dags/tutorial_objectstorage.py
[2025-01-18T20:34:14.748+0000] {processor.py:925} INFO - DAG(s) 'tutorial_objectstorage' retrieved from /home/airflow/.local/lib/python3.12/site-packages/airflow/example_dags/tutorial_objectstorage.py
[2025-01-18T20:34:14.798+0000] {logging_mixin.py:190} INFO - [2025-01-18T20:34:14.798+0000] {override.py:1911} INFO - Created Permission View: can delete on DAG:tutorial_objectstorage
[2025-01-18T20:34:14.803+0000] {logging_mixin.py:190} INFO - [2025-01-18T20:34:14.803+0000] {override.py:1911} INFO - Created Permission View: can edit on DAG:tutorial_objectstorage
[2025-01-18T20:34:14.806+0000] {logging_mixin.py:190} INFO - [2025-01-18T20:34:14.806+0000] {override.py:1911} INFO - Created Permission View: can read on DAG:tutorial_objectstorage
[2025-01-18T20:34:14.808+0000] {logging_mixin.py:190} INFO - [2025-01-18T20:34:14.808+0000] {override.py:1911} INFO - Created Permission View: can create on DAG Run:tutorial_objectstorage
[2025-01-18T20:34:14.810+0000] {logging_mixin.py:190} INFO - [2025-01-18T20:34:14.810+0000] {override.py:1911} INFO - Created Permission View: can delete on DAG Run:tutorial_objectstorage
[2025-01-18T20:34:14.813+0000] {logging_mixin.py:190} INFO - [2025-01-18T20:34:14.813+0000] {override.py:1911} INFO - Created Permission View: menu access on DAG Run:tutorial_objectstorage
[2025-01-18T20:34:14.815+0000] {logging_mixin.py:190} INFO - [2025-01-18T20:34:14.815+0000] {override.py:1911} INFO - Created Permission View: can read on DAG Run:tutorial_objectstorage
[2025-01-18T20:34:14.815+0000] {logging_mixin.py:190} INFO - [2025-01-18T20:34:14.815+0000] {dag.py:3239} INFO - Sync 1 DAGs
[2025-01-18T20:34:14.821+0000] {logging_mixin.py:190} INFO - [2025-01-18T20:34:14.821+0000] {dag.py:3262} INFO - Creating ORM DAG for tutorial_objectstorage
[2025-01-18T20:34:14.822+0000] {logging_mixin.py:190} INFO - [2025-01-18T20:34:14.822+0000] {dag.py:4180} INFO - Setting next_dagrun for tutorial_objectstorage to None, run_after=None
[2025-01-18T20:34:14.828+0000] {processor.py:208} INFO - Processing /home/airflow/.local/lib/python3.12/site-packages/airflow/example_dags/tutorial_objectstorage.py took 0.096 seconds
[2025-01-18T20:34:45.145+0000] {processor.py:186} INFO - Started process (PID=155) to work on /home/airflow/.local/lib/python3.12/site-packages/airflow/example_dags/tutorial_objectstorage.py
[2025-01-18T20:34:45.145+0000] {processor.py:914} INFO - Processing file /home/airflow/.local/lib/python3.12/site-packages/airflow/example_dags/tutorial_objectstorage.py for tasks to queue
[2025-01-18T20:34:45.147+0000] {logging_mixin.py:190} INFO - [2025-01-18T20:34:45.147+0000] {dagbag.py:588} INFO - Filling up the DagBag from /home/airflow/.local/lib/python3.12/site-packages/airflow/example_dags/tutorial_objectstorage.py
[2025-01-18T20:34:45.153+0000] {processor.py:925} INFO - DAG(s) 'tutorial_objectstorage' retrieved from /home/airflow/.local/lib/python3.12/site-packages/airflow/example_dags/tutorial_objectstorage.py
[2025-01-18T20:34:45.164+0000] {logging_mixin.py:190} INFO - [2025-01-18T20:34:45.164+0000] {dag.py:3239} INFO - Sync 1 DAGs
[2025-01-18T20:34:45.174+0000] {logging_mixin.py:190} INFO - [2025-01-18T20:34:45.174+0000] {dag.py:4180} INFO - Setting next_dagrun for tutorial_objectstorage to None, run_after=None
[2025-01-18T20:34:45.184+0000] {processor.py:208} INFO - Processing /home/airflow/.local/lib/python3.12/site-packages/airflow/example_dags/tutorial_objectstorage.py took 0.043 seconds
