[2025-01-19T00:00:17.194+0000] {processor.py:186} INFO - Started process (PID=858) to work on /opt/airflow/dags/portfolio.py
[2025-01-19T00:00:17.195+0000] {processor.py:914} INFO - Processing file /opt/airflow/dags/portfolio.py for tasks to queue
[2025-01-19T00:00:17.198+0000] {logging_mixin.py:190} INFO - [2025-01-19T00:00:17.197+0000] {dagbag.py:588} INFO - Filling up the DagBag from /opt/airflow/dags/portfolio.py
[2025-01-19T00:00:17.207+0000] {processor.py:925} INFO - DAG(s) 'generate_portfolio' retrieved from /opt/airflow/dags/portfolio.py
[2025-01-19T00:00:17.231+0000] {logging_mixin.py:190} INFO - [2025-01-19T00:00:17.231+0000] {dag.py:3239} INFO - Sync 1 DAGs
[2025-01-19T00:00:17.239+0000] {logging_mixin.py:190} INFO - [2025-01-19T00:00:17.239+0000] {dag.py:4180} INFO - Setting next_dagrun for generate_portfolio to None, run_after=None
[2025-01-19T00:00:17.249+0000] {processor.py:208} INFO - Processing /opt/airflow/dags/portfolio.py took 0.061 seconds
[2025-01-19T00:00:47.464+0000] {processor.py:186} INFO - Started process (PID=865) to work on /opt/airflow/dags/portfolio.py
[2025-01-19T00:00:47.465+0000] {processor.py:914} INFO - Processing file /opt/airflow/dags/portfolio.py for tasks to queue
[2025-01-19T00:00:47.467+0000] {logging_mixin.py:190} INFO - [2025-01-19T00:00:47.467+0000] {dagbag.py:588} INFO - Filling up the DagBag from /opt/airflow/dags/portfolio.py
[2025-01-19T00:00:47.476+0000] {processor.py:925} INFO - DAG(s) 'generate_portfolio' retrieved from /opt/airflow/dags/portfolio.py
[2025-01-19T00:00:47.498+0000] {logging_mixin.py:190} INFO - [2025-01-19T00:00:47.498+0000] {dag.py:3239} INFO - Sync 1 DAGs
[2025-01-19T00:00:47.507+0000] {logging_mixin.py:190} INFO - [2025-01-19T00:00:47.507+0000] {dag.py:4180} INFO - Setting next_dagrun for generate_portfolio to None, run_after=None
[2025-01-19T00:00:47.519+0000] {processor.py:208} INFO - Processing /opt/airflow/dags/portfolio.py took 0.060 seconds
[2025-01-19T00:01:17.840+0000] {processor.py:186} INFO - Started process (PID=872) to work on /opt/airflow/dags/portfolio.py
[2025-01-19T00:01:17.841+0000] {processor.py:914} INFO - Processing file /opt/airflow/dags/portfolio.py for tasks to queue
[2025-01-19T00:01:17.844+0000] {logging_mixin.py:190} INFO - [2025-01-19T00:01:17.843+0000] {dagbag.py:588} INFO - Filling up the DagBag from /opt/airflow/dags/portfolio.py
[2025-01-19T00:01:17.855+0000] {processor.py:925} INFO - DAG(s) 'generate_portfolio' retrieved from /opt/airflow/dags/portfolio.py
[2025-01-19T00:01:17.882+0000] {logging_mixin.py:190} INFO - [2025-01-19T00:01:17.882+0000] {dag.py:3239} INFO - Sync 1 DAGs
[2025-01-19T00:01:17.892+0000] {logging_mixin.py:190} INFO - [2025-01-19T00:01:17.891+0000] {dag.py:4180} INFO - Setting next_dagrun for generate_portfolio to None, run_after=None
[2025-01-19T00:01:17.901+0000] {processor.py:208} INFO - Processing /opt/airflow/dags/portfolio.py took 0.067 seconds
[2025-01-19T00:01:48.098+0000] {processor.py:186} INFO - Started process (PID=879) to work on /opt/airflow/dags/portfolio.py
[2025-01-19T00:01:48.098+0000] {processor.py:914} INFO - Processing file /opt/airflow/dags/portfolio.py for tasks to queue
[2025-01-19T00:01:48.100+0000] {logging_mixin.py:190} INFO - [2025-01-19T00:01:48.100+0000] {dagbag.py:588} INFO - Filling up the DagBag from /opt/airflow/dags/portfolio.py
[2025-01-19T00:01:48.106+0000] {processor.py:925} INFO - DAG(s) 'generate_portfolio' retrieved from /opt/airflow/dags/portfolio.py
[2025-01-19T00:01:48.124+0000] {logging_mixin.py:190} INFO - [2025-01-19T00:01:48.124+0000] {dag.py:3239} INFO - Sync 1 DAGs
[2025-01-19T00:01:48.133+0000] {logging_mixin.py:190} INFO - [2025-01-19T00:01:48.133+0000] {dag.py:4180} INFO - Setting next_dagrun for generate_portfolio to None, run_after=None
[2025-01-19T00:01:48.145+0000] {processor.py:208} INFO - Processing /opt/airflow/dags/portfolio.py took 0.051 seconds
[2025-01-19T00:02:18.397+0000] {processor.py:186} INFO - Started process (PID=885) to work on /opt/airflow/dags/portfolio.py
[2025-01-19T00:02:18.399+0000] {processor.py:914} INFO - Processing file /opt/airflow/dags/portfolio.py for tasks to queue
[2025-01-19T00:02:18.402+0000] {logging_mixin.py:190} INFO - [2025-01-19T00:02:18.402+0000] {dagbag.py:588} INFO - Filling up the DagBag from /opt/airflow/dags/portfolio.py
[2025-01-19T00:02:18.411+0000] {processor.py:925} INFO - DAG(s) 'generate_portfolio' retrieved from /opt/airflow/dags/portfolio.py
[2025-01-19T00:02:18.434+0000] {logging_mixin.py:190} INFO - [2025-01-19T00:02:18.433+0000] {dag.py:3239} INFO - Sync 1 DAGs
[2025-01-19T00:02:18.441+0000] {logging_mixin.py:190} INFO - [2025-01-19T00:02:18.441+0000] {dag.py:4180} INFO - Setting next_dagrun for generate_portfolio to None, run_after=None
[2025-01-19T00:02:18.453+0000] {processor.py:208} INFO - Processing /opt/airflow/dags/portfolio.py took 0.062 seconds
[2025-01-19T00:02:48.750+0000] {processor.py:186} INFO - Started process (PID=892) to work on /opt/airflow/dags/portfolio.py
[2025-01-19T00:02:48.751+0000] {processor.py:914} INFO - Processing file /opt/airflow/dags/portfolio.py for tasks to queue
[2025-01-19T00:02:48.754+0000] {logging_mixin.py:190} INFO - [2025-01-19T00:02:48.754+0000] {dagbag.py:588} INFO - Filling up the DagBag from /opt/airflow/dags/portfolio.py
[2025-01-19T00:02:48.762+0000] {processor.py:925} INFO - DAG(s) 'generate_portfolio' retrieved from /opt/airflow/dags/portfolio.py
[2025-01-19T00:02:48.782+0000] {logging_mixin.py:190} INFO - [2025-01-19T00:02:48.782+0000] {dag.py:3239} INFO - Sync 1 DAGs
[2025-01-19T00:02:48.791+0000] {logging_mixin.py:190} INFO - [2025-01-19T00:02:48.791+0000] {dag.py:4180} INFO - Setting next_dagrun for generate_portfolio to None, run_after=None
[2025-01-19T00:02:48.804+0000] {processor.py:208} INFO - Processing /opt/airflow/dags/portfolio.py took 0.060 seconds
[2025-01-19T00:03:19.067+0000] {processor.py:186} INFO - Started process (PID=899) to work on /opt/airflow/dags/portfolio.py
[2025-01-19T00:03:19.070+0000] {processor.py:914} INFO - Processing file /opt/airflow/dags/portfolio.py for tasks to queue
[2025-01-19T00:03:19.073+0000] {logging_mixin.py:190} INFO - [2025-01-19T00:03:19.073+0000] {dagbag.py:588} INFO - Filling up the DagBag from /opt/airflow/dags/portfolio.py
[2025-01-19T00:03:19.084+0000] {processor.py:925} INFO - DAG(s) 'generate_portfolio' retrieved from /opt/airflow/dags/portfolio.py
[2025-01-19T00:03:19.114+0000] {logging_mixin.py:190} INFO - [2025-01-19T00:03:19.114+0000] {dag.py:3239} INFO - Sync 1 DAGs
[2025-01-19T00:03:19.123+0000] {logging_mixin.py:190} INFO - [2025-01-19T00:03:19.123+0000] {dag.py:4180} INFO - Setting next_dagrun for generate_portfolio to None, run_after=None
[2025-01-19T00:03:19.132+0000] {processor.py:208} INFO - Processing /opt/airflow/dags/portfolio.py took 0.073 seconds
[2025-01-19T00:03:49.375+0000] {processor.py:186} INFO - Started process (PID=906) to work on /opt/airflow/dags/portfolio.py
[2025-01-19T00:03:49.376+0000] {processor.py:914} INFO - Processing file /opt/airflow/dags/portfolio.py for tasks to queue
[2025-01-19T00:03:49.378+0000] {logging_mixin.py:190} INFO - [2025-01-19T00:03:49.377+0000] {dagbag.py:588} INFO - Filling up the DagBag from /opt/airflow/dags/portfolio.py
[2025-01-19T00:03:49.383+0000] {processor.py:925} INFO - DAG(s) 'generate_portfolio' retrieved from /opt/airflow/dags/portfolio.py
[2025-01-19T00:03:49.400+0000] {logging_mixin.py:190} INFO - [2025-01-19T00:03:49.399+0000] {dag.py:3239} INFO - Sync 1 DAGs
[2025-01-19T00:03:49.408+0000] {logging_mixin.py:190} INFO - [2025-01-19T00:03:49.408+0000] {dag.py:4180} INFO - Setting next_dagrun for generate_portfolio to None, run_after=None
[2025-01-19T00:03:49.420+0000] {processor.py:208} INFO - Processing /opt/airflow/dags/portfolio.py took 0.048 seconds
[2025-01-19T00:04:19.764+0000] {processor.py:186} INFO - Started process (PID=912) to work on /opt/airflow/dags/portfolio.py
[2025-01-19T00:04:19.765+0000] {processor.py:914} INFO - Processing file /opt/airflow/dags/portfolio.py for tasks to queue
[2025-01-19T00:04:19.769+0000] {logging_mixin.py:190} INFO - [2025-01-19T00:04:19.768+0000] {dagbag.py:588} INFO - Filling up the DagBag from /opt/airflow/dags/portfolio.py
[2025-01-19T00:04:19.779+0000] {processor.py:925} INFO - DAG(s) 'generate_portfolio' retrieved from /opt/airflow/dags/portfolio.py
[2025-01-19T00:04:19.806+0000] {logging_mixin.py:190} INFO - [2025-01-19T00:04:19.806+0000] {dag.py:3239} INFO - Sync 1 DAGs
[2025-01-19T00:04:19.814+0000] {logging_mixin.py:190} INFO - [2025-01-19T00:04:19.814+0000] {dag.py:4180} INFO - Setting next_dagrun for generate_portfolio to None, run_after=None
[2025-01-19T00:04:19.824+0000] {processor.py:208} INFO - Processing /opt/airflow/dags/portfolio.py took 0.066 seconds
[2025-01-19T00:04:50.156+0000] {processor.py:186} INFO - Started process (PID=919) to work on /opt/airflow/dags/portfolio.py
[2025-01-19T00:04:50.159+0000] {processor.py:914} INFO - Processing file /opt/airflow/dags/portfolio.py for tasks to queue
[2025-01-19T00:04:50.162+0000] {logging_mixin.py:190} INFO - [2025-01-19T00:04:50.162+0000] {dagbag.py:588} INFO - Filling up the DagBag from /opt/airflow/dags/portfolio.py
[2025-01-19T00:04:50.174+0000] {processor.py:925} INFO - DAG(s) 'generate_portfolio' retrieved from /opt/airflow/dags/portfolio.py
[2025-01-19T00:04:50.197+0000] {logging_mixin.py:190} INFO - [2025-01-19T00:04:50.196+0000] {dag.py:3239} INFO - Sync 1 DAGs
[2025-01-19T00:04:50.204+0000] {logging_mixin.py:190} INFO - [2025-01-19T00:04:50.204+0000] {dag.py:4180} INFO - Setting next_dagrun for generate_portfolio to None, run_after=None
[2025-01-19T00:04:50.213+0000] {processor.py:208} INFO - Processing /opt/airflow/dags/portfolio.py took 0.066 seconds
[2025-01-19T00:05:20.485+0000] {processor.py:186} INFO - Started process (PID=926) to work on /opt/airflow/dags/portfolio.py
[2025-01-19T00:05:20.486+0000] {processor.py:914} INFO - Processing file /opt/airflow/dags/portfolio.py for tasks to queue
[2025-01-19T00:05:20.487+0000] {logging_mixin.py:190} INFO - [2025-01-19T00:05:20.487+0000] {dagbag.py:588} INFO - Filling up the DagBag from /opt/airflow/dags/portfolio.py
[2025-01-19T00:05:20.493+0000] {processor.py:925} INFO - DAG(s) 'generate_portfolio' retrieved from /opt/airflow/dags/portfolio.py
[2025-01-19T00:05:20.508+0000] {logging_mixin.py:190} INFO - [2025-01-19T00:05:20.508+0000] {dag.py:3239} INFO - Sync 1 DAGs
[2025-01-19T00:05:20.516+0000] {logging_mixin.py:190} INFO - [2025-01-19T00:05:20.516+0000] {dag.py:4180} INFO - Setting next_dagrun for generate_portfolio to None, run_after=None
[2025-01-19T00:05:20.526+0000] {processor.py:208} INFO - Processing /opt/airflow/dags/portfolio.py took 0.044 seconds
[2025-01-19T00:05:50.868+0000] {processor.py:186} INFO - Started process (PID=933) to work on /opt/airflow/dags/portfolio.py
[2025-01-19T00:05:50.869+0000] {processor.py:914} INFO - Processing file /opt/airflow/dags/portfolio.py for tasks to queue
[2025-01-19T00:05:50.872+0000] {logging_mixin.py:190} INFO - [2025-01-19T00:05:50.871+0000] {dagbag.py:588} INFO - Filling up the DagBag from /opt/airflow/dags/portfolio.py
[2025-01-19T00:05:50.879+0000] {processor.py:925} INFO - DAG(s) 'generate_portfolio' retrieved from /opt/airflow/dags/portfolio.py
[2025-01-19T00:05:50.906+0000] {logging_mixin.py:190} INFO - [2025-01-19T00:05:50.906+0000] {dag.py:3239} INFO - Sync 1 DAGs
[2025-01-19T00:05:50.917+0000] {logging_mixin.py:190} INFO - [2025-01-19T00:05:50.917+0000] {dag.py:4180} INFO - Setting next_dagrun for generate_portfolio to None, run_after=None
[2025-01-19T00:05:50.928+0000] {processor.py:208} INFO - Processing /opt/airflow/dags/portfolio.py took 0.066 seconds
[2025-01-19T00:06:21.197+0000] {processor.py:186} INFO - Started process (PID=940) to work on /opt/airflow/dags/portfolio.py
[2025-01-19T00:06:21.197+0000] {processor.py:914} INFO - Processing file /opt/airflow/dags/portfolio.py for tasks to queue
[2025-01-19T00:06:21.199+0000] {logging_mixin.py:190} INFO - [2025-01-19T00:06:21.199+0000] {dagbag.py:588} INFO - Filling up the DagBag from /opt/airflow/dags/portfolio.py
[2025-01-19T00:06:21.205+0000] {processor.py:925} INFO - DAG(s) 'generate_portfolio' retrieved from /opt/airflow/dags/portfolio.py
[2025-01-19T00:06:21.220+0000] {logging_mixin.py:190} INFO - [2025-01-19T00:06:21.220+0000] {dag.py:3239} INFO - Sync 1 DAGs
[2025-01-19T00:06:21.228+0000] {logging_mixin.py:190} INFO - [2025-01-19T00:06:21.228+0000] {dag.py:4180} INFO - Setting next_dagrun for generate_portfolio to None, run_after=None
[2025-01-19T00:06:21.238+0000] {processor.py:208} INFO - Processing /opt/airflow/dags/portfolio.py took 0.044 seconds
[2025-01-19T00:06:51.542+0000] {processor.py:186} INFO - Started process (PID=947) to work on /opt/airflow/dags/portfolio.py
[2025-01-19T00:06:51.543+0000] {processor.py:914} INFO - Processing file /opt/airflow/dags/portfolio.py for tasks to queue
[2025-01-19T00:06:51.547+0000] {logging_mixin.py:190} INFO - [2025-01-19T00:06:51.547+0000] {dagbag.py:588} INFO - Filling up the DagBag from /opt/airflow/dags/portfolio.py
[2025-01-19T00:06:51.555+0000] {processor.py:925} INFO - DAG(s) 'generate_portfolio' retrieved from /opt/airflow/dags/portfolio.py
[2025-01-19T00:06:51.572+0000] {logging_mixin.py:190} INFO - [2025-01-19T00:06:51.571+0000] {dag.py:3239} INFO - Sync 1 DAGs
[2025-01-19T00:06:51.580+0000] {logging_mixin.py:190} INFO - [2025-01-19T00:06:51.579+0000] {dag.py:4180} INFO - Setting next_dagrun for generate_portfolio to None, run_after=None
[2025-01-19T00:06:51.588+0000] {processor.py:208} INFO - Processing /opt/airflow/dags/portfolio.py took 0.054 seconds
[2025-01-19T00:07:21.864+0000] {processor.py:186} INFO - Started process (PID=954) to work on /opt/airflow/dags/portfolio.py
[2025-01-19T00:07:21.865+0000] {processor.py:914} INFO - Processing file /opt/airflow/dags/portfolio.py for tasks to queue
[2025-01-19T00:07:21.868+0000] {logging_mixin.py:190} INFO - [2025-01-19T00:07:21.868+0000] {dagbag.py:588} INFO - Filling up the DagBag from /opt/airflow/dags/portfolio.py
[2025-01-19T00:07:21.877+0000] {processor.py:925} INFO - DAG(s) 'generate_portfolio' retrieved from /opt/airflow/dags/portfolio.py
[2025-01-19T00:07:21.898+0000] {logging_mixin.py:190} INFO - [2025-01-19T00:07:21.897+0000] {dag.py:3239} INFO - Sync 1 DAGs
[2025-01-19T00:07:21.906+0000] {logging_mixin.py:190} INFO - [2025-01-19T00:07:21.906+0000] {dag.py:4180} INFO - Setting next_dagrun for generate_portfolio to None, run_after=None
[2025-01-19T00:07:21.916+0000] {processor.py:208} INFO - Processing /opt/airflow/dags/portfolio.py took 0.060 seconds
[2025-01-19T00:07:52.208+0000] {processor.py:186} INFO - Started process (PID=961) to work on /opt/airflow/dags/portfolio.py
[2025-01-19T00:07:52.210+0000] {processor.py:914} INFO - Processing file /opt/airflow/dags/portfolio.py for tasks to queue
[2025-01-19T00:07:52.213+0000] {logging_mixin.py:190} INFO - [2025-01-19T00:07:52.212+0000] {dagbag.py:588} INFO - Filling up the DagBag from /opt/airflow/dags/portfolio.py
[2025-01-19T00:07:52.222+0000] {processor.py:925} INFO - DAG(s) 'generate_portfolio' retrieved from /opt/airflow/dags/portfolio.py
[2025-01-19T00:07:52.244+0000] {logging_mixin.py:190} INFO - [2025-01-19T00:07:52.244+0000] {dag.py:3239} INFO - Sync 1 DAGs
[2025-01-19T00:07:52.252+0000] {logging_mixin.py:190} INFO - [2025-01-19T00:07:52.252+0000] {dag.py:4180} INFO - Setting next_dagrun for generate_portfolio to None, run_after=None
[2025-01-19T00:07:52.262+0000] {processor.py:208} INFO - Processing /opt/airflow/dags/portfolio.py took 0.061 seconds
[2025-01-19T00:08:22.477+0000] {processor.py:186} INFO - Started process (PID=968) to work on /opt/airflow/dags/portfolio.py
[2025-01-19T00:08:22.478+0000] {processor.py:914} INFO - Processing file /opt/airflow/dags/portfolio.py for tasks to queue
[2025-01-19T00:08:22.480+0000] {logging_mixin.py:190} INFO - [2025-01-19T00:08:22.480+0000] {dagbag.py:588} INFO - Filling up the DagBag from /opt/airflow/dags/portfolio.py
[2025-01-19T00:08:22.488+0000] {processor.py:925} INFO - DAG(s) 'generate_portfolio' retrieved from /opt/airflow/dags/portfolio.py
[2025-01-19T00:08:22.507+0000] {logging_mixin.py:190} INFO - [2025-01-19T00:08:22.507+0000] {dag.py:3239} INFO - Sync 1 DAGs
[2025-01-19T00:08:22.517+0000] {logging_mixin.py:190} INFO - [2025-01-19T00:08:22.516+0000] {dag.py:4180} INFO - Setting next_dagrun for generate_portfolio to None, run_after=None
[2025-01-19T00:08:22.529+0000] {processor.py:208} INFO - Processing /opt/airflow/dags/portfolio.py took 0.057 seconds
[2025-01-19T00:08:52.816+0000] {processor.py:186} INFO - Started process (PID=975) to work on /opt/airflow/dags/portfolio.py
[2025-01-19T00:08:52.817+0000] {processor.py:914} INFO - Processing file /opt/airflow/dags/portfolio.py for tasks to queue
[2025-01-19T00:08:52.820+0000] {logging_mixin.py:190} INFO - [2025-01-19T00:08:52.819+0000] {dagbag.py:588} INFO - Filling up the DagBag from /opt/airflow/dags/portfolio.py
[2025-01-19T00:08:52.830+0000] {processor.py:925} INFO - DAG(s) 'generate_portfolio' retrieved from /opt/airflow/dags/portfolio.py
[2025-01-19T00:08:52.856+0000] {logging_mixin.py:190} INFO - [2025-01-19T00:08:52.855+0000] {dag.py:3239} INFO - Sync 1 DAGs
[2025-01-19T00:08:52.864+0000] {logging_mixin.py:190} INFO - [2025-01-19T00:08:52.864+0000] {dag.py:4180} INFO - Setting next_dagrun for generate_portfolio to None, run_after=None
[2025-01-19T00:08:52.875+0000] {processor.py:208} INFO - Processing /opt/airflow/dags/portfolio.py took 0.066 seconds
[2025-01-19T00:09:23.183+0000] {processor.py:186} INFO - Started process (PID=987) to work on /opt/airflow/dags/portfolio.py
[2025-01-19T00:09:23.184+0000] {processor.py:914} INFO - Processing file /opt/airflow/dags/portfolio.py for tasks to queue
[2025-01-19T00:09:23.186+0000] {logging_mixin.py:190} INFO - [2025-01-19T00:09:23.186+0000] {dagbag.py:588} INFO - Filling up the DagBag from /opt/airflow/dags/portfolio.py
[2025-01-19T00:09:23.194+0000] {processor.py:925} INFO - DAG(s) 'generate_portfolio' retrieved from /opt/airflow/dags/portfolio.py
[2025-01-19T00:09:23.213+0000] {logging_mixin.py:190} INFO - [2025-01-19T00:09:23.212+0000] {dag.py:3239} INFO - Sync 1 DAGs
[2025-01-19T00:09:23.221+0000] {logging_mixin.py:190} INFO - [2025-01-19T00:09:23.221+0000] {dag.py:4180} INFO - Setting next_dagrun for generate_portfolio to None, run_after=None
[2025-01-19T00:09:23.232+0000] {processor.py:208} INFO - Processing /opt/airflow/dags/portfolio.py took 0.054 seconds
[2025-01-19T00:09:53.498+0000] {processor.py:186} INFO - Started process (PID=994) to work on /opt/airflow/dags/portfolio.py
[2025-01-19T00:09:53.499+0000] {processor.py:914} INFO - Processing file /opt/airflow/dags/portfolio.py for tasks to queue
[2025-01-19T00:09:53.503+0000] {logging_mixin.py:190} INFO - [2025-01-19T00:09:53.503+0000] {dagbag.py:588} INFO - Filling up the DagBag from /opt/airflow/dags/portfolio.py
[2025-01-19T00:09:53.512+0000] {processor.py:925} INFO - DAG(s) 'generate_portfolio' retrieved from /opt/airflow/dags/portfolio.py
[2025-01-19T00:09:53.538+0000] {logging_mixin.py:190} INFO - [2025-01-19T00:09:53.538+0000] {dag.py:3239} INFO - Sync 1 DAGs
[2025-01-19T00:09:53.549+0000] {logging_mixin.py:190} INFO - [2025-01-19T00:09:53.549+0000] {dag.py:4180} INFO - Setting next_dagrun for generate_portfolio to None, run_after=None
[2025-01-19T00:09:53.560+0000] {processor.py:208} INFO - Processing /opt/airflow/dags/portfolio.py took 0.069 seconds
[2025-01-19T00:10:23.870+0000] {processor.py:186} INFO - Started process (PID=1001) to work on /opt/airflow/dags/portfolio.py
[2025-01-19T00:10:23.870+0000] {processor.py:914} INFO - Processing file /opt/airflow/dags/portfolio.py for tasks to queue
[2025-01-19T00:10:23.872+0000] {logging_mixin.py:190} INFO - [2025-01-19T00:10:23.872+0000] {dagbag.py:588} INFO - Filling up the DagBag from /opt/airflow/dags/portfolio.py
[2025-01-19T00:10:23.877+0000] {processor.py:925} INFO - DAG(s) 'generate_portfolio' retrieved from /opt/airflow/dags/portfolio.py
[2025-01-19T00:10:23.892+0000] {logging_mixin.py:190} INFO - [2025-01-19T00:10:23.892+0000] {dag.py:3239} INFO - Sync 1 DAGs
[2025-01-19T00:10:23.899+0000] {logging_mixin.py:190} INFO - [2025-01-19T00:10:23.899+0000] {dag.py:4180} INFO - Setting next_dagrun for generate_portfolio to None, run_after=None
[2025-01-19T00:10:23.910+0000] {processor.py:208} INFO - Processing /opt/airflow/dags/portfolio.py took 0.045 seconds
[2025-01-19T00:10:54.190+0000] {processor.py:186} INFO - Started process (PID=1008) to work on /opt/airflow/dags/portfolio.py
[2025-01-19T00:10:54.190+0000] {processor.py:914} INFO - Processing file /opt/airflow/dags/portfolio.py for tasks to queue
[2025-01-19T00:10:54.192+0000] {logging_mixin.py:190} INFO - [2025-01-19T00:10:54.192+0000] {dagbag.py:588} INFO - Filling up the DagBag from /opt/airflow/dags/portfolio.py
[2025-01-19T00:10:54.197+0000] {processor.py:925} INFO - DAG(s) 'generate_portfolio' retrieved from /opt/airflow/dags/portfolio.py
[2025-01-19T00:10:54.212+0000] {logging_mixin.py:190} INFO - [2025-01-19T00:10:54.212+0000] {dag.py:3239} INFO - Sync 1 DAGs
[2025-01-19T00:10:54.220+0000] {logging_mixin.py:190} INFO - [2025-01-19T00:10:54.220+0000] {dag.py:4180} INFO - Setting next_dagrun for generate_portfolio to None, run_after=None
[2025-01-19T00:10:54.229+0000] {processor.py:208} INFO - Processing /opt/airflow/dags/portfolio.py took 0.043 seconds
[2025-01-19T00:11:24.558+0000] {processor.py:186} INFO - Started process (PID=1015) to work on /opt/airflow/dags/portfolio.py
[2025-01-19T00:11:24.558+0000] {processor.py:914} INFO - Processing file /opt/airflow/dags/portfolio.py for tasks to queue
[2025-01-19T00:11:24.560+0000] {logging_mixin.py:190} INFO - [2025-01-19T00:11:24.560+0000] {dagbag.py:588} INFO - Filling up the DagBag from /opt/airflow/dags/portfolio.py
[2025-01-19T00:11:24.567+0000] {processor.py:925} INFO - DAG(s) 'generate_portfolio' retrieved from /opt/airflow/dags/portfolio.py
[2025-01-19T00:11:24.584+0000] {logging_mixin.py:190} INFO - [2025-01-19T00:11:24.583+0000] {dag.py:3239} INFO - Sync 1 DAGs
[2025-01-19T00:11:24.591+0000] {logging_mixin.py:190} INFO - [2025-01-19T00:11:24.591+0000] {dag.py:4180} INFO - Setting next_dagrun for generate_portfolio to None, run_after=None
[2025-01-19T00:11:24.601+0000] {processor.py:208} INFO - Processing /opt/airflow/dags/portfolio.py took 0.049 seconds
[2025-01-19T00:11:54.950+0000] {processor.py:186} INFO - Started process (PID=1022) to work on /opt/airflow/dags/portfolio.py
[2025-01-19T00:11:54.951+0000] {processor.py:914} INFO - Processing file /opt/airflow/dags/portfolio.py for tasks to queue
[2025-01-19T00:11:54.954+0000] {logging_mixin.py:190} INFO - [2025-01-19T00:11:54.954+0000] {dagbag.py:588} INFO - Filling up the DagBag from /opt/airflow/dags/portfolio.py
[2025-01-19T00:11:54.964+0000] {processor.py:925} INFO - DAG(s) 'generate_portfolio' retrieved from /opt/airflow/dags/portfolio.py
[2025-01-19T00:11:54.989+0000] {logging_mixin.py:190} INFO - [2025-01-19T00:11:54.989+0000] {dag.py:3239} INFO - Sync 1 DAGs
[2025-01-19T00:11:54.996+0000] {logging_mixin.py:190} INFO - [2025-01-19T00:11:54.996+0000] {dag.py:4180} INFO - Setting next_dagrun for generate_portfolio to None, run_after=None
[2025-01-19T00:11:55.005+0000] {processor.py:208} INFO - Processing /opt/airflow/dags/portfolio.py took 0.062 seconds
[2025-01-19T00:12:25.312+0000] {processor.py:186} INFO - Started process (PID=1029) to work on /opt/airflow/dags/portfolio.py
[2025-01-19T00:12:25.313+0000] {processor.py:914} INFO - Processing file /opt/airflow/dags/portfolio.py for tasks to queue
[2025-01-19T00:12:25.315+0000] {logging_mixin.py:190} INFO - [2025-01-19T00:12:25.315+0000] {dagbag.py:588} INFO - Filling up the DagBag from /opt/airflow/dags/portfolio.py
[2025-01-19T00:12:25.324+0000] {processor.py:925} INFO - DAG(s) 'generate_portfolio' retrieved from /opt/airflow/dags/portfolio.py
[2025-01-19T00:12:25.345+0000] {logging_mixin.py:190} INFO - [2025-01-19T00:12:25.345+0000] {dag.py:3239} INFO - Sync 1 DAGs
[2025-01-19T00:12:25.355+0000] {logging_mixin.py:190} INFO - [2025-01-19T00:12:25.354+0000] {dag.py:4180} INFO - Setting next_dagrun for generate_portfolio to None, run_after=None
[2025-01-19T00:12:25.366+0000] {processor.py:208} INFO - Processing /opt/airflow/dags/portfolio.py took 0.059 seconds
[2025-01-19T00:12:55.669+0000] {processor.py:186} INFO - Started process (PID=1036) to work on /opt/airflow/dags/portfolio.py
[2025-01-19T00:12:55.670+0000] {processor.py:914} INFO - Processing file /opt/airflow/dags/portfolio.py for tasks to queue
[2025-01-19T00:12:55.673+0000] {logging_mixin.py:190} INFO - [2025-01-19T00:12:55.673+0000] {dagbag.py:588} INFO - Filling up the DagBag from /opt/airflow/dags/portfolio.py
[2025-01-19T00:12:55.683+0000] {processor.py:925} INFO - DAG(s) 'generate_portfolio' retrieved from /opt/airflow/dags/portfolio.py
[2025-01-19T00:12:55.707+0000] {logging_mixin.py:190} INFO - [2025-01-19T00:12:55.707+0000] {dag.py:3239} INFO - Sync 1 DAGs
[2025-01-19T00:12:55.714+0000] {logging_mixin.py:190} INFO - [2025-01-19T00:12:55.714+0000] {dag.py:4180} INFO - Setting next_dagrun for generate_portfolio to None, run_after=None
[2025-01-19T00:12:55.723+0000] {processor.py:208} INFO - Processing /opt/airflow/dags/portfolio.py took 0.062 seconds
[2025-01-19T00:13:26.020+0000] {processor.py:186} INFO - Started process (PID=1043) to work on /opt/airflow/dags/portfolio.py
[2025-01-19T00:13:26.021+0000] {processor.py:914} INFO - Processing file /opt/airflow/dags/portfolio.py for tasks to queue
[2025-01-19T00:13:26.023+0000] {logging_mixin.py:190} INFO - [2025-01-19T00:13:26.023+0000] {dagbag.py:588} INFO - Filling up the DagBag from /opt/airflow/dags/portfolio.py
[2025-01-19T00:13:26.033+0000] {processor.py:925} INFO - DAG(s) 'generate_portfolio' retrieved from /opt/airflow/dags/portfolio.py
[2025-01-19T00:13:26.054+0000] {logging_mixin.py:190} INFO - [2025-01-19T00:13:26.054+0000] {dag.py:3239} INFO - Sync 1 DAGs
[2025-01-19T00:13:26.064+0000] {logging_mixin.py:190} INFO - [2025-01-19T00:13:26.064+0000] {dag.py:4180} INFO - Setting next_dagrun for generate_portfolio to None, run_after=None
[2025-01-19T00:13:26.075+0000] {processor.py:208} INFO - Processing /opt/airflow/dags/portfolio.py took 0.061 seconds
[2025-01-19T00:13:56.378+0000] {processor.py:186} INFO - Started process (PID=1050) to work on /opt/airflow/dags/portfolio.py
[2025-01-19T00:13:56.379+0000] {processor.py:914} INFO - Processing file /opt/airflow/dags/portfolio.py for tasks to queue
[2025-01-19T00:13:56.382+0000] {logging_mixin.py:190} INFO - [2025-01-19T00:13:56.381+0000] {dagbag.py:588} INFO - Filling up the DagBag from /opt/airflow/dags/portfolio.py
[2025-01-19T00:13:56.392+0000] {processor.py:925} INFO - DAG(s) 'generate_portfolio' retrieved from /opt/airflow/dags/portfolio.py
[2025-01-19T00:13:56.417+0000] {logging_mixin.py:190} INFO - [2025-01-19T00:13:56.416+0000] {dag.py:3239} INFO - Sync 1 DAGs
[2025-01-19T00:13:56.426+0000] {logging_mixin.py:190} INFO - [2025-01-19T00:13:56.425+0000] {dag.py:4180} INFO - Setting next_dagrun for generate_portfolio to None, run_after=None
[2025-01-19T00:13:56.437+0000] {processor.py:208} INFO - Processing /opt/airflow/dags/portfolio.py took 0.066 seconds
[2025-01-19T00:14:26.696+0000] {processor.py:186} INFO - Started process (PID=1057) to work on /opt/airflow/dags/portfolio.py
[2025-01-19T00:14:26.696+0000] {processor.py:914} INFO - Processing file /opt/airflow/dags/portfolio.py for tasks to queue
[2025-01-19T00:14:26.699+0000] {logging_mixin.py:190} INFO - [2025-01-19T00:14:26.698+0000] {dagbag.py:588} INFO - Filling up the DagBag from /opt/airflow/dags/portfolio.py
[2025-01-19T00:14:26.705+0000] {processor.py:925} INFO - DAG(s) 'generate_portfolio' retrieved from /opt/airflow/dags/portfolio.py
[2025-01-19T00:14:26.725+0000] {logging_mixin.py:190} INFO - [2025-01-19T00:14:26.725+0000] {dag.py:3239} INFO - Sync 1 DAGs
[2025-01-19T00:14:26.735+0000] {logging_mixin.py:190} INFO - [2025-01-19T00:14:26.735+0000] {dag.py:4180} INFO - Setting next_dagrun for generate_portfolio to None, run_after=None
[2025-01-19T00:14:26.748+0000] {processor.py:208} INFO - Processing /opt/airflow/dags/portfolio.py took 0.057 seconds
[2025-01-19T00:14:57.054+0000] {processor.py:186} INFO - Started process (PID=1064) to work on /opt/airflow/dags/portfolio.py
[2025-01-19T00:14:57.055+0000] {processor.py:914} INFO - Processing file /opt/airflow/dags/portfolio.py for tasks to queue
[2025-01-19T00:14:57.058+0000] {logging_mixin.py:190} INFO - [2025-01-19T00:14:57.058+0000] {dagbag.py:588} INFO - Filling up the DagBag from /opt/airflow/dags/portfolio.py
[2025-01-19T00:14:57.067+0000] {processor.py:925} INFO - DAG(s) 'generate_portfolio' retrieved from /opt/airflow/dags/portfolio.py
[2025-01-19T00:14:57.092+0000] {logging_mixin.py:190} INFO - [2025-01-19T00:14:57.092+0000] {dag.py:3239} INFO - Sync 1 DAGs
[2025-01-19T00:14:57.102+0000] {logging_mixin.py:190} INFO - [2025-01-19T00:14:57.102+0000] {dag.py:4180} INFO - Setting next_dagrun for generate_portfolio to None, run_after=None
[2025-01-19T00:14:57.112+0000] {processor.py:208} INFO - Processing /opt/airflow/dags/portfolio.py took 0.067 seconds
[2025-01-19T00:15:27.381+0000] {processor.py:186} INFO - Started process (PID=1071) to work on /opt/airflow/dags/portfolio.py
[2025-01-19T00:15:27.382+0000] {processor.py:914} INFO - Processing file /opt/airflow/dags/portfolio.py for tasks to queue
[2025-01-19T00:15:27.384+0000] {logging_mixin.py:190} INFO - [2025-01-19T00:15:27.384+0000] {dagbag.py:588} INFO - Filling up the DagBag from /opt/airflow/dags/portfolio.py
[2025-01-19T00:15:27.391+0000] {processor.py:925} INFO - DAG(s) 'generate_portfolio' retrieved from /opt/airflow/dags/portfolio.py
[2025-01-19T00:15:27.410+0000] {logging_mixin.py:190} INFO - [2025-01-19T00:15:27.410+0000] {dag.py:3239} INFO - Sync 1 DAGs
[2025-01-19T00:15:27.420+0000] {logging_mixin.py:190} INFO - [2025-01-19T00:15:27.420+0000] {dag.py:4180} INFO - Setting next_dagrun for generate_portfolio to None, run_after=None
[2025-01-19T00:15:27.432+0000] {processor.py:208} INFO - Processing /opt/airflow/dags/portfolio.py took 0.061 seconds
[2025-01-19T00:15:57.745+0000] {processor.py:186} INFO - Started process (PID=1078) to work on /opt/airflow/dags/portfolio.py
[2025-01-19T00:15:57.746+0000] {processor.py:914} INFO - Processing file /opt/airflow/dags/portfolio.py for tasks to queue
[2025-01-19T00:15:57.748+0000] {logging_mixin.py:190} INFO - [2025-01-19T00:15:57.747+0000] {dagbag.py:588} INFO - Filling up the DagBag from /opt/airflow/dags/portfolio.py
[2025-01-19T00:15:57.755+0000] {processor.py:925} INFO - DAG(s) 'generate_portfolio' retrieved from /opt/airflow/dags/portfolio.py
[2025-01-19T00:15:57.776+0000] {logging_mixin.py:190} INFO - [2025-01-19T00:15:57.776+0000] {dag.py:3239} INFO - Sync 1 DAGs
[2025-01-19T00:15:57.785+0000] {logging_mixin.py:190} INFO - [2025-01-19T00:15:57.785+0000] {dag.py:4180} INFO - Setting next_dagrun for generate_portfolio to None, run_after=None
[2025-01-19T00:15:57.797+0000] {processor.py:208} INFO - Processing /opt/airflow/dags/portfolio.py took 0.056 seconds
[2025-01-19T00:16:28.089+0000] {processor.py:186} INFO - Started process (PID=1085) to work on /opt/airflow/dags/portfolio.py
[2025-01-19T00:16:28.091+0000] {processor.py:914} INFO - Processing file /opt/airflow/dags/portfolio.py for tasks to queue
[2025-01-19T00:16:28.094+0000] {logging_mixin.py:190} INFO - [2025-01-19T00:16:28.094+0000] {dagbag.py:588} INFO - Filling up the DagBag from /opt/airflow/dags/portfolio.py
[2025-01-19T00:16:28.105+0000] {processor.py:925} INFO - DAG(s) 'generate_portfolio' retrieved from /opt/airflow/dags/portfolio.py
[2025-01-19T00:16:28.128+0000] {logging_mixin.py:190} INFO - [2025-01-19T00:16:28.128+0000] {dag.py:3239} INFO - Sync 1 DAGs
[2025-01-19T00:16:28.137+0000] {logging_mixin.py:190} INFO - [2025-01-19T00:16:28.137+0000] {dag.py:4180} INFO - Setting next_dagrun for generate_portfolio to None, run_after=None
[2025-01-19T00:16:28.148+0000] {processor.py:208} INFO - Processing /opt/airflow/dags/portfolio.py took 0.066 seconds
[2025-01-19T00:16:58.439+0000] {processor.py:186} INFO - Started process (PID=1092) to work on /opt/airflow/dags/portfolio.py
[2025-01-19T00:16:58.440+0000] {processor.py:914} INFO - Processing file /opt/airflow/dags/portfolio.py for tasks to queue
[2025-01-19T00:16:58.444+0000] {logging_mixin.py:190} INFO - [2025-01-19T00:16:58.443+0000] {dagbag.py:588} INFO - Filling up the DagBag from /opt/airflow/dags/portfolio.py
[2025-01-19T00:16:58.450+0000] {processor.py:925} INFO - DAG(s) 'generate_portfolio' retrieved from /opt/airflow/dags/portfolio.py
[2025-01-19T00:16:58.466+0000] {logging_mixin.py:190} INFO - [2025-01-19T00:16:58.465+0000] {dag.py:3239} INFO - Sync 1 DAGs
[2025-01-19T00:16:58.473+0000] {logging_mixin.py:190} INFO - [2025-01-19T00:16:58.473+0000] {dag.py:4180} INFO - Setting next_dagrun for generate_portfolio to None, run_after=None
[2025-01-19T00:16:58.484+0000] {processor.py:208} INFO - Processing /opt/airflow/dags/portfolio.py took 0.053 seconds
[2025-01-19T00:17:28.729+0000] {processor.py:186} INFO - Started process (PID=1099) to work on /opt/airflow/dags/portfolio.py
[2025-01-19T00:17:28.730+0000] {processor.py:914} INFO - Processing file /opt/airflow/dags/portfolio.py for tasks to queue
[2025-01-19T00:17:28.731+0000] {logging_mixin.py:190} INFO - [2025-01-19T00:17:28.731+0000] {dagbag.py:588} INFO - Filling up the DagBag from /opt/airflow/dags/portfolio.py
[2025-01-19T00:17:28.739+0000] {processor.py:925} INFO - DAG(s) 'generate_portfolio' retrieved from /opt/airflow/dags/portfolio.py
[2025-01-19T00:17:28.757+0000] {logging_mixin.py:190} INFO - [2025-01-19T00:17:28.757+0000] {dag.py:3239} INFO - Sync 1 DAGs
[2025-01-19T00:17:28.766+0000] {logging_mixin.py:190} INFO - [2025-01-19T00:17:28.765+0000] {dag.py:4180} INFO - Setting next_dagrun for generate_portfolio to None, run_after=None
[2025-01-19T00:17:28.778+0000] {processor.py:208} INFO - Processing /opt/airflow/dags/portfolio.py took 0.054 seconds
[2025-01-19T00:17:59.065+0000] {processor.py:186} INFO - Started process (PID=1106) to work on /opt/airflow/dags/portfolio.py
[2025-01-19T00:17:59.066+0000] {processor.py:914} INFO - Processing file /opt/airflow/dags/portfolio.py for tasks to queue
[2025-01-19T00:17:59.070+0000] {logging_mixin.py:190} INFO - [2025-01-19T00:17:59.069+0000] {dagbag.py:588} INFO - Filling up the DagBag from /opt/airflow/dags/portfolio.py
[2025-01-19T00:17:59.078+0000] {processor.py:925} INFO - DAG(s) 'generate_portfolio' retrieved from /opt/airflow/dags/portfolio.py
[2025-01-19T00:17:59.099+0000] {logging_mixin.py:190} INFO - [2025-01-19T00:17:59.099+0000] {dag.py:3239} INFO - Sync 1 DAGs
[2025-01-19T00:17:59.106+0000] {logging_mixin.py:190} INFO - [2025-01-19T00:17:59.106+0000] {dag.py:4180} INFO - Setting next_dagrun for generate_portfolio to None, run_after=None
[2025-01-19T00:17:59.114+0000] {processor.py:208} INFO - Processing /opt/airflow/dags/portfolio.py took 0.056 seconds
[2025-01-19T00:18:29.372+0000] {processor.py:186} INFO - Started process (PID=1113) to work on /opt/airflow/dags/portfolio.py
[2025-01-19T00:18:29.373+0000] {processor.py:914} INFO - Processing file /opt/airflow/dags/portfolio.py for tasks to queue
[2025-01-19T00:18:29.374+0000] {logging_mixin.py:190} INFO - [2025-01-19T00:18:29.374+0000] {dagbag.py:588} INFO - Filling up the DagBag from /opt/airflow/dags/portfolio.py
[2025-01-19T00:18:29.379+0000] {processor.py:925} INFO - DAG(s) 'generate_portfolio' retrieved from /opt/airflow/dags/portfolio.py
[2025-01-19T00:18:29.393+0000] {logging_mixin.py:190} INFO - [2025-01-19T00:18:29.393+0000] {dag.py:3239} INFO - Sync 1 DAGs
[2025-01-19T00:18:29.401+0000] {logging_mixin.py:190} INFO - [2025-01-19T00:18:29.401+0000] {dag.py:4180} INFO - Setting next_dagrun for generate_portfolio to None, run_after=None
[2025-01-19T00:18:29.411+0000] {processor.py:208} INFO - Processing /opt/airflow/dags/portfolio.py took 0.042 seconds
[2025-01-19T00:18:59.760+0000] {processor.py:186} INFO - Started process (PID=1120) to work on /opt/airflow/dags/portfolio.py
[2025-01-19T00:18:59.761+0000] {processor.py:914} INFO - Processing file /opt/airflow/dags/portfolio.py for tasks to queue
[2025-01-19T00:18:59.765+0000] {logging_mixin.py:190} INFO - [2025-01-19T00:18:59.765+0000] {dagbag.py:588} INFO - Filling up the DagBag from /opt/airflow/dags/portfolio.py
[2025-01-19T00:18:59.776+0000] {processor.py:925} INFO - DAG(s) 'generate_portfolio' retrieved from /opt/airflow/dags/portfolio.py
[2025-01-19T00:18:59.803+0000] {logging_mixin.py:190} INFO - [2025-01-19T00:18:59.803+0000] {dag.py:3239} INFO - Sync 1 DAGs
[2025-01-19T00:18:59.810+0000] {logging_mixin.py:190} INFO - [2025-01-19T00:18:59.810+0000] {dag.py:4180} INFO - Setting next_dagrun for generate_portfolio to None, run_after=None
[2025-01-19T00:18:59.819+0000] {processor.py:208} INFO - Processing /opt/airflow/dags/portfolio.py took 0.067 seconds
[2025-01-19T00:19:30.125+0000] {processor.py:186} INFO - Started process (PID=1127) to work on /opt/airflow/dags/portfolio.py
[2025-01-19T00:19:30.126+0000] {processor.py:914} INFO - Processing file /opt/airflow/dags/portfolio.py for tasks to queue
[2025-01-19T00:19:30.127+0000] {logging_mixin.py:190} INFO - [2025-01-19T00:19:30.127+0000] {dagbag.py:588} INFO - Filling up the DagBag from /opt/airflow/dags/portfolio.py
[2025-01-19T00:19:30.133+0000] {processor.py:925} INFO - DAG(s) 'generate_portfolio' retrieved from /opt/airflow/dags/portfolio.py
[2025-01-19T00:19:30.154+0000] {logging_mixin.py:190} INFO - [2025-01-19T00:19:30.154+0000] {dag.py:3239} INFO - Sync 1 DAGs
[2025-01-19T00:19:30.163+0000] {logging_mixin.py:190} INFO - [2025-01-19T00:19:30.163+0000] {dag.py:4180} INFO - Setting next_dagrun for generate_portfolio to None, run_after=None
[2025-01-19T00:19:30.176+0000] {processor.py:208} INFO - Processing /opt/airflow/dags/portfolio.py took 0.056 seconds
[2025-01-19T00:20:00.540+0000] {processor.py:186} INFO - Started process (PID=1134) to work on /opt/airflow/dags/portfolio.py
[2025-01-19T00:20:00.541+0000] {processor.py:914} INFO - Processing file /opt/airflow/dags/portfolio.py for tasks to queue
[2025-01-19T00:20:00.543+0000] {logging_mixin.py:190} INFO - [2025-01-19T00:20:00.543+0000] {dagbag.py:588} INFO - Filling up the DagBag from /opt/airflow/dags/portfolio.py
[2025-01-19T00:20:00.549+0000] {processor.py:925} INFO - DAG(s) 'generate_portfolio' retrieved from /opt/airflow/dags/portfolio.py
[2025-01-19T00:20:00.567+0000] {logging_mixin.py:190} INFO - [2025-01-19T00:20:00.567+0000] {dag.py:3239} INFO - Sync 1 DAGs
[2025-01-19T00:20:00.575+0000] {logging_mixin.py:190} INFO - [2025-01-19T00:20:00.575+0000] {dag.py:4180} INFO - Setting next_dagrun for generate_portfolio to None, run_after=None
[2025-01-19T00:20:00.584+0000] {processor.py:208} INFO - Processing /opt/airflow/dags/portfolio.py took 0.048 seconds
[2025-01-19T00:20:30.898+0000] {processor.py:186} INFO - Started process (PID=1141) to work on /opt/airflow/dags/portfolio.py
[2025-01-19T00:20:30.899+0000] {processor.py:914} INFO - Processing file /opt/airflow/dags/portfolio.py for tasks to queue
[2025-01-19T00:20:30.901+0000] {logging_mixin.py:190} INFO - [2025-01-19T00:20:30.901+0000] {dagbag.py:588} INFO - Filling up the DagBag from /opt/airflow/dags/portfolio.py
[2025-01-19T00:20:30.911+0000] {processor.py:925} INFO - DAG(s) 'generate_portfolio' retrieved from /opt/airflow/dags/portfolio.py
[2025-01-19T00:20:30.934+0000] {logging_mixin.py:190} INFO - [2025-01-19T00:20:30.934+0000] {dag.py:3239} INFO - Sync 1 DAGs
[2025-01-19T00:20:30.943+0000] {logging_mixin.py:190} INFO - [2025-01-19T00:20:30.943+0000] {dag.py:4180} INFO - Setting next_dagrun for generate_portfolio to None, run_after=None
[2025-01-19T00:20:30.954+0000] {processor.py:208} INFO - Processing /opt/airflow/dags/portfolio.py took 0.062 seconds
